[ 2016-09-30T13:24:07+08:00 ] 127.0.0.1 /datadic/
INFO: [ app_init ] --START--
INFO: Run Behavior\BuildLiteBehavior [ RunTime:0.000000s ]
INFO: [ app_init ] --END-- [ RunTime:0.036002s ]
INFO: [ app_begin ] --START--
INFO: Run Behavior\ReadHtmlCacheBehavior [ RunTime:0.001000s ]
INFO: [ app_begin ] --END-- [ RunTime:0.001000s ]
SQL: SHOW COLUMNS FROM `sp_information_schema_tables` [ RunTime:0.0540s ]
SQL: SHOW COLUMNS FROM `sp_information_schema_columns` [ RunTime:0.0130s ]
INFO: [ view_parse ] --START--
INFO: [ template_filter ] --START--
INFO: Run Behavior\ContentReplaceBehavior [ RunTime:0.020002s ]
INFO: [ template_filter ] --END-- [ RunTime:0.021002s ]
NOTIC: [8] Undefined variable: headname D:\wamp\www\datadic\Application\Runtime\Cache\Home\2a94b8bda04ff446dcedd42276fc99ee.php 第 42 行.
INFO: Run Behavior\ParseTemplateBehavior [ RunTime:0.085005s ]
INFO: [ view_parse ] --END-- [ RunTime:0.085005s ]
INFO: [ view_filter ] --START--
INFO: Run Behavior\WriteHtmlCacheBehavior [ RunTime:0.013001s ]
INFO: [ view_filter ] --END-- [ RunTime:0.014001s ]
INFO: [ app_end ] --START--
INFO: Run Behavior\ShowPageTraceBehavior [ RunTime:0.001000s ]
INFO: [ app_end ] --END-- [ RunTime:0.001000s ]

[ 2016-09-30T13:24:14+08:00 ] 127.0.0.1 /datadic/index.php/Home/index/db_info/table_schema/iflashbuy.html
INFO: [ app_init ] --START--
INFO: Run Behavior\BuildLiteBehavior [ RunTime:0.000000s ]
INFO: [ app_init ] --END-- [ RunTime:0.001000s ]
INFO: [ app_begin ] --START--
INFO: Run Behavior\ReadHtmlCacheBehavior [ RunTime:0.000000s ]
INFO: [ app_begin ] --END-- [ RunTime:0.000000s ]
SQL: SHOW COLUMNS FROM `sp_information_schema_tables` [ RunTime:0.0010s ]
SQL: SHOW COLUMNS FROM `sp_information_schema_columns` [ RunTime:0.0010s ]
SQL: SELECT * FROM `sp_information_schema_tables` WHERE `table_schema` = 'iflashbuy' AND `display_sataus` = 1  [ RunTime:0.0810s ]
INFO: [ view_parse ] --START--
INFO: [ template_filter ] --START--
INFO: Run Behavior\ContentReplaceBehavior [ RunTime:0.004000s ]
INFO: [ template_filter ] --END-- [ RunTime:0.004000s ]
NOTIC: [8] Undefined index: aa D:\wamp\www\datadic\Application\Runtime\Cache\Home\cb4c36c05a0a6e791f19647e2267e464.php 第 87 行.
NOTIC: [8] Undefined index: aa D:\wamp\www\datadic\Application\Runtime\Cache\Home\cb4c36c05a0a6e791f19647e2267e464.php 第 87 行.
NOTIC: [8] Undefined index: aa D:\wamp\www\datadic\Application\Runtime\Cache\Home\cb4c36c05a0a6e791f19647e2267e464.php 第 87 行.
NOTIC: [8] Undefined index: aa D:\wamp\www\datadic\Application\Runtime\Cache\Home\cb4c36c05a0a6e791f19647e2267e464.php 第 87 行.
NOTIC: [8] Undefined index: aa D:\wamp\www\datadic\Application\Runtime\Cache\Home\cb4c36c05a0a6e791f19647e2267e464.php 第 87 行.
NOTIC: [8] Undefined index: aa D:\wamp\www\datadic\Application\Runtime\Cache\Home\cb4c36c05a0a6e791f19647e2267e464.php 第 87 行.
NOTIC: [8] Undefined index: aa D:\wamp\www\datadic\Application\Runtime\Cache\Home\cb4c36c05a0a6e791f19647e2267e464.php 第 87 行.
NOTIC: [8] Undefined index: aa D:\wamp\www\datadic\Application\Runtime\Cache\Home\cb4c36c05a0a6e791f19647e2267e464.php 第 87 行.
NOTIC: [8] Undefined index: aa D:\wamp\www\datadic\Application\Runtime\Cache\Home\cb4c36c05a0a6e791f19647e2267e464.php 第 87 行.
NOTIC: [8] Undefined index: aa D:\wamp\www\datadic\Application\Runtime\Cache\Home\cb4c36c05a0a6e791f19647e2267e464.php 第 87 行.
NOTIC: [8] Undefined index: aa D:\wamp\www\datadic\Application\Runtime\Cache\Home\cb4c36c05a0a6e791f19647e2267e464.php 第 87 行.
NOTIC: [8] Undefined index: aa D:\wamp\www\datadic\Application\Runtime\Cache\Home\cb4c36c05a0a6e791f19647e2267e464.php 第 87 行.
NOTIC: [8] Undefined index: aa D:\wamp\www\datadic\Application\Runtime\Cache\Home\cb4c36c05a0a6e791f19647e2267e464.php 第 87 行.
NOTIC: [8] Undefined index: aa D:\wamp\www\datadic\Application\Runtime\Cache\Home\cb4c36c05a0a6e791f19647e2267e464.php 第 87 行.
NOTIC: [8] Undefined index: aa D:\wamp\www\datadic\Application\Runtime\Cache\Home\cb4c36c05a0a6e791f19647e2267e464.php 第 87 行.
NOTIC: [8] Undefined index: aa D:\wamp\www\datadic\Application\Runtime\Cache\Home\cb4c36c05a0a6e791f19647e2267e464.php 第 87 行.
NOTIC: [8] Undefined index: aa D:\wamp\www\datadic\Application\Runtime\Cache\Home\cb4c36c05a0a6e791f19647e2267e464.php 第 87 行.
NOTIC: [8] Undefined index: aa D:\wamp\www\datadic\Application\Runtime\Cache\Home\cb4c36c05a0a6e791f19647e2267e464.php 第 87 行.
NOTIC: [8] Undefined index: aa D:\wamp\www\datadic\Application\Runtime\Cache\Home\cb4c36c05a0a6e791f19647e2267e464.php 第 87 行.
NOTIC: [8] Undefined index: aa D:\wamp\www\datadic\Application\Runtime\Cache\Home\cb4c36c05a0a6e791f19647e2267e464.php 第 87 行.
NOTIC: [8] Undefined index: aa D:\wamp\www\datadic\Application\Runtime\Cache\Home\cb4c36c05a0a6e791f19647e2267e464.php 第 87 行.
NOTIC: [8] Undefined index: aa D:\wamp\www\datadic\Application\Runtime\Cache\Home\cb4c36c05a0a6e791f19647e2267e464.php 第 87 行.
NOTIC: [8] Undefined index: aa D:\wamp\www\datadic\Application\Runtime\Cache\Home\cb4c36c05a0a6e791f19647e2267e464.php 第 87 行.
NOTIC: [8] Undefined index: aa D:\wamp\www\datadic\Application\Runtime\Cache\Home\cb4c36c05a0a6e791f19647e2267e464.php 第 87 行.
NOTIC: [8] Undefined index: aa D:\wamp\www\datadic\Application\Runtime\Cache\Home\cb4c36c05a0a6e791f19647e2267e464.php 第 87 行.
NOTIC: [8] Undefined index: aa D:\wamp\www\datadic\Application\Runtime\Cache\Home\cb4c36c05a0a6e791f19647e2267e464.php 第 87 行.
NOTIC: [8] Undefined index: aa D:\wamp\www\datadic\Application\Runtime\Cache\Home\cb4c36c05a0a6e791f19647e2267e464.php 第 87 行.
NOTIC: [8] Undefined index: aa D:\wamp\www\datadic\Application\Runtime\Cache\Home\cb4c36c05a0a6e791f19647e2267e464.php 第 87 行.
NOTIC: [8] Undefined index: aa D:\wamp\www\datadic\Application\Runtime\Cache\Home\cb4c36c05a0a6e791f19647e2267e464.php 第 87 行.
NOTIC: [8] Undefined index: aa D:\wamp\www\datadic\Application\Runtime\Cache\Home\cb4c36c05a0a6e791f19647e2267e464.php 第 87 行.
NOTIC: [8] Undefined index: aa D:\wamp\www\datadic\Application\Runtime\Cache\Home\cb4c36c05a0a6e791f19647e2267e464.php 第 87 行.
NOTIC: [8] Undefined index: aa D:\wamp\www\datadic\Application\Runtime\Cache\Home\cb4c36c05a0a6e791f19647e2267e464.php 第 87 行.
NOTIC: [8] Undefined index: aa D:\wamp\www\datadic\Application\Runtime\Cache\Home\cb4c36c05a0a6e791f19647e2267e464.php 第 87 行.
NOTIC: [8] Undefined index: aa D:\wamp\www\datadic\Application\Runtime\Cache\Home\cb4c36c05a0a6e791f19647e2267e464.php 第 87 行.
NOTIC: [8] Undefined index: aa D:\wamp\www\datadic\Application\Runtime\Cache\Home\cb4c36c05a0a6e791f19647e2267e464.php 第 87 行.
NOTIC: [8] Undefined index: aa D:\wamp\www\datadic\Application\Runtime\Cache\Home\cb4c36c05a0a6e791f19647e2267e464.php 第 87 行.
NOTIC: [8] Undefined index: aa D:\wamp\www\datadic\Application\Runtime\Cache\Home\cb4c36c05a0a6e791f19647e2267e464.php 第 87 行.
NOTIC: [8] Undefined index: aa D:\wamp\www\datadic\Application\Runtime\Cache\Home\cb4c36c05a0a6e791f19647e2267e464.php 第 87 行.
NOTIC: [8] Undefined index: aa D:\wamp\www\datadic\Application\Runtime\Cache\Home\cb4c36c05a0a6e791f19647e2267e464.php 第 87 行.
NOTIC: [8] Undefined index: aa D:\wamp\www\datadic\Application\Runtime\Cache\Home\cb4c36c05a0a6e791f19647e2267e464.php 第 87 行.
NOTIC: [8] Undefined index: aa D:\wamp\www\datadic\Application\Runtime\Cache\Home\cb4c36c05a0a6e791f19647e2267e464.php 第 87 行.
NOTIC: [8] Undefined index: aa D:\wamp\www\datadic\Application\Runtime\Cache\Home\cb4c36c05a0a6e791f19647e2267e464.php 第 87 行.
NOTIC: [8] Undefined index: aa D:\wamp\www\datadic\Application\Runtime\Cache\Home\cb4c36c05a0a6e791f19647e2267e464.php 第 87 行.
NOTIC: [8] Undefined index: aa D:\wamp\www\datadic\Application\Runtime\Cache\Home\cb4c36c05a0a6e791f19647e2267e464.php 第 87 行.
NOTIC: [8] Undefined index: aa D:\wamp\www\datadic\Application\Runtime\Cache\Home\cb4c36c05a0a6e791f19647e2267e464.php 第 87 行.
NOTIC: [8] Undefined index: aa D:\wamp\www\datadic\Application\Runtime\Cache\Home\cb4c36c05a0a6e791f19647e2267e464.php 第 87 行.
NOTIC: [8] Undefined index: aa D:\wamp\www\datadic\Application\Runtime\Cache\Home\cb4c36c05a0a6e791f19647e2267e464.php 第 87 行.
NOTIC: [8] Undefined index: aa D:\wamp\www\datadic\Application\Runtime\Cache\Home\cb4c36c05a0a6e791f19647e2267e464.php 第 87 行.
NOTIC: [8] Undefined index: aa D:\wamp\www\datadic\Application\Runtime\Cache\Home\cb4c36c05a0a6e791f19647e2267e464.php 第 87 行.
NOTIC: [8] Undefined index: aa D:\wamp\www\datadic\Application\Runtime\Cache\Home\cb4c36c05a0a6e791f19647e2267e464.php 第 87 行.
NOTIC: [8] Undefined index: aa D:\wamp\www\datadic\Application\Runtime\Cache\Home\cb4c36c05a0a6e791f19647e2267e464.php 第 87 行.
NOTIC: [8] Undefined index: aa D:\wamp\www\datadic\Application\Runtime\Cache\Home\cb4c36c05a0a6e791f19647e2267e464.php 第 87 行.
NOTIC: [8] Undefined index: aa D:\wamp\www\datadic\Application\Runtime\Cache\Home\cb4c36c05a0a6e791f19647e2267e464.php 第 87 行.
NOTIC: [8] Undefined index: aa D:\wamp\www\datadic\Application\Runtime\Cache\Home\cb4c36c05a0a6e791f19647e2267e464.php 第 87 行.
NOTIC: [8] Undefined index: aa D:\wamp\www\datadic\Application\Runtime\Cache\Home\cb4c36c05a0a6e791f19647e2267e464.php 第 87 行.
NOTIC: [8] Undefined index: aa D:\wamp\www\datadic\Application\Runtime\Cache\Home\cb4c36c05a0a6e791f19647e2267e464.php 第 87 行.
NOTIC: [8] Undefined index: aa D:\wamp\www\datadic\Application\Runtime\Cache\Home\cb4c36c05a0a6e791f19647e2267e464.php 第 87 行.
NOTIC: [8] Undefined index: aa D:\wamp\www\datadic\Application\Runtime\Cache\Home\cb4c36c05a0a6e791f19647e2267e464.php 第 87 行.
NOTIC: [8] Undefined index: aa D:\wamp\www\datadic\Application\Runtime\Cache\Home\cb4c36c05a0a6e791f19647e2267e464.php 第 87 行.
NOTIC: [8] Undefined index: aa D:\wamp\www\datadic\Application\Runtime\Cache\Home\cb4c36c05a0a6e791f19647e2267e464.php 第 87 行.
NOTIC: [8] Undefined index: aa D:\wamp\www\datadic\Application\Runtime\Cache\Home\cb4c36c05a0a6e791f19647e2267e464.php 第 87 行.
NOTIC: [8] Undefined index: aa D:\wamp\www\datadic\Application\Runtime\Cache\Home\cb4c36c05a0a6e791f19647e2267e464.php 第 87 行.
NOTIC: [8] Undefined index: aa D:\wamp\www\datadic\Application\Runtime\Cache\Home\cb4c36c05a0a6e791f19647e2267e464.php 第 87 行.
NOTIC: [8] Undefined index: aa D:\wamp\www\datadic\Application\Runtime\Cache\Home\cb4c36c05a0a6e791f19647e2267e464.php 第 87 行.
NOTIC: [8] Undefined index: aa D:\wamp\www\datadic\Application\Runtime\Cache\Home\cb4c36c05a0a6e791f19647e2267e464.php 第 87 行.
NOTIC: [8] Undefined index: aa D:\wamp\www\datadic\Application\Runtime\Cache\Home\cb4c36c05a0a6e791f19647e2267e464.php 第 87 行.
NOTIC: [8] Undefined index: aa D:\wamp\www\datadic\Application\Runtime\Cache\Home\cb4c36c05a0a6e791f19647e2267e464.php 第 87 行.
NOTIC: [8] Undefined index: aa D:\wamp\www\datadic\Application\Runtime\Cache\Home\cb4c36c05a0a6e791f19647e2267e464.php 第 87 行.
NOTIC: [8] Undefined index: aa D:\wamp\www\datadic\Application\Runtime\Cache\Home\cb4c36c05a0a6e791f19647e2267e464.php 第 87 行.
NOTIC: [8] Undefined index: aa D:\wamp\www\datadic\Application\Runtime\Cache\Home\cb4c36c05a0a6e791f19647e2267e464.php 第 87 行.
NOTIC: [8] Undefined index: aa D:\wamp\www\datadic\Application\Runtime\Cache\Home\cb4c36c05a0a6e791f19647e2267e464.php 第 87 行.
NOTIC: [8] Undefined index: aa D:\wamp\www\datadic\Application\Runtime\Cache\Home\cb4c36c05a0a6e791f19647e2267e464.php 第 87 行.
NOTIC: [8] Undefined index: aa D:\wamp\www\datadic\Application\Runtime\Cache\Home\cb4c36c05a0a6e791f19647e2267e464.php 第 87 行.
NOTIC: [8] Undefined index: aa D:\wamp\www\datadic\Application\Runtime\Cache\Home\cb4c36c05a0a6e791f19647e2267e464.php 第 87 行.
NOTIC: [8] Undefined index: aa D:\wamp\www\datadic\Application\Runtime\Cache\Home\cb4c36c05a0a6e791f19647e2267e464.php 第 87 行.
NOTIC: [8] Undefined index: aa D:\wamp\www\datadic\Application\Runtime\Cache\Home\cb4c36c05a0a6e791f19647e2267e464.php 第 87 行.
NOTIC: [8] Undefined index: aa D:\wamp\www\datadic\Application\Runtime\Cache\Home\cb4c36c05a0a6e791f19647e2267e464.php 第 87 行.
NOTIC: [8] Undefined index: aa D:\wamp\www\datadic\Application\Runtime\Cache\Home\cb4c36c05a0a6e791f19647e2267e464.php 第 87 行.
NOTIC: [8] Undefined index: aa D:\wamp\www\datadic\Application\Runtime\Cache\Home\cb4c36c05a0a6e791f19647e2267e464.php 第 87 行.
NOTIC: [8] Undefined index: aa D:\wamp\www\datadic\Application\Runtime\Cache\Home\cb4c36c05a0a6e791f19647e2267e464.php 第 87 行.
NOTIC: [8] Undefined index: aa D:\wamp\www\datadic\Application\Runtime\Cache\Home\cb4c36c05a0a6e791f19647e2267e464.php 第 87 行.
NOTIC: [8] Undefined index: aa D:\wamp\www\datadic\Application\Runtime\Cache\Home\cb4c36c05a0a6e791f19647e2267e464.php 第 87 行.
NOTIC: [8] Undefined index: aa D:\wamp\www\datadic\Application\Runtime\Cache\Home\cb4c36c05a0a6e791f19647e2267e464.php 第 87 行.
NOTIC: [8] Undefined index: aa D:\wamp\www\datadic\Application\Runtime\Cache\Home\cb4c36c05a0a6e791f19647e2267e464.php 第 87 行.
NOTIC: [8] Undefined index: aa D:\wamp\www\datadic\Application\Runtime\Cache\Home\cb4c36c05a0a6e791f19647e2267e464.php 第 87 行.
NOTIC: [8] Undefined index: aa D:\wamp\www\datadic\Application\Runtime\Cache\Home\cb4c36c05a0a6e791f19647e2267e464.php 第 87 行.
NOTIC: [8] Undefined index: aa D:\wamp\www\datadic\Application\Runtime\Cache\Home\cb4c36c05a0a6e791f19647e2267e464.php 第 87 行.
NOTIC: [8] Undefined index: aa D:\wamp\www\datadic\Application\Runtime\Cache\Home\cb4c36c05a0a6e791f19647e2267e464.php 第 87 行.
NOTIC: [8] Undefined index: aa D:\wamp\www\datadic\Application\Runtime\Cache\Home\cb4c36c05a0a6e791f19647e2267e464.php 第 87 行.
NOTIC: [8] Undefined index: aa D:\wamp\www\datadic\Application\Runtime\Cache\Home\cb4c36c05a0a6e791f19647e2267e464.php 第 87 行.
NOTIC: [8] Undefined index: aa D:\wamp\www\datadic\Application\Runtime\Cache\Home\cb4c36c05a0a6e791f19647e2267e464.php 第 87 行.
NOTIC: [8] Undefined index: aa D:\wamp\www\datadic\Application\Runtime\Cache\Home\cb4c36c05a0a6e791f19647e2267e464.php 第 87 行.
NOTIC: [8] Undefined index: aa D:\wamp\www\datadic\Application\Runtime\Cache\Home\cb4c36c05a0a6e791f19647e2267e464.php 第 87 行.
NOTIC: [8] Undefined index: aa D:\wamp\www\datadic\Application\Runtime\Cache\Home\cb4c36c05a0a6e791f19647e2267e464.php 第 87 行.
NOTIC: [8] Undefined index: aa D:\wamp\www\datadic\Application\Runtime\Cache\Home\cb4c36c05a0a6e791f19647e2267e464.php 第 87 行.
NOTIC: [8] Undefined index: aa D:\wamp\www\datadic\Application\Runtime\Cache\Home\cb4c36c05a0a6e791f19647e2267e464.php 第 87 行.
NOTIC: [8] Undefined index: aa D:\wamp\www\datadic\Application\Runtime\Cache\Home\cb4c36c05a0a6e791f19647e2267e464.php 第 87 行.
NOTIC: [8] Undefined index: aa D:\wamp\www\datadic\Application\Runtime\Cache\Home\cb4c36c05a0a6e791f19647e2267e464.php 第 87 行.
NOTIC: [8] Undefined index: aa D:\wamp\www\datadic\Application\Runtime\Cache\Home\cb4c36c05a0a6e791f19647e2267e464.php 第 87 行.
NOTIC: [8] Undefined index: aa D:\wamp\www\datadic\Application\Runtime\Cache\Home\cb4c36c05a0a6e791f19647e2267e464.php 第 87 行.
NOTIC: [8] Undefined index: aa D:\wamp\www\datadic\Application\Runtime\Cache\Home\cb4c36c05a0a6e791f19647e2267e464.php 第 87 行.
NOTIC: [8] Undefined index: aa D:\wamp\www\datadic\Application\Runtime\Cache\Home\cb4c36c05a0a6e791f19647e2267e464.php 第 87 行.
NOTIC: [8] Undefined index: aa D:\wamp\www\datadic\Application\Runtime\Cache\Home\cb4c36c05a0a6e791f19647e2267e464.php 第 87 行.
NOTIC: [8] Undefined index: aa D:\wamp\www\datadic\Application\Runtime\Cache\Home\cb4c36c05a0a6e791f19647e2267e464.php 第 87 行.
NOTIC: [8] Undefined index: aa D:\wamp\www\datadic\Application\Runtime\Cache\Home\cb4c36c05a0a6e791f19647e2267e464.php 第 87 行.
NOTIC: [8] Undefined index: aa D:\wamp\www\datadic\Application\Runtime\Cache\Home\cb4c36c05a0a6e791f19647e2267e464.php 第 87 行.
NOTIC: [8] Undefined index: aa D:\wamp\www\datadic\Application\Runtime\Cache\Home\cb4c36c05a0a6e791f19647e2267e464.php 第 87 行.
NOTIC: [8] Undefined index: aa D:\wamp\www\datadic\Application\Runtime\Cache\Home\cb4c36c05a0a6e791f19647e2267e464.php 第 87 行.
NOTIC: [8] Undefined index: aa D:\wamp\www\datadic\Application\Runtime\Cache\Home\cb4c36c05a0a6e791f19647e2267e464.php 第 87 行.
NOTIC: [8] Undefined index: aa D:\wamp\www\datadic\Application\Runtime\Cache\Home\cb4c36c05a0a6e791f19647e2267e464.php 第 87 行.
NOTIC: [8] Undefined index: aa D:\wamp\www\datadic\Application\Runtime\Cache\Home\cb4c36c05a0a6e791f19647e2267e464.php 第 87 行.
NOTIC: [8] Undefined index: aa D:\wamp\www\datadic\Application\Runtime\Cache\Home\cb4c36c05a0a6e791f19647e2267e464.php 第 87 行.
NOTIC: [8] Undefined index: aa D:\wamp\www\datadic\Application\Runtime\Cache\Home\cb4c36c05a0a6e791f19647e2267e464.php 第 87 行.
NOTIC: [8] Undefined index: aa D:\wamp\www\datadic\Application\Runtime\Cache\Home\cb4c36c05a0a6e791f19647e2267e464.php 第 87 行.
NOTIC: [8] Undefined index: aa D:\wamp\www\datadic\Application\Runtime\Cache\Home\cb4c36c05a0a6e791f19647e2267e464.php 第 87 行.
NOTIC: [8] Undefined index: aa D:\wamp\www\datadic\Application\Runtime\Cache\Home\cb4c36c05a0a6e791f19647e2267e464.php 第 87 行.
NOTIC: [8] Undefined index: aa D:\wamp\www\datadic\Application\Runtime\Cache\Home\cb4c36c05a0a6e791f19647e2267e464.php 第 87 行.
NOTIC: [8] Undefined index: aa D:\wamp\www\datadic\Application\Runtime\Cache\Home\cb4c36c05a0a6e791f19647e2267e464.php 第 87 行.
NOTIC: [8] Undefined index: aa D:\wamp\www\datadic\Application\Runtime\Cache\Home\cb4c36c05a0a6e791f19647e2267e464.php 第 87 行.
NOTIC: [8] Undefined index: aa D:\wamp\www\datadic\Application\Runtime\Cache\Home\cb4c36c05a0a6e791f19647e2267e464.php 第 87 行.
NOTIC: [8] Undefined index: aa D:\wamp\www\datadic\Application\Runtime\Cache\Home\cb4c36c05a0a6e791f19647e2267e464.php 第 87 行.
NOTIC: [8] Undefined index: aa D:\wamp\www\datadic\Application\Runtime\Cache\Home\cb4c36c05a0a6e791f19647e2267e464.php 第 87 行.
NOTIC: [8] Undefined index: aa D:\wamp\www\datadic\Application\Runtime\Cache\Home\cb4c36c05a0a6e791f19647e2267e464.php 第 87 行.
NOTIC: [8] Undefined index: aa D:\wamp\www\datadic\Application\Runtime\Cache\Home\cb4c36c05a0a6e791f19647e2267e464.php 第 87 行.
NOTIC: [8] Undefined index: aa D:\wamp\www\datadic\Application\Runtime\Cache\Home\cb4c36c05a0a6e791f19647e2267e464.php 第 87 行.
NOTIC: [8] Undefined index: aa D:\wamp\www\datadic\Application\Runtime\Cache\Home\cb4c36c05a0a6e791f19647e2267e464.php 第 87 行.
NOTIC: [8] Undefined index: aa D:\wamp\www\datadic\Application\Runtime\Cache\Home\cb4c36c05a0a6e791f19647e2267e464.php 第 87 行.
NOTIC: [8] Undefined index: aa D:\wamp\www\datadic\Application\Runtime\Cache\Home\cb4c36c05a0a6e791f19647e2267e464.php 第 87 行.
NOTIC: [8] Undefined index: aa D:\wamp\www\datadic\Application\Runtime\Cache\Home\cb4c36c05a0a6e791f19647e2267e464.php 第 87 行.
NOTIC: [8] Undefined index: aa D:\wamp\www\datadic\Application\Runtime\Cache\Home\cb4c36c05a0a6e791f19647e2267e464.php 第 87 行.
NOTIC: [8] Undefined index: aa D:\wamp\www\datadic\Application\Runtime\Cache\Home\cb4c36c05a0a6e791f19647e2267e464.php 第 87 行.
NOTIC: [8] Undefined index: aa D:\wamp\www\datadic\Application\Runtime\Cache\Home\cb4c36c05a0a6e791f19647e2267e464.php 第 87 行.
NOTIC: [8] Undefined index: aa D:\wamp\www\datadic\Application\Runtime\Cache\Home\cb4c36c05a0a6e791f19647e2267e464.php 第 87 行.
NOTIC: [8] Undefined index: aa D:\wamp\www\datadic\Application\Runtime\Cache\Home\cb4c36c05a0a6e791f19647e2267e464.php 第 87 行.
NOTIC: [8] Undefined index: aa D:\wamp\www\datadic\Application\Runtime\Cache\Home\cb4c36c05a0a6e791f19647e2267e464.php 第 87 行.
NOTIC: [8] Undefined index: aa D:\wamp\www\datadic\Application\Runtime\Cache\Home\cb4c36c05a0a6e791f19647e2267e464.php 第 87 行.
NOTIC: [8] Undefined index: aa D:\wamp\www\datadic\Application\Runtime\Cache\Home\cb4c36c05a0a6e791f19647e2267e464.php 第 87 行.
NOTIC: [8] Undefined index: aa D:\wamp\www\datadic\Application\Runtime\Cache\Home\cb4c36c05a0a6e791f19647e2267e464.php 第 87 行.
NOTIC: [8] Undefined index: aa D:\wamp\www\datadic\Application\Runtime\Cache\Home\cb4c36c05a0a6e791f19647e2267e464.php 第 87 行.
NOTIC: [8] Undefined index: aa D:\wamp\www\datadic\Application\Runtime\Cache\Home\cb4c36c05a0a6e791f19647e2267e464.php 第 87 行.
NOTIC: [8] Undefined index: aa D:\wamp\www\datadic\Application\Runtime\Cache\Home\cb4c36c05a0a6e791f19647e2267e464.php 第 87 行.
NOTIC: [8] Undefined index: aa D:\wamp\www\datadic\Application\Runtime\Cache\Home\cb4c36c05a0a6e791f19647e2267e464.php 第 87 行.
NOTIC: [8] Undefined index: aa D:\wamp\www\datadic\Application\Runtime\Cache\Home\cb4c36c05a0a6e791f19647e2267e464.php 第 87 行.
NOTIC: [8] Undefined index: aa D:\wamp\www\datadic\Application\Runtime\Cache\Home\cb4c36c05a0a6e791f19647e2267e464.php 第 87 行.
NOTIC: [8] Undefined index: aa D:\wamp\www\datadic\Application\Runtime\Cache\Home\cb4c36c05a0a6e791f19647e2267e464.php 第 87 行.
NOTIC: [8] Undefined index: aa D:\wamp\www\datadic\Application\Runtime\Cache\Home\cb4c36c05a0a6e791f19647e2267e464.php 第 87 行.
NOTIC: [8] Undefined index: aa D:\wamp\www\datadic\Application\Runtime\Cache\Home\cb4c36c05a0a6e791f19647e2267e464.php 第 87 行.
NOTIC: [8] Undefined index: aa D:\wamp\www\datadic\Application\Runtime\Cache\Home\cb4c36c05a0a6e791f19647e2267e464.php 第 87 行.
NOTIC: [8] Undefined index: aa D:\wamp\www\datadic\Application\Runtime\Cache\Home\cb4c36c05a0a6e791f19647e2267e464.php 第 87 行.
NOTIC: [8] Undefined index: aa D:\wamp\www\datadic\Application\Runtime\Cache\Home\cb4c36c05a0a6e791f19647e2267e464.php 第 87 行.
NOTIC: [8] Undefined index: aa D:\wamp\www\datadic\Application\Runtime\Cache\Home\cb4c36c05a0a6e791f19647e2267e464.php 第 87 行.
NOTIC: [8] Undefined index: aa D:\wamp\www\datadic\Application\Runtime\Cache\Home\cb4c36c05a0a6e791f19647e2267e464.php 第 87 行.
NOTIC: [8] Undefined index: aa D:\wamp\www\datadic\Application\Runtime\Cache\Home\cb4c36c05a0a6e791f19647e2267e464.php 第 87 行.
NOTIC: [8] Undefined index: aa D:\wamp\www\datadic\Application\Runtime\Cache\Home\cb4c36c05a0a6e791f19647e2267e464.php 第 87 行.
NOTIC: [8] Undefined index: aa D:\wamp\www\datadic\Application\Runtime\Cache\Home\cb4c36c05a0a6e791f19647e2267e464.php 第 87 行.
NOTIC: [8] Undefined index: aa D:\wamp\www\datadic\Application\Runtime\Cache\Home\cb4c36c05a0a6e791f19647e2267e464.php 第 87 行.
NOTIC: [8] Undefined index: aa D:\wamp\www\datadic\Application\Runtime\Cache\Home\cb4c36c05a0a6e791f19647e2267e464.php 第 87 行.
NOTIC: [8] Undefined index: aa D:\wamp\www\datadic\Application\Runtime\Cache\Home\cb4c36c05a0a6e791f19647e2267e464.php 第 87 行.
NOTIC: [8] Undefined index: aa D:\wamp\www\datadic\Application\Runtime\Cache\Home\cb4c36c05a0a6e791f19647e2267e464.php 第 87 行.
NOTIC: [8] Undefined index: aa D:\wamp\www\datadic\Application\Runtime\Cache\Home\cb4c36c05a0a6e791f19647e2267e464.php 第 87 行.
NOTIC: [8] Undefined index: aa D:\wamp\www\datadic\Application\Runtime\Cache\Home\cb4c36c05a0a6e791f19647e2267e464.php 第 87 行.
NOTIC: [8] Undefined index: aa D:\wamp\www\datadic\Application\Runtime\Cache\Home\cb4c36c05a0a6e791f19647e2267e464.php 第 87 行.
NOTIC: [8] Undefined index: aa D:\wamp\www\datadic\Application\Runtime\Cache\Home\cb4c36c05a0a6e791f19647e2267e464.php 第 87 行.
NOTIC: [8] Undefined index: aa D:\wamp\www\datadic\Application\Runtime\Cache\Home\cb4c36c05a0a6e791f19647e2267e464.php 第 87 行.
NOTIC: [8] Undefined index: aa D:\wamp\www\datadic\Application\Runtime\Cache\Home\cb4c36c05a0a6e791f19647e2267e464.php 第 87 行.
NOTIC: [8] Undefined index: aa D:\wamp\www\datadic\Application\Runtime\Cache\Home\cb4c36c05a0a6e791f19647e2267e464.php 第 87 行.
NOTIC: [8] Undefined index: aa D:\wamp\www\datadic\Application\Runtime\Cache\Home\cb4c36c05a0a6e791f19647e2267e464.php 第 87 行.
NOTIC: [8] Undefined index: aa D:\wamp\www\datadic\Application\Runtime\Cache\Home\cb4c36c05a0a6e791f19647e2267e464.php 第 87 行.
NOTIC: [8] Undefined index: aa D:\wamp\www\datadic\Application\Runtime\Cache\Home\cb4c36c05a0a6e791f19647e2267e464.php 第 87 行.
NOTIC: [8] Undefined index: aa D:\wamp\www\datadic\Application\Runtime\Cache\Home\cb4c36c05a0a6e791f19647e2267e464.php 第 87 行.
NOTIC: [8] Undefined index: aa D:\wamp\www\datadic\Application\Runtime\Cache\Home\cb4c36c05a0a6e791f19647e2267e464.php 第 87 行.
NOTIC: [8] Undefined index: aa D:\wamp\www\datadic\Application\Runtime\Cache\Home\cb4c36c05a0a6e791f19647e2267e464.php 第 87 行.
NOTIC: [8] Undefined index: aa D:\wamp\www\datadic\Application\Runtime\Cache\Home\cb4c36c05a0a6e791f19647e2267e464.php 第 87 行.
NOTIC: [8] Undefined index: aa D:\wamp\www\datadic\Application\Runtime\Cache\Home\cb4c36c05a0a6e791f19647e2267e464.php 第 87 行.
NOTIC: [8] Undefined index: aa D:\wamp\www\datadic\Application\Runtime\Cache\Home\cb4c36c05a0a6e791f19647e2267e464.php 第 87 行.
NOTIC: [8] Undefined index: aa D:\wamp\www\datadic\Application\Runtime\Cache\Home\cb4c36c05a0a6e791f19647e2267e464.php 第 87 行.
NOTIC: [8] Undefined index: aa D:\wamp\www\datadic\Application\Runtime\Cache\Home\cb4c36c05a0a6e791f19647e2267e464.php 第 87 行.
NOTIC: [8] Undefined index: aa D:\wamp\www\datadic\Application\Runtime\Cache\Home\cb4c36c05a0a6e791f19647e2267e464.php 第 87 行.
NOTIC: [8] Undefined index: aa D:\wamp\www\datadic\Application\Runtime\Cache\Home\cb4c36c05a0a6e791f19647e2267e464.php 第 87 行.
NOTIC: [8] Undefined index: aa D:\wamp\www\datadic\Application\Runtime\Cache\Home\cb4c36c05a0a6e791f19647e2267e464.php 第 87 行.
NOTIC: [8] Undefined index: aa D:\wamp\www\datadic\Application\Runtime\Cache\Home\cb4c36c05a0a6e791f19647e2267e464.php 第 87 行.
NOTIC: [8] Undefined index: aa D:\wamp\www\datadic\Application\Runtime\Cache\Home\cb4c36c05a0a6e791f19647e2267e464.php 第 87 行.
NOTIC: [8] Undefined index: aa D:\wamp\www\datadic\Application\Runtime\Cache\Home\cb4c36c05a0a6e791f19647e2267e464.php 第 87 行.
NOTIC: [8] Undefined index: aa D:\wamp\www\datadic\Application\Runtime\Cache\Home\cb4c36c05a0a6e791f19647e2267e464.php 第 87 行.
NOTIC: [8] Undefined index: aa D:\wamp\www\datadic\Application\Runtime\Cache\Home\cb4c36c05a0a6e791f19647e2267e464.php 第 87 行.
NOTIC: [8] Undefined index: aa D:\wamp\www\datadic\Application\Runtime\Cache\Home\cb4c36c05a0a6e791f19647e2267e464.php 第 87 行.
NOTIC: [8] Undefined index: aa D:\wamp\www\datadic\Application\Runtime\Cache\Home\cb4c36c05a0a6e791f19647e2267e464.php 第 87 行.
NOTIC: [8] Undefined index: aa D:\wamp\www\datadic\Application\Runtime\Cache\Home\cb4c36c05a0a6e791f19647e2267e464.php 第 87 行.
NOTIC: [8] Undefined index: aa D:\wamp\www\datadic\Application\Runtime\Cache\Home\cb4c36c05a0a6e791f19647e2267e464.php 第 87 行.
NOTIC: [8] Undefined index: aa D:\wamp\www\datadic\Application\Runtime\Cache\Home\cb4c36c05a0a6e791f19647e2267e464.php 第 87 行.
NOTIC: [8] Undefined index: aa D:\wamp\www\datadic\Application\Runtime\Cache\Home\cb4c36c05a0a6e791f19647e2267e464.php 第 87 行.
NOTIC: [8] Undefined index: aa D:\wamp\www\datadic\Application\Runtime\Cache\Home\cb4c36c05a0a6e791f19647e2267e464.php 第 87 行.
NOTIC: [8] Undefined index: aa D:\wamp\www\datadic\Application\Runtime\Cache\Home\cb4c36c05a0a6e791f19647e2267e464.php 第 87 行.
NOTIC: [8] Undefined index: aa D:\wamp\www\datadic\Application\Runtime\Cache\Home\cb4c36c05a0a6e791f19647e2267e464.php 第 87 行.
NOTIC: [8] Undefined index: aa D:\wamp\www\datadic\Application\Runtime\Cache\Home\cb4c36c05a0a6e791f19647e2267e464.php 第 87 行.
NOTIC: [8] Undefined index: aa D:\wamp\www\datadic\Application\Runtime\Cache\Home\cb4c36c05a0a6e791f19647e2267e464.php 第 87 行.
NOTIC: [8] Undefined index: aa D:\wamp\www\datadic\Application\Runtime\Cache\Home\cb4c36c05a0a6e791f19647e2267e464.php 第 87 行.
NOTIC: [8] Undefined index: aa D:\wamp\www\datadic\Application\Runtime\Cache\Home\cb4c36c05a0a6e791f19647e2267e464.php 第 87 行.
NOTIC: [8] Undefined index: aa D:\wamp\www\datadic\Application\Runtime\Cache\Home\cb4c36c05a0a6e791f19647e2267e464.php 第 87 行.
NOTIC: [8] Undefined index: aa D:\wamp\www\datadic\Application\Runtime\Cache\Home\cb4c36c05a0a6e791f19647e2267e464.php 第 87 行.
NOTIC: [8] Undefined index: aa D:\wamp\www\datadic\Application\Runtime\Cache\Home\cb4c36c05a0a6e791f19647e2267e464.php 第 87 行.
NOTIC: [8] Undefined index: aa D:\wamp\www\datadic\Application\Runtime\Cache\Home\cb4c36c05a0a6e791f19647e2267e464.php 第 87 行.
NOTIC: [8] Undefined index: aa D:\wamp\www\datadic\Application\Runtime\Cache\Home\cb4c36c05a0a6e791f19647e2267e464.php 第 87 行.
NOTIC: [8] Undefined index: aa D:\wamp\www\datadic\Application\Runtime\Cache\Home\cb4c36c05a0a6e791f19647e2267e464.php 第 87 行.
NOTIC: [8] Undefined index: aa D:\wamp\www\datadic\Application\Runtime\Cache\Home\cb4c36c05a0a6e791f19647e2267e464.php 第 87 行.
NOTIC: [8] Undefined index: aa D:\wamp\www\datadic\Application\Runtime\Cache\Home\cb4c36c05a0a6e791f19647e2267e464.php 第 87 行.
NOTIC: [8] Undefined index: aa D:\wamp\www\datadic\Application\Runtime\Cache\Home\cb4c36c05a0a6e791f19647e2267e464.php 第 87 行.
NOTIC: [8] Undefined index: aa D:\wamp\www\datadic\Application\Runtime\Cache\Home\cb4c36c05a0a6e791f19647e2267e464.php 第 87 行.
NOTIC: [8] Undefined index: aa D:\wamp\www\datadic\Application\Runtime\Cache\Home\cb4c36c05a0a6e791f19647e2267e464.php 第 87 行.
NOTIC: [8] Undefined index: aa D:\wamp\www\datadic\Application\Runtime\Cache\Home\cb4c36c05a0a6e791f19647e2267e464.php 第 87 行.
NOTIC: [8] Undefined index: aa D:\wamp\www\datadic\Application\Runtime\Cache\Home\cb4c36c05a0a6e791f19647e2267e464.php 第 87 行.
NOTIC: [8] Undefined index: aa D:\wamp\www\datadic\Application\Runtime\Cache\Home\cb4c36c05a0a6e791f19647e2267e464.php 第 87 行.
NOTIC: [8] Undefined index: aa D:\wamp\www\datadic\Application\Runtime\Cache\Home\cb4c36c05a0a6e791f19647e2267e464.php 第 87 行.
NOTIC: [8] Undefined index: aa D:\wamp\www\datadic\Application\Runtime\Cache\Home\cb4c36c05a0a6e791f19647e2267e464.php 第 87 行.
NOTIC: [8] Undefined index: aa D:\wamp\www\datadic\Application\Runtime\Cache\Home\cb4c36c05a0a6e791f19647e2267e464.php 第 87 行.
NOTIC: [8] Undefined index: aa D:\wamp\www\datadic\Application\Runtime\Cache\Home\cb4c36c05a0a6e791f19647e2267e464.php 第 87 行.
INFO: Run Behavior\ParseTemplateBehavior [ RunTime:0.116007s ]
INFO: [ view_parse ] --END-- [ RunTime:0.116007s ]
INFO: [ view_filter ] --START--
INFO: Run Behavior\WriteHtmlCacheBehavior [ RunTime:0.001000s ]
INFO: [ view_filter ] --END-- [ RunTime:0.001000s ]
INFO: [ app_end ] --START--
INFO: Run Behavior\ShowPageTraceBehavior [ RunTime:0.001000s ]
INFO: [ app_end ] --END-- [ RunTime:0.001000s ]

[ 2016-09-30T13:24:14+08:00 ] 127.0.0.1 /datadic/index.php/Home/index/db_info/table_schema/navbar-fixed-top.css
INFO: [ app_init ] --START--
INFO: Run Behavior\BuildLiteBehavior [ RunTime:0.000000s ]
INFO: [ app_init ] --END-- [ RunTime:0.001000s ]
INFO: [ app_begin ] --START--
INFO: Run Behavior\ReadHtmlCacheBehavior [ RunTime:0.001000s ]
INFO: [ app_begin ] --END-- [ RunTime:0.002000s ]
SQL: SHOW COLUMNS FROM `sp_information_schema_tables` [ RunTime:0.0010s ]
SQL: SHOW COLUMNS FROM `sp_information_schema_columns` [ RunTime:0.0000s ]
SQL: SELECT * FROM `sp_information_schema_tables` WHERE `table_schema` = 'navbar-fixed-top.css' AND `display_sataus` = 1  [ RunTime:0.0020s ]
INFO: [ view_parse ] --START--
INFO: [ template_filter ] --START--
INFO: Run Behavior\ContentReplaceBehavior [ RunTime:0.000000s ]
INFO: [ template_filter ] --END-- [ RunTime:0.000000s ]
INFO: Run Behavior\ParseTemplateBehavior [ RunTime:0.027002s ]
INFO: [ view_parse ] --END-- [ RunTime:0.027002s ]
INFO: [ view_filter ] --START--
INFO: Run Behavior\WriteHtmlCacheBehavior [ RunTime:0.001000s ]
INFO: [ view_filter ] --END-- [ RunTime:0.001000s ]
INFO: [ app_end ] --START--
INFO: Run Behavior\ShowPageTraceBehavior [ RunTime:0.000000s ]
INFO: [ app_end ] --END-- [ RunTime:0.001000s ]

[ 2016-09-30T13:24:14+08:00 ] 127.0.0.1 /datadic/index.php/Home/index/favicon.ico
INFO: [ app_init ] --START--
INFO: Run Behavior\BuildLiteBehavior [ RunTime:0.000000s ]
INFO: [ app_init ] --END-- [ RunTime:0.001000s ]

[ 2016-09-30T13:24:14+08:00 ] 127.0.0.1 /datadic/index.php/Home/index/assets/js/ie-emulation-modes-warning.js
INFO: [ app_init ] --START--
INFO: Run Behavior\BuildLiteBehavior [ RunTime:0.000000s ]
INFO: [ app_init ] --END-- [ RunTime:0.001000s ]
INFO: [ app_begin ] --START--
INFO: Run Behavior\ReadHtmlCacheBehavior [ RunTime:0.003000s ]
INFO: [ app_begin ] --END-- [ RunTime:0.003000s ]
SQL: SHOW COLUMNS FROM `sp_information_schema_tables` [ RunTime:0.0010s ]
SQL: SHOW COLUMNS FROM `sp_information_schema_columns` [ RunTime:0.0010s ]
ERR: 非法操作:assets

[ 2016-09-30T13:24:14+08:00 ] 127.0.0.1 /datadic/index.php/Home/index/assets/js/ie10-viewport-bug-workaround.js
INFO: [ app_init ] --START--
INFO: Run Behavior\BuildLiteBehavior [ RunTime:0.000000s ]
INFO: [ app_init ] --END-- [ RunTime:0.001000s ]
INFO: [ app_begin ] --START--
INFO: Run Behavior\ReadHtmlCacheBehavior [ RunTime:0.001000s ]
INFO: [ app_begin ] --END-- [ RunTime:0.002000s ]
SQL: SHOW COLUMNS FROM `sp_information_schema_tables` [ RunTime:0.0010s ]
SQL: SHOW COLUMNS FROM `sp_information_schema_columns` [ RunTime:0.0010s ]
ERR: 非法操作:assets

[ 2016-09-30T13:24:15+08:00 ] 127.0.0.1 /datadic/index.php/Home/index/favicon.ico
INFO: [ app_init ] --START--
INFO: Run Behavior\BuildLiteBehavior [ RunTime:0.000000s ]
INFO: [ app_init ] --END-- [ RunTime:0.001000s ]

[ 2016-09-30T13:24:17+08:00 ] 127.0.0.1 /datadic/index.php/Home/slow/index.html
INFO: [ app_init ] --START--
INFO: Run Behavior\BuildLiteBehavior [ RunTime:0.000000s ]
INFO: [ app_init ] --END-- [ RunTime:0.000000s ]
INFO: [ app_begin ] --START--
INFO: Run Behavior\ReadHtmlCacheBehavior [ RunTime:0.001000s ]
INFO: [ app_begin ] --END-- [ RunTime:0.001000s ]
SQL: SHOW COLUMNS FROM `sp_global_query_review` [ RunTime:0.0010s ]
SQL: SHOW COLUMNS FROM `sp_global_query_review_history` [ RunTime:0.0020s ]
SQL: SELECT `checksum`,`db_max`,`sample`,`ts_min`,`ts_max` FROM `sp_global_query_review_history` WHERE ( ts_max > '2016-09-29' and checksum not in ( 5255103209479346193,9308995099268723497 ) ) GROUP BY checksum  [ RunTime:0.5670s ]
INFO: [ view_parse ] --START--
INFO: [ template_filter ] --START--
INFO: Run Behavior\ContentReplaceBehavior [ RunTime:0.000000s ]
INFO: [ template_filter ] --END-- [ RunTime:0.000000s ]
NOTIC: [8] Undefined variable: headname D:\wamp\www\datadic\Application\Runtime\Cache\Home\de775912405cdc3c7c39aa56b6cd1580.php 第 42 行.
INFO: Run Behavior\ParseTemplateBehavior [ RunTime:0.038002s ]
INFO: [ view_parse ] --END-- [ RunTime:0.038002s ]
INFO: [ view_filter ] --START--
INFO: Run Behavior\WriteHtmlCacheBehavior [ RunTime:0.001000s ]
INFO: [ view_filter ] --END-- [ RunTime:0.001000s ]
INFO: [ app_end ] --START--
INFO: Run Behavior\ShowPageTraceBehavior [ RunTime:0.001000s ]
INFO: [ app_end ] --END-- [ RunTime:0.001000s ]

[ 2016-09-30T13:24:17+08:00 ] 127.0.0.1 /datadic/index.php/Home/slow/navbar-fixed-top.css
INFO: [ app_init ] --START--
INFO: Run Behavior\BuildLiteBehavior [ RunTime:0.000000s ]
INFO: [ app_init ] --END-- [ RunTime:0.001000s ]
INFO: [ app_begin ] --START--
INFO: Run Behavior\ReadHtmlCacheBehavior [ RunTime:0.001000s ]
INFO: [ app_begin ] --END-- [ RunTime:0.001000s ]
SQL: SHOW COLUMNS FROM `sp_global_query_review` [ RunTime:0.0060s ]
SQL: SHOW COLUMNS FROM `sp_global_query_review_history` [ RunTime:0.0010s ]
ERR: 非法操作:navbar-fixed-top.css

[ 2016-09-30T13:24:35+08:00 ] 127.0.0.1 /datadic/index.php
INFO: [ app_init ] --START--
INFO: Run Behavior\BuildLiteBehavior [ RunTime:0.000000s ]
INFO: [ app_init ] --END-- [ RunTime:0.001000s ]
INFO: [ app_begin ] --START--
INFO: Run Behavior\ReadHtmlCacheBehavior [ RunTime:0.000000s ]
INFO: [ app_begin ] --END-- [ RunTime:0.000000s ]
SQL: SHOW COLUMNS FROM `sp_information_schema_tables` [ RunTime:0.0000s ]
SQL: SHOW COLUMNS FROM `sp_information_schema_columns` [ RunTime:0.0010s ]
INFO: [ view_parse ] --START--
INFO: [ template_filter ] --START--
INFO: Run Behavior\ContentReplaceBehavior [ RunTime:0.000000s ]
INFO: [ template_filter ] --END-- [ RunTime:0.000000s ]
NOTIC: [8] Undefined variable: headname D:\wamp\www\datadic\Application\Runtime\Cache\Home\2a94b8bda04ff446dcedd42276fc99ee.php 第 42 行.
INFO: Run Behavior\ParseTemplateBehavior [ RunTime:0.010001s ]
INFO: [ view_parse ] --END-- [ RunTime:0.010001s ]
INFO: [ view_filter ] --START--
INFO: Run Behavior\WriteHtmlCacheBehavior [ RunTime:0.001000s ]
INFO: [ view_filter ] --END-- [ RunTime:0.002000s ]
INFO: [ app_end ] --START--
INFO: Run Behavior\ShowPageTraceBehavior [ RunTime:0.001000s ]
INFO: [ app_end ] --END-- [ RunTime:0.001000s ]

