[ 2016-04-01T08:58:27+08:00 ] 192.168.9.178 /datadic/index.php/Home/index/db_info/table_schema/iflashbuy.html
INFO: [ app_init ] --START--
INFO: Run Behavior\BuildLiteBehavior [ RunTime:0.000000s ]
INFO: [ app_init ] --END-- [ RunTime:0.002000s ]
INFO: [ app_begin ] --START--
INFO: Run Behavior\ReadHtmlCacheBehavior [ RunTime:0.002000s ]
INFO: [ app_begin ] --END-- [ RunTime:0.002000s ]
SQL: SHOW COLUMNS FROM `sp_information_schema_tables` [ RunTime:0.0530s ]
SQL: SHOW COLUMNS FROM `sp_information_schema_columns` [ RunTime:0.0570s ]
SQL: SELECT * FROM `sp_information_schema_tables` WHERE `table_schema` = 'iflashbuy'  [ RunTime:0.0120s ]
SQL: SHOW COLUMNS FROM `tables` [ RunTime:0.0010s ]
SQL: SELECT `TABLE_NAME`,`TABLE_COMMENT` FROM `tables` WHERE ( `table_schema` = 'iflashbuy' )  [ RunTime:0.0090s ]
INFO: [ view_parse ] --START--
INFO: [ template_filter ] --START--
INFO: Run Behavior\ContentReplaceBehavior [ RunTime:0.000000s ]
INFO: [ template_filter ] --END-- [ RunTime:0.001001s ]
NOTIC: [8] Undefined index: id D:\wamp\www\datadic\Application\Runtime\Cache\Home\cb4c36c05a0a6e791f19647e2267e464.php 第 76 行.
NOTIC: [8] Undefined index: id D:\wamp\www\datadic\Application\Runtime\Cache\Home\cb4c36c05a0a6e791f19647e2267e464.php 第 79 行.
NOTIC: [8] Undefined index: table_comment D:\wamp\www\datadic\Application\Runtime\Cache\Home\cb4c36c05a0a6e791f19647e2267e464.php 第 80 行.
NOTIC: [8] Undefined index: developer D:\wamp\www\datadic\Application\Runtime\Cache\Home\cb4c36c05a0a6e791f19647e2267e464.php 第 82 行.
NOTIC: [8] Undefined index: id D:\wamp\www\datadic\Application\Runtime\Cache\Home\cb4c36c05a0a6e791f19647e2267e464.php 第 76 行.
NOTIC: [8] Undefined index: id D:\wamp\www\datadic\Application\Runtime\Cache\Home\cb4c36c05a0a6e791f19647e2267e464.php 第 79 行.
NOTIC: [8] Undefined index: table_comment D:\wamp\www\datadic\Application\Runtime\Cache\Home\cb4c36c05a0a6e791f19647e2267e464.php 第 80 行.
NOTIC: [8] Undefined index: developer D:\wamp\www\datadic\Application\Runtime\Cache\Home\cb4c36c05a0a6e791f19647e2267e464.php 第 82 行.
NOTIC: [8] Undefined index: id D:\wamp\www\datadic\Application\Runtime\Cache\Home\cb4c36c05a0a6e791f19647e2267e464.php 第 76 行.
NOTIC: [8] Undefined index: id D:\wamp\www\datadic\Application\Runtime\Cache\Home\cb4c36c05a0a6e791f19647e2267e464.php 第 79 行.
NOTIC: [8] Undefined index: table_comment D:\wamp\www\datadic\Application\Runtime\Cache\Home\cb4c36c05a0a6e791f19647e2267e464.php 第 80 行.
NOTIC: [8] Undefined index: developer D:\wamp\www\datadic\Application\Runtime\Cache\Home\cb4c36c05a0a6e791f19647e2267e464.php 第 82 行.
NOTIC: [8] Undefined index: id D:\wamp\www\datadic\Application\Runtime\Cache\Home\cb4c36c05a0a6e791f19647e2267e464.php 第 76 行.
NOTIC: [8] Undefined index: id D:\wamp\www\datadic\Application\Runtime\Cache\Home\cb4c36c05a0a6e791f19647e2267e464.php 第 79 行.
NOTIC: [8] Undefined index: table_comment D:\wamp\www\datadic\Application\Runtime\Cache\Home\cb4c36c05a0a6e791f19647e2267e464.php 第 80 行.
NOTIC: [8] Undefined index: developer D:\wamp\www\datadic\Application\Runtime\Cache\Home\cb4c36c05a0a6e791f19647e2267e464.php 第 82 行.
NOTIC: [8] Undefined index: id D:\wamp\www\datadic\Application\Runtime\Cache\Home\cb4c36c05a0a6e791f19647e2267e464.php 第 76 行.
NOTIC: [8] Undefined index: id D:\wamp\www\datadic\Application\Runtime\Cache\Home\cb4c36c05a0a6e791f19647e2267e464.php 第 79 行.
NOTIC: [8] Undefined index: table_comment D:\wamp\www\datadic\Application\Runtime\Cache\Home\cb4c36c05a0a6e791f19647e2267e464.php 第 80 行.
NOTIC: [8] Undefined index: developer D:\wamp\www\datadic\Application\Runtime\Cache\Home\cb4c36c05a0a6e791f19647e2267e464.php 第 82 行.
NOTIC: [8] Undefined index: id D:\wamp\www\datadic\Application\Runtime\Cache\Home\cb4c36c05a0a6e791f19647e2267e464.php 第 76 行.
NOTIC: [8] Undefined index: id D:\wamp\www\datadic\Application\Runtime\Cache\Home\cb4c36c05a0a6e791f19647e2267e464.php 第 79 行.
NOTIC: [8] Undefined index: table_comment D:\wamp\www\datadic\Application\Runtime\Cache\Home\cb4c36c05a0a6e791f19647e2267e464.php 第 80 行.
NOTIC: [8] Undefined index: developer D:\wamp\www\datadic\Application\Runtime\Cache\Home\cb4c36c05a0a6e791f19647e2267e464.php 第 82 行.
NOTIC: [8] Undefined index: id D:\wamp\www\datadic\Application\Runtime\Cache\Home\cb4c36c05a0a6e791f19647e2267e464.php 第 76 行.
NOTIC: [8] Undefined index: id D:\wamp\www\datadic\Application\Runtime\Cache\Home\cb4c36c05a0a6e791f19647e2267e464.php 第 79 行.
NOTIC: [8] Undefined index: table_comment D:\wamp\www\datadic\Application\Runtime\Cache\Home\cb4c36c05a0a6e791f19647e2267e464.php 第 80 行.
NOTIC: [8] Undefined index: developer D:\wamp\www\datadic\Application\Runtime\Cache\Home\cb4c36c05a0a6e791f19647e2267e464.php 第 82 行.
NOTIC: [8] Undefined index: id D:\wamp\www\datadic\Application\Runtime\Cache\Home\cb4c36c05a0a6e791f19647e2267e464.php 第 76 行.
NOTIC: [8] Undefined index: id D:\wamp\www\datadic\Application\Runtime\Cache\Home\cb4c36c05a0a6e791f19647e2267e464.php 第 79 行.
NOTIC: [8] Undefined index: table_comment D:\wamp\www\datadic\Application\Runtime\Cache\Home\cb4c36c05a0a6e791f19647e2267e464.php 第 80 行.
NOTIC: [8] Undefined index: developer D:\wamp\www\datadic\Application\Runtime\Cache\Home\cb4c36c05a0a6e791f19647e2267e464.php 第 82 行.
NOTIC: [8] Undefined index: id D:\wamp\www\datadic\Application\Runtime\Cache\Home\cb4c36c05a0a6e791f19647e2267e464.php 第 76 行.
NOTIC: [8] Undefined index: id D:\wamp\www\datadic\Application\Runtime\Cache\Home\cb4c36c05a0a6e791f19647e2267e464.php 第 79 行.
NOTIC: [8] Undefined index: table_comment D:\wamp\www\datadic\Application\Runtime\Cache\Home\cb4c36c05a0a6e791f19647e2267e464.php 第 80 行.
NOTIC: [8] Undefined index: developer D:\wamp\www\datadic\Application\Runtime\Cache\Home\cb4c36c05a0a6e791f19647e2267e464.php 第 82 行.
NOTIC: [8] Undefined index: id D:\wamp\www\datadic\Application\Runtime\Cache\Home\cb4c36c05a0a6e791f19647e2267e464.php 第 76 行.
NOTIC: [8] Undefined index: id D:\wamp\www\datadic\Application\Runtime\Cache\Home\cb4c36c05a0a6e791f19647e2267e464.php 第 79 行.
NOTIC: [8] Undefined index: table_comment D:\wamp\www\datadic\Application\Runtime\Cache\Home\cb4c36c05a0a6e791f19647e2267e464.php 第 80 行.
NOTIC: [8] Undefined index: developer D:\wamp\www\datadic\Application\Runtime\Cache\Home\cb4c36c05a0a6e791f19647e2267e464.php 第 82 行.
NOTIC: [8] Undefined index: id D:\wamp\www\datadic\Application\Runtime\Cache\Home\cb4c36c05a0a6e791f19647e2267e464.php 第 76 行.
NOTIC: [8] Undefined index: id D:\wamp\www\datadic\Application\Runtime\Cache\Home\cb4c36c05a0a6e791f19647e2267e464.php 第 79 行.
NOTIC: [8] Undefined index: table_comment D:\wamp\www\datadic\Application\Runtime\Cache\Home\cb4c36c05a0a6e791f19647e2267e464.php 第 80 行.
NOTIC: [8] Undefined index: developer D:\wamp\www\datadic\Application\Runtime\Cache\Home\cb4c36c05a0a6e791f19647e2267e464.php 第 82 行.
NOTIC: [8] Undefined index: id D:\wamp\www\datadic\Application\Runtime\Cache\Home\cb4c36c05a0a6e791f19647e2267e464.php 第 76 行.
NOTIC: [8] Undefined index: id D:\wamp\www\datadic\Application\Runtime\Cache\Home\cb4c36c05a0a6e791f19647e2267e464.php 第 79 行.
NOTIC: [8] Undefined index: table_comment D:\wamp\www\datadic\Application\Runtime\Cache\Home\cb4c36c05a0a6e791f19647e2267e464.php 第 80 行.
NOTIC: [8] Undefined index: developer D:\wamp\www\datadic\Application\Runtime\Cache\Home\cb4c36c05a0a6e791f19647e2267e464.php 第 82 行.
NOTIC: [8] Undefined index: id D:\wamp\www\datadic\Application\Runtime\Cache\Home\cb4c36c05a0a6e791f19647e2267e464.php 第 76 行.
NOTIC: [8] Undefined index: id D:\wamp\www\datadic\Application\Runtime\Cache\Home\cb4c36c05a0a6e791f19647e2267e464.php 第 79 行.
NOTIC: [8] Undefined index: table_comment D:\wamp\www\datadic\Application\Runtime\Cache\Home\cb4c36c05a0a6e791f19647e2267e464.php 第 80 行.
NOTIC: [8] Undefined index: developer D:\wamp\www\datadic\Application\Runtime\Cache\Home\cb4c36c05a0a6e791f19647e2267e464.php 第 82 行.
INFO: Run Behavior\ParseTemplateBehavior [ RunTime:0.132008s ]
INFO: [ view_parse ] --END-- [ RunTime:0.132008s ]
INFO: [ view_filter ] --START--
INFO: Run Behavior\WriteHtmlCacheBehavior [ RunTime:0.011000s ]
INFO: [ view_filter ] --END-- [ RunTime:0.011000s ]
INFO: [ app_end ] --START--
INFO: Run Behavior\ShowPageTraceBehavior [ RunTime:0.001000s ]
INFO: [ app_end ] --END-- [ RunTime:0.002000s ]

[ 2016-04-01T08:58:27+08:00 ] 192.168.9.178 /datadic/index.php/Home/index/db_info/table_schema/navbar-fixed-top.css
INFO: [ app_init ] --START--
INFO: Run Behavior\BuildLiteBehavior [ RunTime:0.000000s ]
INFO: [ app_init ] --END-- [ RunTime:0.001000s ]
INFO: [ app_begin ] --START--
INFO: Run Behavior\ReadHtmlCacheBehavior [ RunTime:0.001000s ]
INFO: [ app_begin ] --END-- [ RunTime:0.001000s ]
SQL: SHOW COLUMNS FROM `sp_information_schema_tables` [ RunTime:0.0030s ]
SQL: SHOW COLUMNS FROM `sp_information_schema_columns` [ RunTime:0.0040s ]
SQL: SELECT * FROM `sp_information_schema_tables` WHERE `table_schema` = 'navbar-fixed-top.css'  [ RunTime:0.0010s ]
SQL: SHOW COLUMNS FROM `tables` [ RunTime:0.0010s ]
SQL: SELECT `TABLE_NAME`,`TABLE_COMMENT` FROM `tables` WHERE ( `table_schema` = 'navbar-fixed-top.css' )  [ RunTime:0.0010s ]
INFO: [ view_parse ] --START--
INFO: [ template_filter ] --START--
INFO: Run Behavior\ContentReplaceBehavior [ RunTime:0.000000s ]
INFO: [ template_filter ] --END-- [ RunTime:0.000000s ]
INFO: Run Behavior\ParseTemplateBehavior [ RunTime:0.012001s ]
INFO: [ view_parse ] --END-- [ RunTime:0.012001s ]
INFO: [ view_filter ] --START--
INFO: Run Behavior\WriteHtmlCacheBehavior [ RunTime:0.000000s ]
INFO: [ view_filter ] --END-- [ RunTime:0.000000s ]
INFO: [ app_end ] --START--
INFO: Run Behavior\ShowPageTraceBehavior [ RunTime:0.000000s ]
INFO: [ app_end ] --END-- [ RunTime:0.000000s ]

[ 2016-04-01T08:58:27+08:00 ] 192.168.9.178 /datadic/index.php/Home/index/assets/js/ie-emulation-modes-warning.js
INFO: [ app_init ] --START--
INFO: Run Behavior\BuildLiteBehavior [ RunTime:0.000000s ]
INFO: [ app_init ] --END-- [ RunTime:0.001000s ]
INFO: [ app_begin ] --START--
INFO: Run Behavior\ReadHtmlCacheBehavior [ RunTime:0.001000s ]
INFO: [ app_begin ] --END-- [ RunTime:0.001000s ]
SQL: SHOW COLUMNS FROM `sp_information_schema_tables` [ RunTime:0.0030s ]
SQL: SHOW COLUMNS FROM `sp_information_schema_columns` [ RunTime:0.0030s ]
ERR: 非法操作:assets

[ 2016-04-01T08:58:28+08:00 ] 192.168.9.178 /datadic/index.php/Home/index/assets/js/ie10-viewport-bug-workaround.js
INFO: [ app_init ] --START--
INFO: Run Behavior\BuildLiteBehavior [ RunTime:0.000000s ]
INFO: [ app_init ] --END-- [ RunTime:0.001000s ]
INFO: [ app_begin ] --START--
INFO: Run Behavior\ReadHtmlCacheBehavior [ RunTime:0.001000s ]
INFO: [ app_begin ] --END-- [ RunTime:0.001000s ]
SQL: SHOW COLUMNS FROM `sp_information_schema_tables` [ RunTime:0.0030s ]
SQL: SHOW COLUMNS FROM `sp_information_schema_columns` [ RunTime:0.0020s ]
ERR: 非法操作:assets

[ 2016-04-01T08:58:28+08:00 ] 192.168.9.178 /datadic/index.php/Home/index/favicon.ico
INFO: [ app_init ] --START--
INFO: Run Behavior\BuildLiteBehavior [ RunTime:0.000000s ]
INFO: [ app_init ] --END-- [ RunTime:0.001000s ]

[ 2016-04-01T08:58:58+08:00 ] 192.168.9.178 /datadic/index.php/Home/index/table_info/table_id/616.html
INFO: [ app_init ] --START--
INFO: Run Behavior\BuildLiteBehavior [ RunTime:0.000000s ]
INFO: [ app_init ] --END-- [ RunTime:0.002000s ]
INFO: [ app_begin ] --START--
INFO: Run Behavior\ReadHtmlCacheBehavior [ RunTime:0.001000s ]
INFO: [ app_begin ] --END-- [ RunTime:0.001000s ]
SQL: SHOW COLUMNS FROM `sp_information_schema_tables` [ RunTime:0.0030s ]
SQL: SHOW COLUMNS FROM `sp_information_schema_columns` [ RunTime:0.0030s ]
SQL: SELECT * FROM `sp_information_schema_tables` WHERE `id` = 616 LIMIT 1   [ RunTime:0.0650s ]
SQL: SELECT * FROM `sp_information_schema_columns` WHERE `table_schema` = 'iflashbuy' AND `table_name` = 't_taboo_word'  [ RunTime:0.0170s ]
SQL: SHOW COLUMNS FROM `columns` [ RunTime:0.0020s ]
SQL: SELECT `column_name`,`column_default`,`is_nullable`,`column_type`,`column_key`,`extra`,`column_comment` FROM `columns` WHERE ( `table_schema` = 'iflashbuy' AND `table_name` = 't_taboo_word' )  [ RunTime:0.0010s ]
INFO: [ view_parse ] --START--
INFO: [ template_filter ] --START--
INFO: Run Behavior\ContentReplaceBehavior [ RunTime:0.000000s ]
INFO: [ template_filter ] --END-- [ RunTime:0.000000s ]
INFO: Run Behavior\ParseTemplateBehavior [ RunTime:0.049003s ]
INFO: [ view_parse ] --END-- [ RunTime:0.049003s ]
INFO: [ view_filter ] --START--
INFO: Run Behavior\WriteHtmlCacheBehavior [ RunTime:0.001000s ]
INFO: [ view_filter ] --END-- [ RunTime:0.001000s ]
INFO: [ app_end ] --START--
INFO: Run Behavior\ShowPageTraceBehavior [ RunTime:0.001000s ]
INFO: [ app_end ] --END-- [ RunTime:0.002000s ]

[ 2016-04-01T08:58:58+08:00 ] 192.168.9.178 /datadic/index.php/Home/index/assets/js/ie-emulation-modes-warning.js
INFO: [ app_init ] --START--
INFO: Run Behavior\BuildLiteBehavior [ RunTime:0.000000s ]
INFO: [ app_init ] --END-- [ RunTime:0.001000s ]
INFO: [ app_begin ] --START--
INFO: Run Behavior\ReadHtmlCacheBehavior [ RunTime:0.001000s ]
INFO: [ app_begin ] --END-- [ RunTime:0.001000s ]
SQL: SHOW COLUMNS FROM `sp_information_schema_tables` [ RunTime:0.0030s ]
SQL: SHOW COLUMNS FROM `sp_information_schema_columns` [ RunTime:0.0020s ]
ERR: 非法操作:assets

[ 2016-04-01T08:58:58+08:00 ] 192.168.9.178 /datadic/index.php/Home/index/table_info/table_id/navbar-fixed-top.css
INFO: [ app_init ] --START--
INFO: Run Behavior\BuildLiteBehavior [ RunTime:0.000000s ]
INFO: [ app_init ] --END-- [ RunTime:0.001000s ]
INFO: [ app_begin ] --START--
INFO: Run Behavior\ReadHtmlCacheBehavior [ RunTime:0.000000s ]
INFO: [ app_begin ] --END-- [ RunTime:0.001000s ]
SQL: SHOW COLUMNS FROM `sp_information_schema_tables` [ RunTime:0.0030s ]
SQL: SHOW COLUMNS FROM `sp_information_schema_columns` [ RunTime:0.0030s ]
SQL: SELECT * FROM `sp_information_schema_tables` WHERE `id` = 0 LIMIT 1   [ RunTime:0.0010s ]
SQL: SELECT * FROM `sp_information_schema_columns` WHERE `table_schema` = null AND `table_name` = null  [ RunTime:0.0010s ]
SQL: SHOW COLUMNS FROM `columns` [ RunTime:0.0010s ]
SQL: SELECT `column_name`,`column_default`,`is_nullable`,`column_type`,`column_key`,`extra`,`column_comment` FROM `columns` WHERE ( `table_schema` = '' AND `table_name` = '' )  [ RunTime:0.0000s ]
INFO: [ view_parse ] --START--
INFO: [ template_filter ] --START--
INFO: Run Behavior\ContentReplaceBehavior [ RunTime:0.000000s ]
INFO: [ template_filter ] --END-- [ RunTime:0.001000s ]
NOTIC: [8] Undefined index: table_name D:\wamp\www\datadic\Application\Runtime\Cache\Home\7a23a537efe0f61cce7b1092e5465124.php 第 65 行.
NOTIC: [8] Undefined index: table_schema D:\wamp\www\datadic\Application\Runtime\Cache\Home\7a23a537efe0f61cce7b1092e5465124.php 第 65 行.
NOTIC: [8] Undefined index: id D:\wamp\www\datadic\Application\Runtime\Cache\Home\7a23a537efe0f61cce7b1092e5465124.php 第 68 行.
NOTIC: [8] Undefined index: table_name D:\wamp\www\datadic\Application\Runtime\Cache\Home\7a23a537efe0f61cce7b1092e5465124.php 第 74 行.
NOTIC: [8] Undefined index: table_comment D:\wamp\www\datadic\Application\Runtime\Cache\Home\7a23a537efe0f61cce7b1092e5465124.php 第 77 行.
NOTIC: [8] Undefined index: developer D:\wamp\www\datadic\Application\Runtime\Cache\Home\7a23a537efe0f61cce7b1092e5465124.php 第 84 行.
NOTIC: [8] Undefined index: create_time D:\wamp\www\datadic\Application\Runtime\Cache\Home\7a23a537efe0f61cce7b1092e5465124.php 第 90 行.
INFO: Run Behavior\ParseTemplateBehavior [ RunTime:0.015001s ]
INFO: [ view_parse ] --END-- [ RunTime:0.015001s ]
INFO: [ view_filter ] --START--
INFO: Run Behavior\WriteHtmlCacheBehavior [ RunTime:0.000000s ]
INFO: [ view_filter ] --END-- [ RunTime:0.000000s ]
INFO: [ app_end ] --START--
INFO: Run Behavior\ShowPageTraceBehavior [ RunTime:0.000000s ]
INFO: [ app_end ] --END-- [ RunTime:0.001000s ]

[ 2016-04-01T08:58:58+08:00 ] 192.168.9.178 /datadic/index.php/Home/index/assets/js/ie10-viewport-bug-workaround.js
INFO: [ app_init ] --START--
INFO: Run Behavior\BuildLiteBehavior [ RunTime:0.000000s ]
INFO: [ app_init ] --END-- [ RunTime:0.001000s ]
INFO: [ app_begin ] --START--
INFO: Run Behavior\ReadHtmlCacheBehavior [ RunTime:0.001000s ]
INFO: [ app_begin ] --END-- [ RunTime:0.001000s ]
SQL: SHOW COLUMNS FROM `sp_information_schema_tables` [ RunTime:0.0030s ]
SQL: SHOW COLUMNS FROM `sp_information_schema_columns` [ RunTime:0.0020s ]
ERR: 非法操作:assets

[ 2016-04-01T08:59:32+08:00 ] 192.168.9.178 /datadic/index.php/Home/index/table_info/table_id/580.html
INFO: [ app_init ] --START--
INFO: Run Behavior\BuildLiteBehavior [ RunTime:0.000000s ]
INFO: [ app_init ] --END-- [ RunTime:0.001000s ]
INFO: [ app_begin ] --START--
INFO: Run Behavior\ReadHtmlCacheBehavior [ RunTime:0.001000s ]
INFO: [ app_begin ] --END-- [ RunTime:0.001000s ]
SQL: SHOW COLUMNS FROM `sp_information_schema_tables` [ RunTime:0.0030s ]
SQL: SHOW COLUMNS FROM `sp_information_schema_columns` [ RunTime:0.0030s ]
SQL: SELECT * FROM `sp_information_schema_tables` WHERE `id` = 580 LIMIT 1   [ RunTime:0.0000s ]
SQL: SELECT * FROM `sp_information_schema_columns` WHERE `table_schema` = 'iflashbuy' AND `table_name` = 't_product_base'  [ RunTime:0.0010s ]
SQL: SHOW COLUMNS FROM `columns` [ RunTime:0.0010s ]
SQL: SELECT `column_name`,`column_default`,`is_nullable`,`column_type`,`column_key`,`extra`,`column_comment` FROM `columns` WHERE ( `table_schema` = 'iflashbuy' AND `table_name` = 't_product_base' )  [ RunTime:0.0010s ]
INFO: [ view_parse ] --START--
INFO: [ template_filter ] --START--
INFO: Run Behavior\ContentReplaceBehavior [ RunTime:0.001000s ]
INFO: [ template_filter ] --END-- [ RunTime:0.001000s ]
NOTIC: [8] Undefined index: column_name D:\wamp\www\datadic\Application\Runtime\Cache\Home\7a23a537efe0f61cce7b1092e5465124.php 第 115 行.
NOTIC: [8] Undefined index: column_default D:\wamp\www\datadic\Application\Runtime\Cache\Home\7a23a537efe0f61cce7b1092e5465124.php 第 117 行.
NOTIC: [8] Undefined index: is_nullable D:\wamp\www\datadic\Application\Runtime\Cache\Home\7a23a537efe0f61cce7b1092e5465124.php 第 119 行.
NOTIC: [8] Undefined index: column_type D:\wamp\www\datadic\Application\Runtime\Cache\Home\7a23a537efe0f61cce7b1092e5465124.php 第 121 行.
NOTIC: [8] Undefined index: column_key D:\wamp\www\datadic\Application\Runtime\Cache\Home\7a23a537efe0f61cce7b1092e5465124.php 第 123 行.
NOTIC: [8] Undefined index: extra D:\wamp\www\datadic\Application\Runtime\Cache\Home\7a23a537efe0f61cce7b1092e5465124.php 第 125 行.
NOTIC: [8] Undefined index: column_comment D:\wamp\www\datadic\Application\Runtime\Cache\Home\7a23a537efe0f61cce7b1092e5465124.php 第 127 行.
INFO: Run Behavior\ParseTemplateBehavior [ RunTime:0.017001s ]
INFO: [ view_parse ] --END-- [ RunTime:0.017001s ]
INFO: [ view_filter ] --START--
INFO: Run Behavior\WriteHtmlCacheBehavior [ RunTime:0.001000s ]
INFO: [ view_filter ] --END-- [ RunTime:0.001000s ]
INFO: [ app_end ] --START--
INFO: Run Behavior\ShowPageTraceBehavior [ RunTime:0.001000s ]
INFO: [ app_end ] --END-- [ RunTime:0.001000s ]

[ 2016-04-01T08:59:32+08:00 ] 192.168.9.178 /datadic/index.php/Home/index/assets/js/ie-emulation-modes-warning.js
INFO: [ app_init ] --START--
INFO: Run Behavior\BuildLiteBehavior [ RunTime:0.000000s ]
INFO: [ app_init ] --END-- [ RunTime:0.000000s ]
INFO: [ app_begin ] --START--
INFO: Run Behavior\ReadHtmlCacheBehavior [ RunTime:0.000000s ]
INFO: [ app_begin ] --END-- [ RunTime:0.001000s ]
SQL: SHOW COLUMNS FROM `sp_information_schema_tables` [ RunTime:0.0050s ]
SQL: SHOW COLUMNS FROM `sp_information_schema_columns` [ RunTime:0.0030s ]
ERR: 非法操作:assets

[ 2016-04-01T08:59:32+08:00 ] 192.168.9.178 /datadic/index.php/Home/index/table_info/table_id/navbar-fixed-top.css
INFO: [ app_init ] --START--
INFO: Run Behavior\BuildLiteBehavior [ RunTime:0.000000s ]
INFO: [ app_init ] --END-- [ RunTime:0.001000s ]
INFO: [ app_begin ] --START--
INFO: Run Behavior\ReadHtmlCacheBehavior [ RunTime:0.001000s ]
INFO: [ app_begin ] --END-- [ RunTime:0.001000s ]
SQL: SHOW COLUMNS FROM `sp_information_schema_tables` [ RunTime:0.0030s ]
SQL: SHOW COLUMNS FROM `sp_information_schema_columns` [ RunTime:0.0030s ]
SQL: SELECT * FROM `sp_information_schema_tables` WHERE `id` = 0 LIMIT 1   [ RunTime:0.0010s ]
SQL: SELECT * FROM `sp_information_schema_columns` WHERE `table_schema` = null AND `table_name` = null  [ RunTime:0.0000s ]
SQL: SHOW COLUMNS FROM `columns` [ RunTime:0.0010s ]
SQL: SELECT `column_name`,`column_default`,`is_nullable`,`column_type`,`column_key`,`extra`,`column_comment` FROM `columns` WHERE ( `table_schema` = '' AND `table_name` = '' )  [ RunTime:0.0000s ]
INFO: [ view_parse ] --START--
INFO: [ template_filter ] --START--
INFO: Run Behavior\ContentReplaceBehavior [ RunTime:0.000000s ]
INFO: [ template_filter ] --END-- [ RunTime:0.000000s ]
NOTIC: [8] Undefined index: table_name D:\wamp\www\datadic\Application\Runtime\Cache\Home\7a23a537efe0f61cce7b1092e5465124.php 第 65 行.
NOTIC: [8] Undefined index: table_schema D:\wamp\www\datadic\Application\Runtime\Cache\Home\7a23a537efe0f61cce7b1092e5465124.php 第 65 行.
NOTIC: [8] Undefined index: id D:\wamp\www\datadic\Application\Runtime\Cache\Home\7a23a537efe0f61cce7b1092e5465124.php 第 68 行.
NOTIC: [8] Undefined index: table_name D:\wamp\www\datadic\Application\Runtime\Cache\Home\7a23a537efe0f61cce7b1092e5465124.php 第 74 行.
NOTIC: [8] Undefined index: table_comment D:\wamp\www\datadic\Application\Runtime\Cache\Home\7a23a537efe0f61cce7b1092e5465124.php 第 77 行.
NOTIC: [8] Undefined index: developer D:\wamp\www\datadic\Application\Runtime\Cache\Home\7a23a537efe0f61cce7b1092e5465124.php 第 84 行.
NOTIC: [8] Undefined index: create_time D:\wamp\www\datadic\Application\Runtime\Cache\Home\7a23a537efe0f61cce7b1092e5465124.php 第 90 行.
INFO: Run Behavior\ParseTemplateBehavior [ RunTime:0.015001s ]
INFO: [ view_parse ] --END-- [ RunTime:0.015001s ]
INFO: [ view_filter ] --START--
INFO: Run Behavior\WriteHtmlCacheBehavior [ RunTime:0.000000s ]
INFO: [ view_filter ] --END-- [ RunTime:0.000000s ]
INFO: [ app_end ] --START--
INFO: Run Behavior\ShowPageTraceBehavior [ RunTime:0.000000s ]
INFO: [ app_end ] --END-- [ RunTime:0.000000s ]

[ 2016-04-01T08:59:32+08:00 ] 192.168.9.178 /datadic/index.php/Home/index/assets/js/ie10-viewport-bug-workaround.js
INFO: [ app_init ] --START--
INFO: Run Behavior\BuildLiteBehavior [ RunTime:0.000000s ]
INFO: [ app_init ] --END-- [ RunTime:0.001000s ]
INFO: [ app_begin ] --START--
INFO: Run Behavior\ReadHtmlCacheBehavior [ RunTime:0.001000s ]
INFO: [ app_begin ] --END-- [ RunTime:0.001000s ]
SQL: SHOW COLUMNS FROM `sp_information_schema_tables` [ RunTime:0.0030s ]
SQL: SHOW COLUMNS FROM `sp_information_schema_columns` [ RunTime:0.0030s ]
ERR: 非法操作:assets

[ 2016-04-01T09:00:32+08:00 ] 192.168.9.178 /datadic/index.php/Home/index/table_info/table_id/566.html
INFO: [ app_init ] --START--
INFO: Run Behavior\BuildLiteBehavior [ RunTime:0.000000s ]
INFO: [ app_init ] --END-- [ RunTime:0.001000s ]
INFO: [ app_begin ] --START--
INFO: Run Behavior\ReadHtmlCacheBehavior [ RunTime:0.000000s ]
INFO: [ app_begin ] --END-- [ RunTime:0.001001s ]
SQL: SHOW COLUMNS FROM `sp_information_schema_tables` [ RunTime:0.0040s ]
SQL: SHOW COLUMNS FROM `sp_information_schema_columns` [ RunTime:0.0030s ]
SQL: SELECT * FROM `sp_information_schema_tables` WHERE `id` = 566 LIMIT 1   [ RunTime:0.0010s ]
SQL: SELECT * FROM `sp_information_schema_columns` WHERE `table_schema` = 'iflashbuy' AND `table_name` = 't_order_orderinfo'  [ RunTime:0.0010s ]
SQL: SHOW COLUMNS FROM `columns` [ RunTime:0.0010s ]
SQL: SELECT `column_name`,`column_default`,`is_nullable`,`column_type`,`column_key`,`extra`,`column_comment` FROM `columns` WHERE ( `table_schema` = 'iflashbuy' AND `table_name` = 't_order_orderinfo' )  [ RunTime:0.0020s ]
INFO: [ view_parse ] --START--
INFO: [ template_filter ] --START--
INFO: Run Behavior\ContentReplaceBehavior [ RunTime:0.000000s ]
INFO: [ template_filter ] --END-- [ RunTime:0.001000s ]
INFO: Run Behavior\ParseTemplateBehavior [ RunTime:0.019002s ]
INFO: [ view_parse ] --END-- [ RunTime:0.020002s ]
INFO: [ view_filter ] --START--
INFO: Run Behavior\WriteHtmlCacheBehavior [ RunTime:0.001000s ]
INFO: [ view_filter ] --END-- [ RunTime:0.001000s ]
INFO: [ app_end ] --START--
INFO: Run Behavior\ShowPageTraceBehavior [ RunTime:0.001000s ]
INFO: [ app_end ] --END-- [ RunTime:0.001000s ]

[ 2016-04-01T09:00:32+08:00 ] 192.168.9.178 /datadic/index.php/Home/index/table_info/table_id/navbar-fixed-top.css
INFO: [ app_init ] --START--
INFO: Run Behavior\BuildLiteBehavior [ RunTime:0.000000s ]
INFO: [ app_init ] --END-- [ RunTime:0.001000s ]
INFO: [ app_begin ] --START--
INFO: Run Behavior\ReadHtmlCacheBehavior [ RunTime:0.000000s ]
INFO: [ app_begin ] --END-- [ RunTime:0.001000s ]
SQL: SHOW COLUMNS FROM `sp_information_schema_tables` [ RunTime:0.0030s ]
SQL: SHOW COLUMNS FROM `sp_information_schema_columns` [ RunTime:0.0030s ]
SQL: SELECT * FROM `sp_information_schema_tables` WHERE `id` = 0 LIMIT 1   [ RunTime:0.0000s ]
SQL: SELECT * FROM `sp_information_schema_columns` WHERE `table_schema` = null AND `table_name` = null  [ RunTime:0.0000s ]
SQL: SHOW COLUMNS FROM `columns` [ RunTime:0.0010s ]
SQL: SELECT `column_name`,`column_default`,`is_nullable`,`column_type`,`column_key`,`extra`,`column_comment` FROM `columns` WHERE ( `table_schema` = '' AND `table_name` = '' )  [ RunTime:0.0010s ]
INFO: [ view_parse ] --START--
INFO: [ template_filter ] --START--
INFO: Run Behavior\ContentReplaceBehavior [ RunTime:0.000000s ]
INFO: [ template_filter ] --END-- [ RunTime:0.001000s ]
NOTIC: [8] Undefined index: table_name D:\wamp\www\datadic\Application\Runtime\Cache\Home\7a23a537efe0f61cce7b1092e5465124.php 第 65 行.
NOTIC: [8] Undefined index: table_schema D:\wamp\www\datadic\Application\Runtime\Cache\Home\7a23a537efe0f61cce7b1092e5465124.php 第 65 行.
NOTIC: [8] Undefined index: id D:\wamp\www\datadic\Application\Runtime\Cache\Home\7a23a537efe0f61cce7b1092e5465124.php 第 68 行.
NOTIC: [8] Undefined index: table_name D:\wamp\www\datadic\Application\Runtime\Cache\Home\7a23a537efe0f61cce7b1092e5465124.php 第 74 行.
NOTIC: [8] Undefined index: table_comment D:\wamp\www\datadic\Application\Runtime\Cache\Home\7a23a537efe0f61cce7b1092e5465124.php 第 77 行.
NOTIC: [8] Undefined index: developer D:\wamp\www\datadic\Application\Runtime\Cache\Home\7a23a537efe0f61cce7b1092e5465124.php 第 84 行.
NOTIC: [8] Undefined index: create_time D:\wamp\www\datadic\Application\Runtime\Cache\Home\7a23a537efe0f61cce7b1092e5465124.php 第 90 行.
INFO: Run Behavior\ParseTemplateBehavior [ RunTime:0.015001s ]
INFO: [ view_parse ] --END-- [ RunTime:0.015001s ]
INFO: [ view_filter ] --START--
INFO: Run Behavior\WriteHtmlCacheBehavior [ RunTime:0.000000s ]
INFO: [ view_filter ] --END-- [ RunTime:0.000000s ]
INFO: [ app_end ] --START--
INFO: Run Behavior\ShowPageTraceBehavior [ RunTime:0.000000s ]
INFO: [ app_end ] --END-- [ RunTime:0.000000s ]

[ 2016-04-01T09:00:32+08:00 ] 192.168.9.178 /datadic/index.php/Home/index/assets/js/ie-emulation-modes-warning.js
INFO: [ app_init ] --START--
INFO: Run Behavior\BuildLiteBehavior [ RunTime:0.000000s ]
INFO: [ app_init ] --END-- [ RunTime:0.001001s ]
INFO: [ app_begin ] --START--
INFO: Run Behavior\ReadHtmlCacheBehavior [ RunTime:0.001000s ]
INFO: [ app_begin ] --END-- [ RunTime:0.001000s ]
SQL: SHOW COLUMNS FROM `sp_information_schema_tables` [ RunTime:0.0030s ]
SQL: SHOW COLUMNS FROM `sp_information_schema_columns` [ RunTime:0.0030s ]
ERR: 非法操作:assets

[ 2016-04-01T09:00:32+08:00 ] 192.168.9.178 /datadic/index.php/Home/index/assets/js/ie10-viewport-bug-workaround.js
INFO: [ app_init ] --START--
INFO: Run Behavior\BuildLiteBehavior [ RunTime:0.000000s ]
INFO: [ app_init ] --END-- [ RunTime:0.000000s ]
INFO: [ app_begin ] --START--
INFO: Run Behavior\ReadHtmlCacheBehavior [ RunTime:0.001000s ]
INFO: [ app_begin ] --END-- [ RunTime:0.001000s ]
SQL: SHOW COLUMNS FROM `sp_information_schema_tables` [ RunTime:0.0030s ]
SQL: SHOW COLUMNS FROM `sp_information_schema_columns` [ RunTime:0.0020s ]
ERR: 非法操作:assets

[ 2016-04-01T09:00:54+08:00 ] 192.168.9.178 /datadic/index.php/Home/index/table_info/table_id/586.html
INFO: [ app_init ] --START--
INFO: Run Behavior\BuildLiteBehavior [ RunTime:0.000000s ]
INFO: [ app_init ] --END-- [ RunTime:0.000000s ]
INFO: [ app_begin ] --START--
INFO: Run Behavior\ReadHtmlCacheBehavior [ RunTime:0.001000s ]
INFO: [ app_begin ] --END-- [ RunTime:0.001000s ]
SQL: SHOW COLUMNS FROM `sp_information_schema_tables` [ RunTime:0.0030s ]
SQL: SHOW COLUMNS FROM `sp_information_schema_columns` [ RunTime:0.0030s ]
SQL: SELECT * FROM `sp_information_schema_tables` WHERE `id` = 586 LIMIT 1   [ RunTime:0.0000s ]
SQL: SELECT * FROM `sp_information_schema_columns` WHERE `table_schema` = 'iflashbuy' AND `table_name` = 't_product_praise'  [ RunTime:0.0010s ]
SQL: SHOW COLUMNS FROM `columns` [ RunTime:0.0010s ]
SQL: SELECT `column_name`,`column_default`,`is_nullable`,`column_type`,`column_key`,`extra`,`column_comment` FROM `columns` WHERE ( `table_schema` = 'iflashbuy' AND `table_name` = 't_product_praise' )  [ RunTime:0.0010s ]
INFO: [ view_parse ] --START--
INFO: [ template_filter ] --START--
INFO: Run Behavior\ContentReplaceBehavior [ RunTime:0.000000s ]
INFO: [ template_filter ] --END-- [ RunTime:0.000000s ]
INFO: Run Behavior\ParseTemplateBehavior [ RunTime:0.020001s ]
INFO: [ view_parse ] --END-- [ RunTime:0.020001s ]
INFO: [ view_filter ] --START--
INFO: Run Behavior\WriteHtmlCacheBehavior [ RunTime:0.000000s ]
INFO: [ view_filter ] --END-- [ RunTime:0.000000s ]
INFO: [ app_end ] --START--
INFO: Run Behavior\ShowPageTraceBehavior [ RunTime:0.000000s ]
INFO: [ app_end ] --END-- [ RunTime:0.000000s ]

[ 2016-04-01T09:00:55+08:00 ] 192.168.9.178 /datadic/index.php/Home/index/table_info/table_id/navbar-fixed-top.css
INFO: [ app_init ] --START--
INFO: Run Behavior\BuildLiteBehavior [ RunTime:0.000000s ]
INFO: [ app_init ] --END-- [ RunTime:0.001000s ]
INFO: [ app_begin ] --START--
INFO: Run Behavior\ReadHtmlCacheBehavior [ RunTime:0.002000s ]
INFO: [ app_begin ] --END-- [ RunTime:0.002000s ]
SQL: SHOW COLUMNS FROM `sp_information_schema_tables` [ RunTime:0.0030s ]
SQL: SHOW COLUMNS FROM `sp_information_schema_columns` [ RunTime:0.0030s ]
SQL: SELECT * FROM `sp_information_schema_tables` WHERE `id` = 0 LIMIT 1   [ RunTime:0.0000s ]
SQL: SELECT * FROM `sp_information_schema_columns` WHERE `table_schema` = null AND `table_name` = null  [ RunTime:0.0000s ]
SQL: SHOW COLUMNS FROM `columns` [ RunTime:0.0010s ]
SQL: SELECT `column_name`,`column_default`,`is_nullable`,`column_type`,`column_key`,`extra`,`column_comment` FROM `columns` WHERE ( `table_schema` = '' AND `table_name` = '' )  [ RunTime:0.0000s ]
INFO: [ view_parse ] --START--
INFO: [ template_filter ] --START--
INFO: Run Behavior\ContentReplaceBehavior [ RunTime:0.001000s ]
INFO: [ template_filter ] --END-- [ RunTime:0.001000s ]
NOTIC: [8] Undefined index: table_name D:\wamp\www\datadic\Application\Runtime\Cache\Home\7a23a537efe0f61cce7b1092e5465124.php 第 65 行.
NOTIC: [8] Undefined index: table_schema D:\wamp\www\datadic\Application\Runtime\Cache\Home\7a23a537efe0f61cce7b1092e5465124.php 第 65 行.
NOTIC: [8] Undefined index: id D:\wamp\www\datadic\Application\Runtime\Cache\Home\7a23a537efe0f61cce7b1092e5465124.php 第 68 行.
NOTIC: [8] Undefined index: table_name D:\wamp\www\datadic\Application\Runtime\Cache\Home\7a23a537efe0f61cce7b1092e5465124.php 第 74 行.
NOTIC: [8] Undefined index: table_comment D:\wamp\www\datadic\Application\Runtime\Cache\Home\7a23a537efe0f61cce7b1092e5465124.php 第 77 行.
NOTIC: [8] Undefined index: developer D:\wamp\www\datadic\Application\Runtime\Cache\Home\7a23a537efe0f61cce7b1092e5465124.php 第 84 行.
NOTIC: [8] Undefined index: create_time D:\wamp\www\datadic\Application\Runtime\Cache\Home\7a23a537efe0f61cce7b1092e5465124.php 第 90 行.
INFO: Run Behavior\ParseTemplateBehavior [ RunTime:0.014001s ]
INFO: [ view_parse ] --END-- [ RunTime:0.015001s ]
INFO: [ view_filter ] --START--
INFO: Run Behavior\WriteHtmlCacheBehavior [ RunTime:0.000000s ]
INFO: [ view_filter ] --END-- [ RunTime:0.000000s ]
INFO: [ app_end ] --START--
INFO: Run Behavior\ShowPageTraceBehavior [ RunTime:0.001000s ]
INFO: [ app_end ] --END-- [ RunTime:0.001000s ]

[ 2016-04-01T09:00:55+08:00 ] 192.168.9.178 /datadic/index.php/Home/index/assets/js/ie10-viewport-bug-workaround.js
INFO: [ app_init ] --START--
INFO: Run Behavior\BuildLiteBehavior [ RunTime:0.000000s ]
INFO: [ app_init ] --END-- [ RunTime:0.000000s ]
INFO: [ app_begin ] --START--
INFO: Run Behavior\ReadHtmlCacheBehavior [ RunTime:0.000000s ]
INFO: [ app_begin ] --END-- [ RunTime:0.001001s ]
SQL: SHOW COLUMNS FROM `sp_information_schema_tables` [ RunTime:0.0020s ]
SQL: SHOW COLUMNS FROM `sp_information_schema_columns` [ RunTime:0.0020s ]
ERR: 非法操作:assets

[ 2016-04-01T09:00:55+08:00 ] 192.168.9.178 /datadic/index.php/Home/index/assets/js/ie-emulation-modes-warning.js
INFO: [ app_init ] --START--
INFO: Run Behavior\BuildLiteBehavior [ RunTime:0.000000s ]
INFO: [ app_init ] --END-- [ RunTime:0.000000s ]
INFO: [ app_begin ] --START--
INFO: Run Behavior\ReadHtmlCacheBehavior [ RunTime:0.001000s ]
INFO: [ app_begin ] --END-- [ RunTime:0.001000s ]
SQL: SHOW COLUMNS FROM `sp_information_schema_tables` [ RunTime:0.0030s ]
SQL: SHOW COLUMNS FROM `sp_information_schema_columns` [ RunTime:0.0030s ]
ERR: 非法操作:assets

