[ 2016-10-18T13:35:57+08:00 ] 192.168.9.221 /datadic/index.php/Home/index/db_info/table_schema/iflashbuy.html
INFO: [ app_init ] --START--
INFO: Run Behavior\BuildLiteBehavior [ RunTime:0.000000s ]
INFO: [ app_init ] --END-- [ RunTime:0.025001s ]
INFO: [ app_begin ] --START--
INFO: Run Behavior\ReadHtmlCacheBehavior [ RunTime:0.001000s ]
INFO: [ app_begin ] --END-- [ RunTime:0.003000s ]
SQL: SHOW COLUMNS FROM `sp_information_schema_tables` [ RunTime:0.2120s ]
SQL: SHOW COLUMNS FROM `sp_information_schema_columns` [ RunTime:0.0200s ]
SQL: SELECT * FROM `sp_information_schema_tables` WHERE `table_schema` = 'iflashbuy' AND `display_sataus` = 1  [ RunTime:0.0810s ]
INFO: [ view_parse ] --START--
INFO: [ template_filter ] --START--
INFO: Run Behavior\ContentReplaceBehavior [ RunTime:0.026001s ]
INFO: [ template_filter ] --END-- [ RunTime:0.026001s ]
NOTIC: [8] Undefined index: aa D:\wamp\www\datadic\Application\Runtime\Cache\Home\cb4c36c05a0a6e791f19647e2267e464.php 第 87 行.
NOTIC: [8] Undefined index: aa D:\wamp\www\datadic\Application\Runtime\Cache\Home\cb4c36c05a0a6e791f19647e2267e464.php 第 87 行.
NOTIC: [8] Undefined index: aa D:\wamp\www\datadic\Application\Runtime\Cache\Home\cb4c36c05a0a6e791f19647e2267e464.php 第 87 行.
NOTIC: [8] Undefined index: aa D:\wamp\www\datadic\Application\Runtime\Cache\Home\cb4c36c05a0a6e791f19647e2267e464.php 第 87 行.
NOTIC: [8] Undefined index: aa D:\wamp\www\datadic\Application\Runtime\Cache\Home\cb4c36c05a0a6e791f19647e2267e464.php 第 87 行.
NOTIC: [8] Undefined index: aa D:\wamp\www\datadic\Application\Runtime\Cache\Home\cb4c36c05a0a6e791f19647e2267e464.php 第 87 行.
NOTIC: [8] Undefined index: aa D:\wamp\www\datadic\Application\Runtime\Cache\Home\cb4c36c05a0a6e791f19647e2267e464.php 第 87 行.
NOTIC: [8] Undefined index: aa D:\wamp\www\datadic\Application\Runtime\Cache\Home\cb4c36c05a0a6e791f19647e2267e464.php 第 87 行.
NOTIC: [8] Undefined index: aa D:\wamp\www\datadic\Application\Runtime\Cache\Home\cb4c36c05a0a6e791f19647e2267e464.php 第 87 行.
NOTIC: [8] Undefined index: aa D:\wamp\www\datadic\Application\Runtime\Cache\Home\cb4c36c05a0a6e791f19647e2267e464.php 第 87 行.
NOTIC: [8] Undefined index: aa D:\wamp\www\datadic\Application\Runtime\Cache\Home\cb4c36c05a0a6e791f19647e2267e464.php 第 87 行.
NOTIC: [8] Undefined index: aa D:\wamp\www\datadic\Application\Runtime\Cache\Home\cb4c36c05a0a6e791f19647e2267e464.php 第 87 行.
NOTIC: [8] Undefined index: aa D:\wamp\www\datadic\Application\Runtime\Cache\Home\cb4c36c05a0a6e791f19647e2267e464.php 第 87 行.
NOTIC: [8] Undefined index: aa D:\wamp\www\datadic\Application\Runtime\Cache\Home\cb4c36c05a0a6e791f19647e2267e464.php 第 87 行.
NOTIC: [8] Undefined index: aa D:\wamp\www\datadic\Application\Runtime\Cache\Home\cb4c36c05a0a6e791f19647e2267e464.php 第 87 行.
NOTIC: [8] Undefined index: aa D:\wamp\www\datadic\Application\Runtime\Cache\Home\cb4c36c05a0a6e791f19647e2267e464.php 第 87 行.
NOTIC: [8] Undefined index: aa D:\wamp\www\datadic\Application\Runtime\Cache\Home\cb4c36c05a0a6e791f19647e2267e464.php 第 87 行.
NOTIC: [8] Undefined index: aa D:\wamp\www\datadic\Application\Runtime\Cache\Home\cb4c36c05a0a6e791f19647e2267e464.php 第 87 行.
NOTIC: [8] Undefined index: aa D:\wamp\www\datadic\Application\Runtime\Cache\Home\cb4c36c05a0a6e791f19647e2267e464.php 第 87 行.
NOTIC: [8] Undefined index: aa D:\wamp\www\datadic\Application\Runtime\Cache\Home\cb4c36c05a0a6e791f19647e2267e464.php 第 87 行.
NOTIC: [8] Undefined index: aa D:\wamp\www\datadic\Application\Runtime\Cache\Home\cb4c36c05a0a6e791f19647e2267e464.php 第 87 行.
NOTIC: [8] Undefined index: aa D:\wamp\www\datadic\Application\Runtime\Cache\Home\cb4c36c05a0a6e791f19647e2267e464.php 第 87 行.
NOTIC: [8] Undefined index: aa D:\wamp\www\datadic\Application\Runtime\Cache\Home\cb4c36c05a0a6e791f19647e2267e464.php 第 87 行.
NOTIC: [8] Undefined index: aa D:\wamp\www\datadic\Application\Runtime\Cache\Home\cb4c36c05a0a6e791f19647e2267e464.php 第 87 行.
NOTIC: [8] Undefined index: aa D:\wamp\www\datadic\Application\Runtime\Cache\Home\cb4c36c05a0a6e791f19647e2267e464.php 第 87 行.
NOTIC: [8] Undefined index: aa D:\wamp\www\datadic\Application\Runtime\Cache\Home\cb4c36c05a0a6e791f19647e2267e464.php 第 87 行.
NOTIC: [8] Undefined index: aa D:\wamp\www\datadic\Application\Runtime\Cache\Home\cb4c36c05a0a6e791f19647e2267e464.php 第 87 行.
NOTIC: [8] Undefined index: aa D:\wamp\www\datadic\Application\Runtime\Cache\Home\cb4c36c05a0a6e791f19647e2267e464.php 第 87 行.
NOTIC: [8] Undefined index: aa D:\wamp\www\datadic\Application\Runtime\Cache\Home\cb4c36c05a0a6e791f19647e2267e464.php 第 87 行.
NOTIC: [8] Undefined index: aa D:\wamp\www\datadic\Application\Runtime\Cache\Home\cb4c36c05a0a6e791f19647e2267e464.php 第 87 行.
NOTIC: [8] Undefined index: aa D:\wamp\www\datadic\Application\Runtime\Cache\Home\cb4c36c05a0a6e791f19647e2267e464.php 第 87 行.
NOTIC: [8] Undefined index: aa D:\wamp\www\datadic\Application\Runtime\Cache\Home\cb4c36c05a0a6e791f19647e2267e464.php 第 87 行.
NOTIC: [8] Undefined index: aa D:\wamp\www\datadic\Application\Runtime\Cache\Home\cb4c36c05a0a6e791f19647e2267e464.php 第 87 行.
NOTIC: [8] Undefined index: aa D:\wamp\www\datadic\Application\Runtime\Cache\Home\cb4c36c05a0a6e791f19647e2267e464.php 第 87 行.
NOTIC: [8] Undefined index: aa D:\wamp\www\datadic\Application\Runtime\Cache\Home\cb4c36c05a0a6e791f19647e2267e464.php 第 87 行.
NOTIC: [8] Undefined index: aa D:\wamp\www\datadic\Application\Runtime\Cache\Home\cb4c36c05a0a6e791f19647e2267e464.php 第 87 行.
NOTIC: [8] Undefined index: aa D:\wamp\www\datadic\Application\Runtime\Cache\Home\cb4c36c05a0a6e791f19647e2267e464.php 第 87 行.
NOTIC: [8] Undefined index: aa D:\wamp\www\datadic\Application\Runtime\Cache\Home\cb4c36c05a0a6e791f19647e2267e464.php 第 87 行.
NOTIC: [8] Undefined index: aa D:\wamp\www\datadic\Application\Runtime\Cache\Home\cb4c36c05a0a6e791f19647e2267e464.php 第 87 行.
NOTIC: [8] Undefined index: aa D:\wamp\www\datadic\Application\Runtime\Cache\Home\cb4c36c05a0a6e791f19647e2267e464.php 第 87 行.
NOTIC: [8] Undefined index: aa D:\wamp\www\datadic\Application\Runtime\Cache\Home\cb4c36c05a0a6e791f19647e2267e464.php 第 87 行.
NOTIC: [8] Undefined index: aa D:\wamp\www\datadic\Application\Runtime\Cache\Home\cb4c36c05a0a6e791f19647e2267e464.php 第 87 行.
NOTIC: [8] Undefined index: aa D:\wamp\www\datadic\Application\Runtime\Cache\Home\cb4c36c05a0a6e791f19647e2267e464.php 第 87 行.
NOTIC: [8] Undefined index: aa D:\wamp\www\datadic\Application\Runtime\Cache\Home\cb4c36c05a0a6e791f19647e2267e464.php 第 87 行.
NOTIC: [8] Undefined index: aa D:\wamp\www\datadic\Application\Runtime\Cache\Home\cb4c36c05a0a6e791f19647e2267e464.php 第 87 行.
NOTIC: [8] Undefined index: aa D:\wamp\www\datadic\Application\Runtime\Cache\Home\cb4c36c05a0a6e791f19647e2267e464.php 第 87 行.
NOTIC: [8] Undefined index: aa D:\wamp\www\datadic\Application\Runtime\Cache\Home\cb4c36c05a0a6e791f19647e2267e464.php 第 87 行.
NOTIC: [8] Undefined index: aa D:\wamp\www\datadic\Application\Runtime\Cache\Home\cb4c36c05a0a6e791f19647e2267e464.php 第 87 行.
NOTIC: [8] Undefined index: aa D:\wamp\www\datadic\Application\Runtime\Cache\Home\cb4c36c05a0a6e791f19647e2267e464.php 第 87 行.
NOTIC: [8] Undefined index: aa D:\wamp\www\datadic\Application\Runtime\Cache\Home\cb4c36c05a0a6e791f19647e2267e464.php 第 87 行.
NOTIC: [8] Undefined index: aa D:\wamp\www\datadic\Application\Runtime\Cache\Home\cb4c36c05a0a6e791f19647e2267e464.php 第 87 行.
NOTIC: [8] Undefined index: aa D:\wamp\www\datadic\Application\Runtime\Cache\Home\cb4c36c05a0a6e791f19647e2267e464.php 第 87 行.
NOTIC: [8] Undefined index: aa D:\wamp\www\datadic\Application\Runtime\Cache\Home\cb4c36c05a0a6e791f19647e2267e464.php 第 87 行.
NOTIC: [8] Undefined index: aa D:\wamp\www\datadic\Application\Runtime\Cache\Home\cb4c36c05a0a6e791f19647e2267e464.php 第 87 行.
NOTIC: [8] Undefined index: aa D:\wamp\www\datadic\Application\Runtime\Cache\Home\cb4c36c05a0a6e791f19647e2267e464.php 第 87 行.
NOTIC: [8] Undefined index: aa D:\wamp\www\datadic\Application\Runtime\Cache\Home\cb4c36c05a0a6e791f19647e2267e464.php 第 87 行.
NOTIC: [8] Undefined index: aa D:\wamp\www\datadic\Application\Runtime\Cache\Home\cb4c36c05a0a6e791f19647e2267e464.php 第 87 行.
NOTIC: [8] Undefined index: aa D:\wamp\www\datadic\Application\Runtime\Cache\Home\cb4c36c05a0a6e791f19647e2267e464.php 第 87 行.
NOTIC: [8] Undefined index: aa D:\wamp\www\datadic\Application\Runtime\Cache\Home\cb4c36c05a0a6e791f19647e2267e464.php 第 87 行.
NOTIC: [8] Undefined index: aa D:\wamp\www\datadic\Application\Runtime\Cache\Home\cb4c36c05a0a6e791f19647e2267e464.php 第 87 行.
NOTIC: [8] Undefined index: aa D:\wamp\www\datadic\Application\Runtime\Cache\Home\cb4c36c05a0a6e791f19647e2267e464.php 第 87 行.
NOTIC: [8] Undefined index: aa D:\wamp\www\datadic\Application\Runtime\Cache\Home\cb4c36c05a0a6e791f19647e2267e464.php 第 87 行.
NOTIC: [8] Undefined index: aa D:\wamp\www\datadic\Application\Runtime\Cache\Home\cb4c36c05a0a6e791f19647e2267e464.php 第 87 行.
NOTIC: [8] Undefined index: aa D:\wamp\www\datadic\Application\Runtime\Cache\Home\cb4c36c05a0a6e791f19647e2267e464.php 第 87 行.
NOTIC: [8] Undefined index: aa D:\wamp\www\datadic\Application\Runtime\Cache\Home\cb4c36c05a0a6e791f19647e2267e464.php 第 87 行.
NOTIC: [8] Undefined index: aa D:\wamp\www\datadic\Application\Runtime\Cache\Home\cb4c36c05a0a6e791f19647e2267e464.php 第 87 行.
NOTIC: [8] Undefined index: aa D:\wamp\www\datadic\Application\Runtime\Cache\Home\cb4c36c05a0a6e791f19647e2267e464.php 第 87 行.
NOTIC: [8] Undefined index: aa D:\wamp\www\datadic\Application\Runtime\Cache\Home\cb4c36c05a0a6e791f19647e2267e464.php 第 87 行.
NOTIC: [8] Undefined index: aa D:\wamp\www\datadic\Application\Runtime\Cache\Home\cb4c36c05a0a6e791f19647e2267e464.php 第 87 行.
NOTIC: [8] Undefined index: aa D:\wamp\www\datadic\Application\Runtime\Cache\Home\cb4c36c05a0a6e791f19647e2267e464.php 第 87 行.
NOTIC: [8] Undefined index: aa D:\wamp\www\datadic\Application\Runtime\Cache\Home\cb4c36c05a0a6e791f19647e2267e464.php 第 87 行.
NOTIC: [8] Undefined index: aa D:\wamp\www\datadic\Application\Runtime\Cache\Home\cb4c36c05a0a6e791f19647e2267e464.php 第 87 行.
NOTIC: [8] Undefined index: aa D:\wamp\www\datadic\Application\Runtime\Cache\Home\cb4c36c05a0a6e791f19647e2267e464.php 第 87 行.
NOTIC: [8] Undefined index: aa D:\wamp\www\datadic\Application\Runtime\Cache\Home\cb4c36c05a0a6e791f19647e2267e464.php 第 87 行.
NOTIC: [8] Undefined index: aa D:\wamp\www\datadic\Application\Runtime\Cache\Home\cb4c36c05a0a6e791f19647e2267e464.php 第 87 行.
NOTIC: [8] Undefined index: aa D:\wamp\www\datadic\Application\Runtime\Cache\Home\cb4c36c05a0a6e791f19647e2267e464.php 第 87 行.
NOTIC: [8] Undefined index: aa D:\wamp\www\datadic\Application\Runtime\Cache\Home\cb4c36c05a0a6e791f19647e2267e464.php 第 87 行.
NOTIC: [8] Undefined index: aa D:\wamp\www\datadic\Application\Runtime\Cache\Home\cb4c36c05a0a6e791f19647e2267e464.php 第 87 行.
NOTIC: [8] Undefined index: aa D:\wamp\www\datadic\Application\Runtime\Cache\Home\cb4c36c05a0a6e791f19647e2267e464.php 第 87 行.
NOTIC: [8] Undefined index: aa D:\wamp\www\datadic\Application\Runtime\Cache\Home\cb4c36c05a0a6e791f19647e2267e464.php 第 87 行.
NOTIC: [8] Undefined index: aa D:\wamp\www\datadic\Application\Runtime\Cache\Home\cb4c36c05a0a6e791f19647e2267e464.php 第 87 行.
NOTIC: [8] Undefined index: aa D:\wamp\www\datadic\Application\Runtime\Cache\Home\cb4c36c05a0a6e791f19647e2267e464.php 第 87 行.
NOTIC: [8] Undefined index: aa D:\wamp\www\datadic\Application\Runtime\Cache\Home\cb4c36c05a0a6e791f19647e2267e464.php 第 87 行.
NOTIC: [8] Undefined index: aa D:\wamp\www\datadic\Application\Runtime\Cache\Home\cb4c36c05a0a6e791f19647e2267e464.php 第 87 行.
NOTIC: [8] Undefined index: aa D:\wamp\www\datadic\Application\Runtime\Cache\Home\cb4c36c05a0a6e791f19647e2267e464.php 第 87 行.
NOTIC: [8] Undefined index: aa D:\wamp\www\datadic\Application\Runtime\Cache\Home\cb4c36c05a0a6e791f19647e2267e464.php 第 87 行.
NOTIC: [8] Undefined index: aa D:\wamp\www\datadic\Application\Runtime\Cache\Home\cb4c36c05a0a6e791f19647e2267e464.php 第 87 行.
NOTIC: [8] Undefined index: aa D:\wamp\www\datadic\Application\Runtime\Cache\Home\cb4c36c05a0a6e791f19647e2267e464.php 第 87 行.
NOTIC: [8] Undefined index: aa D:\wamp\www\datadic\Application\Runtime\Cache\Home\cb4c36c05a0a6e791f19647e2267e464.php 第 87 行.
NOTIC: [8] Undefined index: aa D:\wamp\www\datadic\Application\Runtime\Cache\Home\cb4c36c05a0a6e791f19647e2267e464.php 第 87 行.
NOTIC: [8] Undefined index: aa D:\wamp\www\datadic\Application\Runtime\Cache\Home\cb4c36c05a0a6e791f19647e2267e464.php 第 87 行.
NOTIC: [8] Undefined index: aa D:\wamp\www\datadic\Application\Runtime\Cache\Home\cb4c36c05a0a6e791f19647e2267e464.php 第 87 行.
NOTIC: [8] Undefined index: aa D:\wamp\www\datadic\Application\Runtime\Cache\Home\cb4c36c05a0a6e791f19647e2267e464.php 第 87 行.
NOTIC: [8] Undefined index: aa D:\wamp\www\datadic\Application\Runtime\Cache\Home\cb4c36c05a0a6e791f19647e2267e464.php 第 87 行.
NOTIC: [8] Undefined index: aa D:\wamp\www\datadic\Application\Runtime\Cache\Home\cb4c36c05a0a6e791f19647e2267e464.php 第 87 行.
NOTIC: [8] Undefined index: aa D:\wamp\www\datadic\Application\Runtime\Cache\Home\cb4c36c05a0a6e791f19647e2267e464.php 第 87 行.
NOTIC: [8] Undefined index: aa D:\wamp\www\datadic\Application\Runtime\Cache\Home\cb4c36c05a0a6e791f19647e2267e464.php 第 87 行.
NOTIC: [8] Undefined index: aa D:\wamp\www\datadic\Application\Runtime\Cache\Home\cb4c36c05a0a6e791f19647e2267e464.php 第 87 行.
NOTIC: [8] Undefined index: aa D:\wamp\www\datadic\Application\Runtime\Cache\Home\cb4c36c05a0a6e791f19647e2267e464.php 第 87 行.
NOTIC: [8] Undefined index: aa D:\wamp\www\datadic\Application\Runtime\Cache\Home\cb4c36c05a0a6e791f19647e2267e464.php 第 87 行.
NOTIC: [8] Undefined index: aa D:\wamp\www\datadic\Application\Runtime\Cache\Home\cb4c36c05a0a6e791f19647e2267e464.php 第 87 行.
NOTIC: [8] Undefined index: aa D:\wamp\www\datadic\Application\Runtime\Cache\Home\cb4c36c05a0a6e791f19647e2267e464.php 第 87 行.
NOTIC: [8] Undefined index: aa D:\wamp\www\datadic\Application\Runtime\Cache\Home\cb4c36c05a0a6e791f19647e2267e464.php 第 87 行.
NOTIC: [8] Undefined index: aa D:\wamp\www\datadic\Application\Runtime\Cache\Home\cb4c36c05a0a6e791f19647e2267e464.php 第 87 行.
NOTIC: [8] Undefined index: aa D:\wamp\www\datadic\Application\Runtime\Cache\Home\cb4c36c05a0a6e791f19647e2267e464.php 第 87 行.
NOTIC: [8] Undefined index: aa D:\wamp\www\datadic\Application\Runtime\Cache\Home\cb4c36c05a0a6e791f19647e2267e464.php 第 87 行.
NOTIC: [8] Undefined index: aa D:\wamp\www\datadic\Application\Runtime\Cache\Home\cb4c36c05a0a6e791f19647e2267e464.php 第 87 行.
NOTIC: [8] Undefined index: aa D:\wamp\www\datadic\Application\Runtime\Cache\Home\cb4c36c05a0a6e791f19647e2267e464.php 第 87 行.
NOTIC: [8] Undefined index: aa D:\wamp\www\datadic\Application\Runtime\Cache\Home\cb4c36c05a0a6e791f19647e2267e464.php 第 87 行.
NOTIC: [8] Undefined index: aa D:\wamp\www\datadic\Application\Runtime\Cache\Home\cb4c36c05a0a6e791f19647e2267e464.php 第 87 行.
NOTIC: [8] Undefined index: aa D:\wamp\www\datadic\Application\Runtime\Cache\Home\cb4c36c05a0a6e791f19647e2267e464.php 第 87 行.
NOTIC: [8] Undefined index: aa D:\wamp\www\datadic\Application\Runtime\Cache\Home\cb4c36c05a0a6e791f19647e2267e464.php 第 87 行.
NOTIC: [8] Undefined index: aa D:\wamp\www\datadic\Application\Runtime\Cache\Home\cb4c36c05a0a6e791f19647e2267e464.php 第 87 行.
NOTIC: [8] Undefined index: aa D:\wamp\www\datadic\Application\Runtime\Cache\Home\cb4c36c05a0a6e791f19647e2267e464.php 第 87 行.
NOTIC: [8] Undefined index: aa D:\wamp\www\datadic\Application\Runtime\Cache\Home\cb4c36c05a0a6e791f19647e2267e464.php 第 87 行.
NOTIC: [8] Undefined index: aa D:\wamp\www\datadic\Application\Runtime\Cache\Home\cb4c36c05a0a6e791f19647e2267e464.php 第 87 行.
NOTIC: [8] Undefined index: aa D:\wamp\www\datadic\Application\Runtime\Cache\Home\cb4c36c05a0a6e791f19647e2267e464.php 第 87 行.
NOTIC: [8] Undefined index: aa D:\wamp\www\datadic\Application\Runtime\Cache\Home\cb4c36c05a0a6e791f19647e2267e464.php 第 87 行.
NOTIC: [8] Undefined index: aa D:\wamp\www\datadic\Application\Runtime\Cache\Home\cb4c36c05a0a6e791f19647e2267e464.php 第 87 行.
NOTIC: [8] Undefined index: aa D:\wamp\www\datadic\Application\Runtime\Cache\Home\cb4c36c05a0a6e791f19647e2267e464.php 第 87 行.
NOTIC: [8] Undefined index: aa D:\wamp\www\datadic\Application\Runtime\Cache\Home\cb4c36c05a0a6e791f19647e2267e464.php 第 87 行.
NOTIC: [8] Undefined index: aa D:\wamp\www\datadic\Application\Runtime\Cache\Home\cb4c36c05a0a6e791f19647e2267e464.php 第 87 行.
NOTIC: [8] Undefined index: aa D:\wamp\www\datadic\Application\Runtime\Cache\Home\cb4c36c05a0a6e791f19647e2267e464.php 第 87 行.
NOTIC: [8] Undefined index: aa D:\wamp\www\datadic\Application\Runtime\Cache\Home\cb4c36c05a0a6e791f19647e2267e464.php 第 87 行.
NOTIC: [8] Undefined index: aa D:\wamp\www\datadic\Application\Runtime\Cache\Home\cb4c36c05a0a6e791f19647e2267e464.php 第 87 行.
NOTIC: [8] Undefined index: aa D:\wamp\www\datadic\Application\Runtime\Cache\Home\cb4c36c05a0a6e791f19647e2267e464.php 第 87 行.
NOTIC: [8] Undefined index: aa D:\wamp\www\datadic\Application\Runtime\Cache\Home\cb4c36c05a0a6e791f19647e2267e464.php 第 87 行.
NOTIC: [8] Undefined index: aa D:\wamp\www\datadic\Application\Runtime\Cache\Home\cb4c36c05a0a6e791f19647e2267e464.php 第 87 行.
NOTIC: [8] Undefined index: aa D:\wamp\www\datadic\Application\Runtime\Cache\Home\cb4c36c05a0a6e791f19647e2267e464.php 第 87 行.
NOTIC: [8] Undefined index: aa D:\wamp\www\datadic\Application\Runtime\Cache\Home\cb4c36c05a0a6e791f19647e2267e464.php 第 87 行.
NOTIC: [8] Undefined index: aa D:\wamp\www\datadic\Application\Runtime\Cache\Home\cb4c36c05a0a6e791f19647e2267e464.php 第 87 行.
NOTIC: [8] Undefined index: aa D:\wamp\www\datadic\Application\Runtime\Cache\Home\cb4c36c05a0a6e791f19647e2267e464.php 第 87 行.
NOTIC: [8] Undefined index: aa D:\wamp\www\datadic\Application\Runtime\Cache\Home\cb4c36c05a0a6e791f19647e2267e464.php 第 87 行.
NOTIC: [8] Undefined index: aa D:\wamp\www\datadic\Application\Runtime\Cache\Home\cb4c36c05a0a6e791f19647e2267e464.php 第 87 行.
NOTIC: [8] Undefined index: aa D:\wamp\www\datadic\Application\Runtime\Cache\Home\cb4c36c05a0a6e791f19647e2267e464.php 第 87 行.
NOTIC: [8] Undefined index: aa D:\wamp\www\datadic\Application\Runtime\Cache\Home\cb4c36c05a0a6e791f19647e2267e464.php 第 87 行.
NOTIC: [8] Undefined index: aa D:\wamp\www\datadic\Application\Runtime\Cache\Home\cb4c36c05a0a6e791f19647e2267e464.php 第 87 行.
NOTIC: [8] Undefined index: aa D:\wamp\www\datadic\Application\Runtime\Cache\Home\cb4c36c05a0a6e791f19647e2267e464.php 第 87 行.
NOTIC: [8] Undefined index: aa D:\wamp\www\datadic\Application\Runtime\Cache\Home\cb4c36c05a0a6e791f19647e2267e464.php 第 87 行.
NOTIC: [8] Undefined index: aa D:\wamp\www\datadic\Application\Runtime\Cache\Home\cb4c36c05a0a6e791f19647e2267e464.php 第 87 行.
NOTIC: [8] Undefined index: aa D:\wamp\www\datadic\Application\Runtime\Cache\Home\cb4c36c05a0a6e791f19647e2267e464.php 第 87 行.
NOTIC: [8] Undefined index: aa D:\wamp\www\datadic\Application\Runtime\Cache\Home\cb4c36c05a0a6e791f19647e2267e464.php 第 87 行.
NOTIC: [8] Undefined index: aa D:\wamp\www\datadic\Application\Runtime\Cache\Home\cb4c36c05a0a6e791f19647e2267e464.php 第 87 行.
NOTIC: [8] Undefined index: aa D:\wamp\www\datadic\Application\Runtime\Cache\Home\cb4c36c05a0a6e791f19647e2267e464.php 第 87 行.
NOTIC: [8] Undefined index: aa D:\wamp\www\datadic\Application\Runtime\Cache\Home\cb4c36c05a0a6e791f19647e2267e464.php 第 87 行.
NOTIC: [8] Undefined index: aa D:\wamp\www\datadic\Application\Runtime\Cache\Home\cb4c36c05a0a6e791f19647e2267e464.php 第 87 行.
NOTIC: [8] Undefined index: aa D:\wamp\www\datadic\Application\Runtime\Cache\Home\cb4c36c05a0a6e791f19647e2267e464.php 第 87 行.
NOTIC: [8] Undefined index: aa D:\wamp\www\datadic\Application\Runtime\Cache\Home\cb4c36c05a0a6e791f19647e2267e464.php 第 87 行.
NOTIC: [8] Undefined index: aa D:\wamp\www\datadic\Application\Runtime\Cache\Home\cb4c36c05a0a6e791f19647e2267e464.php 第 87 行.
NOTIC: [8] Undefined index: aa D:\wamp\www\datadic\Application\Runtime\Cache\Home\cb4c36c05a0a6e791f19647e2267e464.php 第 87 行.
NOTIC: [8] Undefined index: aa D:\wamp\www\datadic\Application\Runtime\Cache\Home\cb4c36c05a0a6e791f19647e2267e464.php 第 87 行.
NOTIC: [8] Undefined index: aa D:\wamp\www\datadic\Application\Runtime\Cache\Home\cb4c36c05a0a6e791f19647e2267e464.php 第 87 行.
NOTIC: [8] Undefined index: aa D:\wamp\www\datadic\Application\Runtime\Cache\Home\cb4c36c05a0a6e791f19647e2267e464.php 第 87 行.
NOTIC: [8] Undefined index: aa D:\wamp\www\datadic\Application\Runtime\Cache\Home\cb4c36c05a0a6e791f19647e2267e464.php 第 87 行.
NOTIC: [8] Undefined index: aa D:\wamp\www\datadic\Application\Runtime\Cache\Home\cb4c36c05a0a6e791f19647e2267e464.php 第 87 行.
NOTIC: [8] Undefined index: aa D:\wamp\www\datadic\Application\Runtime\Cache\Home\cb4c36c05a0a6e791f19647e2267e464.php 第 87 行.
NOTIC: [8] Undefined index: aa D:\wamp\www\datadic\Application\Runtime\Cache\Home\cb4c36c05a0a6e791f19647e2267e464.php 第 87 行.
NOTIC: [8] Undefined index: aa D:\wamp\www\datadic\Application\Runtime\Cache\Home\cb4c36c05a0a6e791f19647e2267e464.php 第 87 行.
NOTIC: [8] Undefined index: aa D:\wamp\www\datadic\Application\Runtime\Cache\Home\cb4c36c05a0a6e791f19647e2267e464.php 第 87 行.
NOTIC: [8] Undefined index: aa D:\wamp\www\datadic\Application\Runtime\Cache\Home\cb4c36c05a0a6e791f19647e2267e464.php 第 87 行.
NOTIC: [8] Undefined index: aa D:\wamp\www\datadic\Application\Runtime\Cache\Home\cb4c36c05a0a6e791f19647e2267e464.php 第 87 行.
NOTIC: [8] Undefined index: aa D:\wamp\www\datadic\Application\Runtime\Cache\Home\cb4c36c05a0a6e791f19647e2267e464.php 第 87 行.
NOTIC: [8] Undefined index: aa D:\wamp\www\datadic\Application\Runtime\Cache\Home\cb4c36c05a0a6e791f19647e2267e464.php 第 87 行.
NOTIC: [8] Undefined index: aa D:\wamp\www\datadic\Application\Runtime\Cache\Home\cb4c36c05a0a6e791f19647e2267e464.php 第 87 行.
NOTIC: [8] Undefined index: aa D:\wamp\www\datadic\Application\Runtime\Cache\Home\cb4c36c05a0a6e791f19647e2267e464.php 第 87 行.
NOTIC: [8] Undefined index: aa D:\wamp\www\datadic\Application\Runtime\Cache\Home\cb4c36c05a0a6e791f19647e2267e464.php 第 87 行.
NOTIC: [8] Undefined index: aa D:\wamp\www\datadic\Application\Runtime\Cache\Home\cb4c36c05a0a6e791f19647e2267e464.php 第 87 行.
NOTIC: [8] Undefined index: aa D:\wamp\www\datadic\Application\Runtime\Cache\Home\cb4c36c05a0a6e791f19647e2267e464.php 第 87 行.
NOTIC: [8] Undefined index: aa D:\wamp\www\datadic\Application\Runtime\Cache\Home\cb4c36c05a0a6e791f19647e2267e464.php 第 87 行.
NOTIC: [8] Undefined index: aa D:\wamp\www\datadic\Application\Runtime\Cache\Home\cb4c36c05a0a6e791f19647e2267e464.php 第 87 行.
NOTIC: [8] Undefined index: aa D:\wamp\www\datadic\Application\Runtime\Cache\Home\cb4c36c05a0a6e791f19647e2267e464.php 第 87 行.
NOTIC: [8] Undefined index: aa D:\wamp\www\datadic\Application\Runtime\Cache\Home\cb4c36c05a0a6e791f19647e2267e464.php 第 87 行.
NOTIC: [8] Undefined index: aa D:\wamp\www\datadic\Application\Runtime\Cache\Home\cb4c36c05a0a6e791f19647e2267e464.php 第 87 行.
NOTIC: [8] Undefined index: aa D:\wamp\www\datadic\Application\Runtime\Cache\Home\cb4c36c05a0a6e791f19647e2267e464.php 第 87 行.
NOTIC: [8] Undefined index: aa D:\wamp\www\datadic\Application\Runtime\Cache\Home\cb4c36c05a0a6e791f19647e2267e464.php 第 87 行.
NOTIC: [8] Undefined index: aa D:\wamp\www\datadic\Application\Runtime\Cache\Home\cb4c36c05a0a6e791f19647e2267e464.php 第 87 行.
NOTIC: [8] Undefined index: aa D:\wamp\www\datadic\Application\Runtime\Cache\Home\cb4c36c05a0a6e791f19647e2267e464.php 第 87 行.
NOTIC: [8] Undefined index: aa D:\wamp\www\datadic\Application\Runtime\Cache\Home\cb4c36c05a0a6e791f19647e2267e464.php 第 87 行.
NOTIC: [8] Undefined index: aa D:\wamp\www\datadic\Application\Runtime\Cache\Home\cb4c36c05a0a6e791f19647e2267e464.php 第 87 行.
NOTIC: [8] Undefined index: aa D:\wamp\www\datadic\Application\Runtime\Cache\Home\cb4c36c05a0a6e791f19647e2267e464.php 第 87 行.
NOTIC: [8] Undefined index: aa D:\wamp\www\datadic\Application\Runtime\Cache\Home\cb4c36c05a0a6e791f19647e2267e464.php 第 87 行.
NOTIC: [8] Undefined index: aa D:\wamp\www\datadic\Application\Runtime\Cache\Home\cb4c36c05a0a6e791f19647e2267e464.php 第 87 行.
NOTIC: [8] Undefined index: aa D:\wamp\www\datadic\Application\Runtime\Cache\Home\cb4c36c05a0a6e791f19647e2267e464.php 第 87 行.
NOTIC: [8] Undefined index: aa D:\wamp\www\datadic\Application\Runtime\Cache\Home\cb4c36c05a0a6e791f19647e2267e464.php 第 87 行.
NOTIC: [8] Undefined index: aa D:\wamp\www\datadic\Application\Runtime\Cache\Home\cb4c36c05a0a6e791f19647e2267e464.php 第 87 行.
NOTIC: [8] Undefined index: aa D:\wamp\www\datadic\Application\Runtime\Cache\Home\cb4c36c05a0a6e791f19647e2267e464.php 第 87 行.
NOTIC: [8] Undefined index: aa D:\wamp\www\datadic\Application\Runtime\Cache\Home\cb4c36c05a0a6e791f19647e2267e464.php 第 87 行.
NOTIC: [8] Undefined index: aa D:\wamp\www\datadic\Application\Runtime\Cache\Home\cb4c36c05a0a6e791f19647e2267e464.php 第 87 行.
NOTIC: [8] Undefined index: aa D:\wamp\www\datadic\Application\Runtime\Cache\Home\cb4c36c05a0a6e791f19647e2267e464.php 第 87 行.
NOTIC: [8] Undefined index: aa D:\wamp\www\datadic\Application\Runtime\Cache\Home\cb4c36c05a0a6e791f19647e2267e464.php 第 87 行.
NOTIC: [8] Undefined index: aa D:\wamp\www\datadic\Application\Runtime\Cache\Home\cb4c36c05a0a6e791f19647e2267e464.php 第 87 行.
NOTIC: [8] Undefined index: aa D:\wamp\www\datadic\Application\Runtime\Cache\Home\cb4c36c05a0a6e791f19647e2267e464.php 第 87 行.
NOTIC: [8] Undefined index: aa D:\wamp\www\datadic\Application\Runtime\Cache\Home\cb4c36c05a0a6e791f19647e2267e464.php 第 87 行.
NOTIC: [8] Undefined index: aa D:\wamp\www\datadic\Application\Runtime\Cache\Home\cb4c36c05a0a6e791f19647e2267e464.php 第 87 行.
NOTIC: [8] Undefined index: aa D:\wamp\www\datadic\Application\Runtime\Cache\Home\cb4c36c05a0a6e791f19647e2267e464.php 第 87 行.
NOTIC: [8] Undefined index: aa D:\wamp\www\datadic\Application\Runtime\Cache\Home\cb4c36c05a0a6e791f19647e2267e464.php 第 87 行.
NOTIC: [8] Undefined index: aa D:\wamp\www\datadic\Application\Runtime\Cache\Home\cb4c36c05a0a6e791f19647e2267e464.php 第 87 行.
NOTIC: [8] Undefined index: aa D:\wamp\www\datadic\Application\Runtime\Cache\Home\cb4c36c05a0a6e791f19647e2267e464.php 第 87 行.
NOTIC: [8] Undefined index: aa D:\wamp\www\datadic\Application\Runtime\Cache\Home\cb4c36c05a0a6e791f19647e2267e464.php 第 87 行.
NOTIC: [8] Undefined index: aa D:\wamp\www\datadic\Application\Runtime\Cache\Home\cb4c36c05a0a6e791f19647e2267e464.php 第 87 行.
NOTIC: [8] Undefined index: aa D:\wamp\www\datadic\Application\Runtime\Cache\Home\cb4c36c05a0a6e791f19647e2267e464.php 第 87 行.
NOTIC: [8] Undefined index: aa D:\wamp\www\datadic\Application\Runtime\Cache\Home\cb4c36c05a0a6e791f19647e2267e464.php 第 87 行.
NOTIC: [8] Undefined index: aa D:\wamp\www\datadic\Application\Runtime\Cache\Home\cb4c36c05a0a6e791f19647e2267e464.php 第 87 行.
NOTIC: [8] Undefined index: aa D:\wamp\www\datadic\Application\Runtime\Cache\Home\cb4c36c05a0a6e791f19647e2267e464.php 第 87 行.
NOTIC: [8] Undefined index: aa D:\wamp\www\datadic\Application\Runtime\Cache\Home\cb4c36c05a0a6e791f19647e2267e464.php 第 87 行.
NOTIC: [8] Undefined index: aa D:\wamp\www\datadic\Application\Runtime\Cache\Home\cb4c36c05a0a6e791f19647e2267e464.php 第 87 行.
NOTIC: [8] Undefined index: aa D:\wamp\www\datadic\Application\Runtime\Cache\Home\cb4c36c05a0a6e791f19647e2267e464.php 第 87 行.
NOTIC: [8] Undefined index: aa D:\wamp\www\datadic\Application\Runtime\Cache\Home\cb4c36c05a0a6e791f19647e2267e464.php 第 87 行.
NOTIC: [8] Undefined index: aa D:\wamp\www\datadic\Application\Runtime\Cache\Home\cb4c36c05a0a6e791f19647e2267e464.php 第 87 行.
NOTIC: [8] Undefined index: aa D:\wamp\www\datadic\Application\Runtime\Cache\Home\cb4c36c05a0a6e791f19647e2267e464.php 第 87 行.
NOTIC: [8] Undefined index: aa D:\wamp\www\datadic\Application\Runtime\Cache\Home\cb4c36c05a0a6e791f19647e2267e464.php 第 87 行.
NOTIC: [8] Undefined index: aa D:\wamp\www\datadic\Application\Runtime\Cache\Home\cb4c36c05a0a6e791f19647e2267e464.php 第 87 行.
NOTIC: [8] Undefined index: aa D:\wamp\www\datadic\Application\Runtime\Cache\Home\cb4c36c05a0a6e791f19647e2267e464.php 第 87 行.
NOTIC: [8] Undefined index: aa D:\wamp\www\datadic\Application\Runtime\Cache\Home\cb4c36c05a0a6e791f19647e2267e464.php 第 87 行.
NOTIC: [8] Undefined index: aa D:\wamp\www\datadic\Application\Runtime\Cache\Home\cb4c36c05a0a6e791f19647e2267e464.php 第 87 行.
NOTIC: [8] Undefined index: aa D:\wamp\www\datadic\Application\Runtime\Cache\Home\cb4c36c05a0a6e791f19647e2267e464.php 第 87 行.
INFO: Run Behavior\ParseTemplateBehavior [ RunTime:0.237014s ]
INFO: [ view_parse ] --END-- [ RunTime:0.237014s ]
INFO: [ view_filter ] --START--
INFO: Run Behavior\WriteHtmlCacheBehavior [ RunTime:0.011001s ]
INFO: [ view_filter ] --END-- [ RunTime:0.011001s ]
INFO: [ app_end ] --START--
INFO: Run Behavior\ShowPageTraceBehavior [ RunTime:0.007000s ]
INFO: [ app_end ] --END-- [ RunTime:0.007000s ]

[ 2016-10-18T13:35:57+08:00 ] 192.168.9.221 /datadic/index.php/Home/index/db_info/table_schema/navbar-fixed-top.css
INFO: [ app_init ] --START--
INFO: Run Behavior\BuildLiteBehavior [ RunTime:0.000000s ]
INFO: [ app_init ] --END-- [ RunTime:0.001000s ]
INFO: [ app_begin ] --START--
INFO: Run Behavior\ReadHtmlCacheBehavior [ RunTime:0.001000s ]
INFO: [ app_begin ] --END-- [ RunTime:0.001000s ]
SQL: SHOW COLUMNS FROM `sp_information_schema_tables` [ RunTime:0.0010s ]
SQL: SHOW COLUMNS FROM `sp_information_schema_columns` [ RunTime:0.0010s ]
SQL: SELECT * FROM `sp_information_schema_tables` WHERE `table_schema` = 'navbar-fixed-top.css' AND `display_sataus` = 1  [ RunTime:0.0010s ]
INFO: [ view_parse ] --START--
INFO: [ template_filter ] --START--
INFO: Run Behavior\ContentReplaceBehavior [ RunTime:0.000000s ]
INFO: [ template_filter ] --END-- [ RunTime:0.000000s ]
INFO: Run Behavior\ParseTemplateBehavior [ RunTime:0.014001s ]
INFO: [ view_parse ] --END-- [ RunTime:0.014001s ]
INFO: [ view_filter ] --START--
INFO: Run Behavior\WriteHtmlCacheBehavior [ RunTime:0.000000s ]
INFO: [ view_filter ] --END-- [ RunTime:0.000000s ]
INFO: [ app_end ] --START--
INFO: Run Behavior\ShowPageTraceBehavior [ RunTime:0.001000s ]
INFO: [ app_end ] --END-- [ RunTime:0.001000s ]

[ 2016-10-18T13:35:58+08:00 ] 192.168.9.221 /datadic/index.php/Home/index/assets/js/ie10-viewport-bug-workaround.js
INFO: [ app_init ] --START--
INFO: Run Behavior\BuildLiteBehavior [ RunTime:0.000000s ]
INFO: [ app_init ] --END-- [ RunTime:0.001000s ]
INFO: [ app_begin ] --START--
INFO: Run Behavior\ReadHtmlCacheBehavior [ RunTime:0.001000s ]
INFO: [ app_begin ] --END-- [ RunTime:0.001000s ]
SQL: SHOW COLUMNS FROM `sp_information_schema_tables` [ RunTime:0.0010s ]
SQL: SHOW COLUMNS FROM `sp_information_schema_columns` [ RunTime:0.0000s ]
ERR: 非法操作:assets

[ 2016-10-18T13:35:58+08:00 ] 192.168.9.221 /datadic/index.php/Home/index/favicon.ico
INFO: [ app_init ] --START--
INFO: Run Behavior\BuildLiteBehavior [ RunTime:0.000000s ]
INFO: [ app_init ] --END-- [ RunTime:0.001000s ]

[ 2016-10-18T13:35:58+08:00 ] 192.168.9.221 /datadic/index.php/Home/index/assets/js/ie-emulation-modes-warning.js
INFO: [ app_init ] --START--
INFO: Run Behavior\BuildLiteBehavior [ RunTime:0.000000s ]
INFO: [ app_init ] --END-- [ RunTime:0.001000s ]
INFO: [ app_begin ] --START--
INFO: Run Behavior\ReadHtmlCacheBehavior [ RunTime:0.001001s ]
INFO: [ app_begin ] --END-- [ RunTime:0.001001s ]
SQL: SHOW COLUMNS FROM `sp_information_schema_tables` [ RunTime:0.0010s ]
SQL: SHOW COLUMNS FROM `sp_information_schema_columns` [ RunTime:0.0010s ]
ERR: 非法操作:assets

[ 2016-10-18T13:35:58+08:00 ] 192.168.9.221 /datadic/index.php/Home/index/assets/js/ie10-viewport-bug-workaround.js
INFO: [ app_init ] --START--
INFO: Run Behavior\BuildLiteBehavior [ RunTime:0.000000s ]
INFO: [ app_init ] --END-- [ RunTime:0.001000s ]
INFO: [ app_begin ] --START--
INFO: Run Behavior\ReadHtmlCacheBehavior [ RunTime:0.001000s ]
INFO: [ app_begin ] --END-- [ RunTime:0.002000s ]
SQL: SHOW COLUMNS FROM `sp_information_schema_tables` [ RunTime:0.0010s ]
SQL: SHOW COLUMNS FROM `sp_information_schema_columns` [ RunTime:0.0010s ]
ERR: 非法操作:assets

[ 2016-10-18T13:37:13+08:00 ] 192.168.9.221 /datadic/index.php/Home/index/db_info/table_schema/iflashbuy.html
INFO: [ app_init ] --START--
INFO: Run Behavior\BuildLiteBehavior [ RunTime:0.000000s ]
INFO: [ app_init ] --END-- [ RunTime:0.001000s ]
INFO: [ app_begin ] --START--
INFO: Run Behavior\ReadHtmlCacheBehavior [ RunTime:0.001000s ]
INFO: [ app_begin ] --END-- [ RunTime:0.001000s ]
SQL: SHOW COLUMNS FROM `sp_information_schema_tables` [ RunTime:0.0010s ]
SQL: SHOW COLUMNS FROM `sp_information_schema_columns` [ RunTime:0.0000s ]
SQL: SELECT * FROM `sp_information_schema_tables` WHERE `table_schema` = 'iflashbuy' AND `display_sataus` = 1  [ RunTime:0.0020s ]
INFO: [ view_parse ] --START--
INFO: [ template_filter ] --START--
INFO: Run Behavior\ContentReplaceBehavior [ RunTime:0.000000s ]
INFO: [ template_filter ] --END-- [ RunTime:0.000000s ]
NOTIC: [8] Undefined index: aa D:\wamp\www\datadic\Application\Runtime\Cache\Home\cb4c36c05a0a6e791f19647e2267e464.php 第 87 行.
NOTIC: [8] Undefined index: aa D:\wamp\www\datadic\Application\Runtime\Cache\Home\cb4c36c05a0a6e791f19647e2267e464.php 第 87 行.
NOTIC: [8] Undefined index: aa D:\wamp\www\datadic\Application\Runtime\Cache\Home\cb4c36c05a0a6e791f19647e2267e464.php 第 87 行.
NOTIC: [8] Undefined index: aa D:\wamp\www\datadic\Application\Runtime\Cache\Home\cb4c36c05a0a6e791f19647e2267e464.php 第 87 行.
NOTIC: [8] Undefined index: aa D:\wamp\www\datadic\Application\Runtime\Cache\Home\cb4c36c05a0a6e791f19647e2267e464.php 第 87 行.
NOTIC: [8] Undefined index: aa D:\wamp\www\datadic\Application\Runtime\Cache\Home\cb4c36c05a0a6e791f19647e2267e464.php 第 87 行.
NOTIC: [8] Undefined index: aa D:\wamp\www\datadic\Application\Runtime\Cache\Home\cb4c36c05a0a6e791f19647e2267e464.php 第 87 行.
NOTIC: [8] Undefined index: aa D:\wamp\www\datadic\Application\Runtime\Cache\Home\cb4c36c05a0a6e791f19647e2267e464.php 第 87 行.
NOTIC: [8] Undefined index: aa D:\wamp\www\datadic\Application\Runtime\Cache\Home\cb4c36c05a0a6e791f19647e2267e464.php 第 87 行.
NOTIC: [8] Undefined index: aa D:\wamp\www\datadic\Application\Runtime\Cache\Home\cb4c36c05a0a6e791f19647e2267e464.php 第 87 行.
NOTIC: [8] Undefined index: aa D:\wamp\www\datadic\Application\Runtime\Cache\Home\cb4c36c05a0a6e791f19647e2267e464.php 第 87 行.
NOTIC: [8] Undefined index: aa D:\wamp\www\datadic\Application\Runtime\Cache\Home\cb4c36c05a0a6e791f19647e2267e464.php 第 87 行.
NOTIC: [8] Undefined index: aa D:\wamp\www\datadic\Application\Runtime\Cache\Home\cb4c36c05a0a6e791f19647e2267e464.php 第 87 行.
NOTIC: [8] Undefined index: aa D:\wamp\www\datadic\Application\Runtime\Cache\Home\cb4c36c05a0a6e791f19647e2267e464.php 第 87 行.
NOTIC: [8] Undefined index: aa D:\wamp\www\datadic\Application\Runtime\Cache\Home\cb4c36c05a0a6e791f19647e2267e464.php 第 87 行.
NOTIC: [8] Undefined index: aa D:\wamp\www\datadic\Application\Runtime\Cache\Home\cb4c36c05a0a6e791f19647e2267e464.php 第 87 行.
NOTIC: [8] Undefined index: aa D:\wamp\www\datadic\Application\Runtime\Cache\Home\cb4c36c05a0a6e791f19647e2267e464.php 第 87 行.
NOTIC: [8] Undefined index: aa D:\wamp\www\datadic\Application\Runtime\Cache\Home\cb4c36c05a0a6e791f19647e2267e464.php 第 87 行.
NOTIC: [8] Undefined index: aa D:\wamp\www\datadic\Application\Runtime\Cache\Home\cb4c36c05a0a6e791f19647e2267e464.php 第 87 行.
NOTIC: [8] Undefined index: aa D:\wamp\www\datadic\Application\Runtime\Cache\Home\cb4c36c05a0a6e791f19647e2267e464.php 第 87 行.
NOTIC: [8] Undefined index: aa D:\wamp\www\datadic\Application\Runtime\Cache\Home\cb4c36c05a0a6e791f19647e2267e464.php 第 87 行.
NOTIC: [8] Undefined index: aa D:\wamp\www\datadic\Application\Runtime\Cache\Home\cb4c36c05a0a6e791f19647e2267e464.php 第 87 行.
NOTIC: [8] Undefined index: aa D:\wamp\www\datadic\Application\Runtime\Cache\Home\cb4c36c05a0a6e791f19647e2267e464.php 第 87 行.
NOTIC: [8] Undefined index: aa D:\wamp\www\datadic\Application\Runtime\Cache\Home\cb4c36c05a0a6e791f19647e2267e464.php 第 87 行.
NOTIC: [8] Undefined index: aa D:\wamp\www\datadic\Application\Runtime\Cache\Home\cb4c36c05a0a6e791f19647e2267e464.php 第 87 行.
NOTIC: [8] Undefined index: aa D:\wamp\www\datadic\Application\Runtime\Cache\Home\cb4c36c05a0a6e791f19647e2267e464.php 第 87 行.
NOTIC: [8] Undefined index: aa D:\wamp\www\datadic\Application\Runtime\Cache\Home\cb4c36c05a0a6e791f19647e2267e464.php 第 87 行.
NOTIC: [8] Undefined index: aa D:\wamp\www\datadic\Application\Runtime\Cache\Home\cb4c36c05a0a6e791f19647e2267e464.php 第 87 行.
NOTIC: [8] Undefined index: aa D:\wamp\www\datadic\Application\Runtime\Cache\Home\cb4c36c05a0a6e791f19647e2267e464.php 第 87 行.
NOTIC: [8] Undefined index: aa D:\wamp\www\datadic\Application\Runtime\Cache\Home\cb4c36c05a0a6e791f19647e2267e464.php 第 87 行.
NOTIC: [8] Undefined index: aa D:\wamp\www\datadic\Application\Runtime\Cache\Home\cb4c36c05a0a6e791f19647e2267e464.php 第 87 行.
NOTIC: [8] Undefined index: aa D:\wamp\www\datadic\Application\Runtime\Cache\Home\cb4c36c05a0a6e791f19647e2267e464.php 第 87 行.
NOTIC: [8] Undefined index: aa D:\wamp\www\datadic\Application\Runtime\Cache\Home\cb4c36c05a0a6e791f19647e2267e464.php 第 87 行.
NOTIC: [8] Undefined index: aa D:\wamp\www\datadic\Application\Runtime\Cache\Home\cb4c36c05a0a6e791f19647e2267e464.php 第 87 行.
NOTIC: [8] Undefined index: aa D:\wamp\www\datadic\Application\Runtime\Cache\Home\cb4c36c05a0a6e791f19647e2267e464.php 第 87 行.
NOTIC: [8] Undefined index: aa D:\wamp\www\datadic\Application\Runtime\Cache\Home\cb4c36c05a0a6e791f19647e2267e464.php 第 87 行.
NOTIC: [8] Undefined index: aa D:\wamp\www\datadic\Application\Runtime\Cache\Home\cb4c36c05a0a6e791f19647e2267e464.php 第 87 行.
NOTIC: [8] Undefined index: aa D:\wamp\www\datadic\Application\Runtime\Cache\Home\cb4c36c05a0a6e791f19647e2267e464.php 第 87 行.
NOTIC: [8] Undefined index: aa D:\wamp\www\datadic\Application\Runtime\Cache\Home\cb4c36c05a0a6e791f19647e2267e464.php 第 87 行.
NOTIC: [8] Undefined index: aa D:\wamp\www\datadic\Application\Runtime\Cache\Home\cb4c36c05a0a6e791f19647e2267e464.php 第 87 行.
NOTIC: [8] Undefined index: aa D:\wamp\www\datadic\Application\Runtime\Cache\Home\cb4c36c05a0a6e791f19647e2267e464.php 第 87 行.
NOTIC: [8] Undefined index: aa D:\wamp\www\datadic\Application\Runtime\Cache\Home\cb4c36c05a0a6e791f19647e2267e464.php 第 87 行.
NOTIC: [8] Undefined index: aa D:\wamp\www\datadic\Application\Runtime\Cache\Home\cb4c36c05a0a6e791f19647e2267e464.php 第 87 行.
NOTIC: [8] Undefined index: aa D:\wamp\www\datadic\Application\Runtime\Cache\Home\cb4c36c05a0a6e791f19647e2267e464.php 第 87 行.
NOTIC: [8] Undefined index: aa D:\wamp\www\datadic\Application\Runtime\Cache\Home\cb4c36c05a0a6e791f19647e2267e464.php 第 87 行.
NOTIC: [8] Undefined index: aa D:\wamp\www\datadic\Application\Runtime\Cache\Home\cb4c36c05a0a6e791f19647e2267e464.php 第 87 行.
NOTIC: [8] Undefined index: aa D:\wamp\www\datadic\Application\Runtime\Cache\Home\cb4c36c05a0a6e791f19647e2267e464.php 第 87 行.
NOTIC: [8] Undefined index: aa D:\wamp\www\datadic\Application\Runtime\Cache\Home\cb4c36c05a0a6e791f19647e2267e464.php 第 87 行.
NOTIC: [8] Undefined index: aa D:\wamp\www\datadic\Application\Runtime\Cache\Home\cb4c36c05a0a6e791f19647e2267e464.php 第 87 行.
NOTIC: [8] Undefined index: aa D:\wamp\www\datadic\Application\Runtime\Cache\Home\cb4c36c05a0a6e791f19647e2267e464.php 第 87 行.
NOTIC: [8] Undefined index: aa D:\wamp\www\datadic\Application\Runtime\Cache\Home\cb4c36c05a0a6e791f19647e2267e464.php 第 87 行.
NOTIC: [8] Undefined index: aa D:\wamp\www\datadic\Application\Runtime\Cache\Home\cb4c36c05a0a6e791f19647e2267e464.php 第 87 行.
NOTIC: [8] Undefined index: aa D:\wamp\www\datadic\Application\Runtime\Cache\Home\cb4c36c05a0a6e791f19647e2267e464.php 第 87 行.
NOTIC: [8] Undefined index: aa D:\wamp\www\datadic\Application\Runtime\Cache\Home\cb4c36c05a0a6e791f19647e2267e464.php 第 87 行.
NOTIC: [8] Undefined index: aa D:\wamp\www\datadic\Application\Runtime\Cache\Home\cb4c36c05a0a6e791f19647e2267e464.php 第 87 行.
NOTIC: [8] Undefined index: aa D:\wamp\www\datadic\Application\Runtime\Cache\Home\cb4c36c05a0a6e791f19647e2267e464.php 第 87 行.
NOTIC: [8] Undefined index: aa D:\wamp\www\datadic\Application\Runtime\Cache\Home\cb4c36c05a0a6e791f19647e2267e464.php 第 87 行.
NOTIC: [8] Undefined index: aa D:\wamp\www\datadic\Application\Runtime\Cache\Home\cb4c36c05a0a6e791f19647e2267e464.php 第 87 行.
NOTIC: [8] Undefined index: aa D:\wamp\www\datadic\Application\Runtime\Cache\Home\cb4c36c05a0a6e791f19647e2267e464.php 第 87 行.
NOTIC: [8] Undefined index: aa D:\wamp\www\datadic\Application\Runtime\Cache\Home\cb4c36c05a0a6e791f19647e2267e464.php 第 87 行.
NOTIC: [8] Undefined index: aa D:\wamp\www\datadic\Application\Runtime\Cache\Home\cb4c36c05a0a6e791f19647e2267e464.php 第 87 行.
NOTIC: [8] Undefined index: aa D:\wamp\www\datadic\Application\Runtime\Cache\Home\cb4c36c05a0a6e791f19647e2267e464.php 第 87 行.
NOTIC: [8] Undefined index: aa D:\wamp\www\datadic\Application\Runtime\Cache\Home\cb4c36c05a0a6e791f19647e2267e464.php 第 87 行.
NOTIC: [8] Undefined index: aa D:\wamp\www\datadic\Application\Runtime\Cache\Home\cb4c36c05a0a6e791f19647e2267e464.php 第 87 行.
NOTIC: [8] Undefined index: aa D:\wamp\www\datadic\Application\Runtime\Cache\Home\cb4c36c05a0a6e791f19647e2267e464.php 第 87 行.
NOTIC: [8] Undefined index: aa D:\wamp\www\datadic\Application\Runtime\Cache\Home\cb4c36c05a0a6e791f19647e2267e464.php 第 87 行.
NOTIC: [8] Undefined index: aa D:\wamp\www\datadic\Application\Runtime\Cache\Home\cb4c36c05a0a6e791f19647e2267e464.php 第 87 行.
NOTIC: [8] Undefined index: aa D:\wamp\www\datadic\Application\Runtime\Cache\Home\cb4c36c05a0a6e791f19647e2267e464.php 第 87 行.
NOTIC: [8] Undefined index: aa D:\wamp\www\datadic\Application\Runtime\Cache\Home\cb4c36c05a0a6e791f19647e2267e464.php 第 87 行.
NOTIC: [8] Undefined index: aa D:\wamp\www\datadic\Application\Runtime\Cache\Home\cb4c36c05a0a6e791f19647e2267e464.php 第 87 行.
NOTIC: [8] Undefined index: aa D:\wamp\www\datadic\Application\Runtime\Cache\Home\cb4c36c05a0a6e791f19647e2267e464.php 第 87 行.
NOTIC: [8] Undefined index: aa D:\wamp\www\datadic\Application\Runtime\Cache\Home\cb4c36c05a0a6e791f19647e2267e464.php 第 87 行.
NOTIC: [8] Undefined index: aa D:\wamp\www\datadic\Application\Runtime\Cache\Home\cb4c36c05a0a6e791f19647e2267e464.php 第 87 行.
NOTIC: [8] Undefined index: aa D:\wamp\www\datadic\Application\Runtime\Cache\Home\cb4c36c05a0a6e791f19647e2267e464.php 第 87 行.
NOTIC: [8] Undefined index: aa D:\wamp\www\datadic\Application\Runtime\Cache\Home\cb4c36c05a0a6e791f19647e2267e464.php 第 87 行.
NOTIC: [8] Undefined index: aa D:\wamp\www\datadic\Application\Runtime\Cache\Home\cb4c36c05a0a6e791f19647e2267e464.php 第 87 行.
NOTIC: [8] Undefined index: aa D:\wamp\www\datadic\Application\Runtime\Cache\Home\cb4c36c05a0a6e791f19647e2267e464.php 第 87 行.
NOTIC: [8] Undefined index: aa D:\wamp\www\datadic\Application\Runtime\Cache\Home\cb4c36c05a0a6e791f19647e2267e464.php 第 87 行.
NOTIC: [8] Undefined index: aa D:\wamp\www\datadic\Application\Runtime\Cache\Home\cb4c36c05a0a6e791f19647e2267e464.php 第 87 行.
NOTIC: [8] Undefined index: aa D:\wamp\www\datadic\Application\Runtime\Cache\Home\cb4c36c05a0a6e791f19647e2267e464.php 第 87 行.
NOTIC: [8] Undefined index: aa D:\wamp\www\datadic\Application\Runtime\Cache\Home\cb4c36c05a0a6e791f19647e2267e464.php 第 87 行.
NOTIC: [8] Undefined index: aa D:\wamp\www\datadic\Application\Runtime\Cache\Home\cb4c36c05a0a6e791f19647e2267e464.php 第 87 行.
NOTIC: [8] Undefined index: aa D:\wamp\www\datadic\Application\Runtime\Cache\Home\cb4c36c05a0a6e791f19647e2267e464.php 第 87 行.
NOTIC: [8] Undefined index: aa D:\wamp\www\datadic\Application\Runtime\Cache\Home\cb4c36c05a0a6e791f19647e2267e464.php 第 87 行.
NOTIC: [8] Undefined index: aa D:\wamp\www\datadic\Application\Runtime\Cache\Home\cb4c36c05a0a6e791f19647e2267e464.php 第 87 行.
NOTIC: [8] Undefined index: aa D:\wamp\www\datadic\Application\Runtime\Cache\Home\cb4c36c05a0a6e791f19647e2267e464.php 第 87 行.
NOTIC: [8] Undefined index: aa D:\wamp\www\datadic\Application\Runtime\Cache\Home\cb4c36c05a0a6e791f19647e2267e464.php 第 87 行.
NOTIC: [8] Undefined index: aa D:\wamp\www\datadic\Application\Runtime\Cache\Home\cb4c36c05a0a6e791f19647e2267e464.php 第 87 行.
NOTIC: [8] Undefined index: aa D:\wamp\www\datadic\Application\Runtime\Cache\Home\cb4c36c05a0a6e791f19647e2267e464.php 第 87 行.
NOTIC: [8] Undefined index: aa D:\wamp\www\datadic\Application\Runtime\Cache\Home\cb4c36c05a0a6e791f19647e2267e464.php 第 87 行.
NOTIC: [8] Undefined index: aa D:\wamp\www\datadic\Application\Runtime\Cache\Home\cb4c36c05a0a6e791f19647e2267e464.php 第 87 行.
NOTIC: [8] Undefined index: aa D:\wamp\www\datadic\Application\Runtime\Cache\Home\cb4c36c05a0a6e791f19647e2267e464.php 第 87 行.
NOTIC: [8] Undefined index: aa D:\wamp\www\datadic\Application\Runtime\Cache\Home\cb4c36c05a0a6e791f19647e2267e464.php 第 87 行.
NOTIC: [8] Undefined index: aa D:\wamp\www\datadic\Application\Runtime\Cache\Home\cb4c36c05a0a6e791f19647e2267e464.php 第 87 行.
NOTIC: [8] Undefined index: aa D:\wamp\www\datadic\Application\Runtime\Cache\Home\cb4c36c05a0a6e791f19647e2267e464.php 第 87 行.
NOTIC: [8] Undefined index: aa D:\wamp\www\datadic\Application\Runtime\Cache\Home\cb4c36c05a0a6e791f19647e2267e464.php 第 87 行.
NOTIC: [8] Undefined index: aa D:\wamp\www\datadic\Application\Runtime\Cache\Home\cb4c36c05a0a6e791f19647e2267e464.php 第 87 行.
NOTIC: [8] Undefined index: aa D:\wamp\www\datadic\Application\Runtime\Cache\Home\cb4c36c05a0a6e791f19647e2267e464.php 第 87 行.
NOTIC: [8] Undefined index: aa D:\wamp\www\datadic\Application\Runtime\Cache\Home\cb4c36c05a0a6e791f19647e2267e464.php 第 87 行.
NOTIC: [8] Undefined index: aa D:\wamp\www\datadic\Application\Runtime\Cache\Home\cb4c36c05a0a6e791f19647e2267e464.php 第 87 行.
NOTIC: [8] Undefined index: aa D:\wamp\www\datadic\Application\Runtime\Cache\Home\cb4c36c05a0a6e791f19647e2267e464.php 第 87 行.
NOTIC: [8] Undefined index: aa D:\wamp\www\datadic\Application\Runtime\Cache\Home\cb4c36c05a0a6e791f19647e2267e464.php 第 87 行.
NOTIC: [8] Undefined index: aa D:\wamp\www\datadic\Application\Runtime\Cache\Home\cb4c36c05a0a6e791f19647e2267e464.php 第 87 行.
NOTIC: [8] Undefined index: aa D:\wamp\www\datadic\Application\Runtime\Cache\Home\cb4c36c05a0a6e791f19647e2267e464.php 第 87 行.
NOTIC: [8] Undefined index: aa D:\wamp\www\datadic\Application\Runtime\Cache\Home\cb4c36c05a0a6e791f19647e2267e464.php 第 87 行.
NOTIC: [8] Undefined index: aa D:\wamp\www\datadic\Application\Runtime\Cache\Home\cb4c36c05a0a6e791f19647e2267e464.php 第 87 行.
NOTIC: [8] Undefined index: aa D:\wamp\www\datadic\Application\Runtime\Cache\Home\cb4c36c05a0a6e791f19647e2267e464.php 第 87 行.
NOTIC: [8] Undefined index: aa D:\wamp\www\datadic\Application\Runtime\Cache\Home\cb4c36c05a0a6e791f19647e2267e464.php 第 87 行.
NOTIC: [8] Undefined index: aa D:\wamp\www\datadic\Application\Runtime\Cache\Home\cb4c36c05a0a6e791f19647e2267e464.php 第 87 行.
NOTIC: [8] Undefined index: aa D:\wamp\www\datadic\Application\Runtime\Cache\Home\cb4c36c05a0a6e791f19647e2267e464.php 第 87 行.
NOTIC: [8] Undefined index: aa D:\wamp\www\datadic\Application\Runtime\Cache\Home\cb4c36c05a0a6e791f19647e2267e464.php 第 87 行.
NOTIC: [8] Undefined index: aa D:\wamp\www\datadic\Application\Runtime\Cache\Home\cb4c36c05a0a6e791f19647e2267e464.php 第 87 行.
NOTIC: [8] Undefined index: aa D:\wamp\www\datadic\Application\Runtime\Cache\Home\cb4c36c05a0a6e791f19647e2267e464.php 第 87 行.
NOTIC: [8] Undefined index: aa D:\wamp\www\datadic\Application\Runtime\Cache\Home\cb4c36c05a0a6e791f19647e2267e464.php 第 87 行.
NOTIC: [8] Undefined index: aa D:\wamp\www\datadic\Application\Runtime\Cache\Home\cb4c36c05a0a6e791f19647e2267e464.php 第 87 行.
NOTIC: [8] Undefined index: aa D:\wamp\www\datadic\Application\Runtime\Cache\Home\cb4c36c05a0a6e791f19647e2267e464.php 第 87 行.
NOTIC: [8] Undefined index: aa D:\wamp\www\datadic\Application\Runtime\Cache\Home\cb4c36c05a0a6e791f19647e2267e464.php 第 87 行.
NOTIC: [8] Undefined index: aa D:\wamp\www\datadic\Application\Runtime\Cache\Home\cb4c36c05a0a6e791f19647e2267e464.php 第 87 行.
NOTIC: [8] Undefined index: aa D:\wamp\www\datadic\Application\Runtime\Cache\Home\cb4c36c05a0a6e791f19647e2267e464.php 第 87 行.
NOTIC: [8] Undefined index: aa D:\wamp\www\datadic\Application\Runtime\Cache\Home\cb4c36c05a0a6e791f19647e2267e464.php 第 87 行.
NOTIC: [8] Undefined index: aa D:\wamp\www\datadic\Application\Runtime\Cache\Home\cb4c36c05a0a6e791f19647e2267e464.php 第 87 行.
NOTIC: [8] Undefined index: aa D:\wamp\www\datadic\Application\Runtime\Cache\Home\cb4c36c05a0a6e791f19647e2267e464.php 第 87 行.
NOTIC: [8] Undefined index: aa D:\wamp\www\datadic\Application\Runtime\Cache\Home\cb4c36c05a0a6e791f19647e2267e464.php 第 87 行.
NOTIC: [8] Undefined index: aa D:\wamp\www\datadic\Application\Runtime\Cache\Home\cb4c36c05a0a6e791f19647e2267e464.php 第 87 行.
NOTIC: [8] Undefined index: aa D:\wamp\www\datadic\Application\Runtime\Cache\Home\cb4c36c05a0a6e791f19647e2267e464.php 第 87 行.
NOTIC: [8] Undefined index: aa D:\wamp\www\datadic\Application\Runtime\Cache\Home\cb4c36c05a0a6e791f19647e2267e464.php 第 87 行.
NOTIC: [8] Undefined index: aa D:\wamp\www\datadic\Application\Runtime\Cache\Home\cb4c36c05a0a6e791f19647e2267e464.php 第 87 行.
NOTIC: [8] Undefined index: aa D:\wamp\www\datadic\Application\Runtime\Cache\Home\cb4c36c05a0a6e791f19647e2267e464.php 第 87 行.
NOTIC: [8] Undefined index: aa D:\wamp\www\datadic\Application\Runtime\Cache\Home\cb4c36c05a0a6e791f19647e2267e464.php 第 87 行.
NOTIC: [8] Undefined index: aa D:\wamp\www\datadic\Application\Runtime\Cache\Home\cb4c36c05a0a6e791f19647e2267e464.php 第 87 行.
NOTIC: [8] Undefined index: aa D:\wamp\www\datadic\Application\Runtime\Cache\Home\cb4c36c05a0a6e791f19647e2267e464.php 第 87 行.
NOTIC: [8] Undefined index: aa D:\wamp\www\datadic\Application\Runtime\Cache\Home\cb4c36c05a0a6e791f19647e2267e464.php 第 87 行.
NOTIC: [8] Undefined index: aa D:\wamp\www\datadic\Application\Runtime\Cache\Home\cb4c36c05a0a6e791f19647e2267e464.php 第 87 行.
NOTIC: [8] Undefined index: aa D:\wamp\www\datadic\Application\Runtime\Cache\Home\cb4c36c05a0a6e791f19647e2267e464.php 第 87 行.
NOTIC: [8] Undefined index: aa D:\wamp\www\datadic\Application\Runtime\Cache\Home\cb4c36c05a0a6e791f19647e2267e464.php 第 87 行.
NOTIC: [8] Undefined index: aa D:\wamp\www\datadic\Application\Runtime\Cache\Home\cb4c36c05a0a6e791f19647e2267e464.php 第 87 行.
NOTIC: [8] Undefined index: aa D:\wamp\www\datadic\Application\Runtime\Cache\Home\cb4c36c05a0a6e791f19647e2267e464.php 第 87 行.
NOTIC: [8] Undefined index: aa D:\wamp\www\datadic\Application\Runtime\Cache\Home\cb4c36c05a0a6e791f19647e2267e464.php 第 87 行.
NOTIC: [8] Undefined index: aa D:\wamp\www\datadic\Application\Runtime\Cache\Home\cb4c36c05a0a6e791f19647e2267e464.php 第 87 行.
NOTIC: [8] Undefined index: aa D:\wamp\www\datadic\Application\Runtime\Cache\Home\cb4c36c05a0a6e791f19647e2267e464.php 第 87 行.
NOTIC: [8] Undefined index: aa D:\wamp\www\datadic\Application\Runtime\Cache\Home\cb4c36c05a0a6e791f19647e2267e464.php 第 87 行.
NOTIC: [8] Undefined index: aa D:\wamp\www\datadic\Application\Runtime\Cache\Home\cb4c36c05a0a6e791f19647e2267e464.php 第 87 行.
NOTIC: [8] Undefined index: aa D:\wamp\www\datadic\Application\Runtime\Cache\Home\cb4c36c05a0a6e791f19647e2267e464.php 第 87 行.
NOTIC: [8] Undefined index: aa D:\wamp\www\datadic\Application\Runtime\Cache\Home\cb4c36c05a0a6e791f19647e2267e464.php 第 87 行.
NOTIC: [8] Undefined index: aa D:\wamp\www\datadic\Application\Runtime\Cache\Home\cb4c36c05a0a6e791f19647e2267e464.php 第 87 行.
NOTIC: [8] Undefined index: aa D:\wamp\www\datadic\Application\Runtime\Cache\Home\cb4c36c05a0a6e791f19647e2267e464.php 第 87 行.
NOTIC: [8] Undefined index: aa D:\wamp\www\datadic\Application\Runtime\Cache\Home\cb4c36c05a0a6e791f19647e2267e464.php 第 87 行.
NOTIC: [8] Undefined index: aa D:\wamp\www\datadic\Application\Runtime\Cache\Home\cb4c36c05a0a6e791f19647e2267e464.php 第 87 行.
NOTIC: [8] Undefined index: aa D:\wamp\www\datadic\Application\Runtime\Cache\Home\cb4c36c05a0a6e791f19647e2267e464.php 第 87 行.
NOTIC: [8] Undefined index: aa D:\wamp\www\datadic\Application\Runtime\Cache\Home\cb4c36c05a0a6e791f19647e2267e464.php 第 87 行.
NOTIC: [8] Undefined index: aa D:\wamp\www\datadic\Application\Runtime\Cache\Home\cb4c36c05a0a6e791f19647e2267e464.php 第 87 行.
NOTIC: [8] Undefined index: aa D:\wamp\www\datadic\Application\Runtime\Cache\Home\cb4c36c05a0a6e791f19647e2267e464.php 第 87 行.
NOTIC: [8] Undefined index: aa D:\wamp\www\datadic\Application\Runtime\Cache\Home\cb4c36c05a0a6e791f19647e2267e464.php 第 87 行.
NOTIC: [8] Undefined index: aa D:\wamp\www\datadic\Application\Runtime\Cache\Home\cb4c36c05a0a6e791f19647e2267e464.php 第 87 行.
NOTIC: [8] Undefined index: aa D:\wamp\www\datadic\Application\Runtime\Cache\Home\cb4c36c05a0a6e791f19647e2267e464.php 第 87 行.
NOTIC: [8] Undefined index: aa D:\wamp\www\datadic\Application\Runtime\Cache\Home\cb4c36c05a0a6e791f19647e2267e464.php 第 87 行.
NOTIC: [8] Undefined index: aa D:\wamp\www\datadic\Application\Runtime\Cache\Home\cb4c36c05a0a6e791f19647e2267e464.php 第 87 行.
NOTIC: [8] Undefined index: aa D:\wamp\www\datadic\Application\Runtime\Cache\Home\cb4c36c05a0a6e791f19647e2267e464.php 第 87 行.
NOTIC: [8] Undefined index: aa D:\wamp\www\datadic\Application\Runtime\Cache\Home\cb4c36c05a0a6e791f19647e2267e464.php 第 87 行.
NOTIC: [8] Undefined index: aa D:\wamp\www\datadic\Application\Runtime\Cache\Home\cb4c36c05a0a6e791f19647e2267e464.php 第 87 行.
NOTIC: [8] Undefined index: aa D:\wamp\www\datadic\Application\Runtime\Cache\Home\cb4c36c05a0a6e791f19647e2267e464.php 第 87 行.
NOTIC: [8] Undefined index: aa D:\wamp\www\datadic\Application\Runtime\Cache\Home\cb4c36c05a0a6e791f19647e2267e464.php 第 87 行.
NOTIC: [8] Undefined index: aa D:\wamp\www\datadic\Application\Runtime\Cache\Home\cb4c36c05a0a6e791f19647e2267e464.php 第 87 行.
NOTIC: [8] Undefined index: aa D:\wamp\www\datadic\Application\Runtime\Cache\Home\cb4c36c05a0a6e791f19647e2267e464.php 第 87 行.
NOTIC: [8] Undefined index: aa D:\wamp\www\datadic\Application\Runtime\Cache\Home\cb4c36c05a0a6e791f19647e2267e464.php 第 87 行.
NOTIC: [8] Undefined index: aa D:\wamp\www\datadic\Application\Runtime\Cache\Home\cb4c36c05a0a6e791f19647e2267e464.php 第 87 行.
NOTIC: [8] Undefined index: aa D:\wamp\www\datadic\Application\Runtime\Cache\Home\cb4c36c05a0a6e791f19647e2267e464.php 第 87 行.
NOTIC: [8] Undefined index: aa D:\wamp\www\datadic\Application\Runtime\Cache\Home\cb4c36c05a0a6e791f19647e2267e464.php 第 87 行.
NOTIC: [8] Undefined index: aa D:\wamp\www\datadic\Application\Runtime\Cache\Home\cb4c36c05a0a6e791f19647e2267e464.php 第 87 行.
NOTIC: [8] Undefined index: aa D:\wamp\www\datadic\Application\Runtime\Cache\Home\cb4c36c05a0a6e791f19647e2267e464.php 第 87 行.
NOTIC: [8] Undefined index: aa D:\wamp\www\datadic\Application\Runtime\Cache\Home\cb4c36c05a0a6e791f19647e2267e464.php 第 87 行.
NOTIC: [8] Undefined index: aa D:\wamp\www\datadic\Application\Runtime\Cache\Home\cb4c36c05a0a6e791f19647e2267e464.php 第 87 行.
NOTIC: [8] Undefined index: aa D:\wamp\www\datadic\Application\Runtime\Cache\Home\cb4c36c05a0a6e791f19647e2267e464.php 第 87 行.
NOTIC: [8] Undefined index: aa D:\wamp\www\datadic\Application\Runtime\Cache\Home\cb4c36c05a0a6e791f19647e2267e464.php 第 87 行.
NOTIC: [8] Undefined index: aa D:\wamp\www\datadic\Application\Runtime\Cache\Home\cb4c36c05a0a6e791f19647e2267e464.php 第 87 行.
NOTIC: [8] Undefined index: aa D:\wamp\www\datadic\Application\Runtime\Cache\Home\cb4c36c05a0a6e791f19647e2267e464.php 第 87 行.
NOTIC: [8] Undefined index: aa D:\wamp\www\datadic\Application\Runtime\Cache\Home\cb4c36c05a0a6e791f19647e2267e464.php 第 87 行.
NOTIC: [8] Undefined index: aa D:\wamp\www\datadic\Application\Runtime\Cache\Home\cb4c36c05a0a6e791f19647e2267e464.php 第 87 行.
NOTIC: [8] Undefined index: aa D:\wamp\www\datadic\Application\Runtime\Cache\Home\cb4c36c05a0a6e791f19647e2267e464.php 第 87 行.
NOTIC: [8] Undefined index: aa D:\wamp\www\datadic\Application\Runtime\Cache\Home\cb4c36c05a0a6e791f19647e2267e464.php 第 87 行.
NOTIC: [8] Undefined index: aa D:\wamp\www\datadic\Application\Runtime\Cache\Home\cb4c36c05a0a6e791f19647e2267e464.php 第 87 行.
NOTIC: [8] Undefined index: aa D:\wamp\www\datadic\Application\Runtime\Cache\Home\cb4c36c05a0a6e791f19647e2267e464.php 第 87 行.
NOTIC: [8] Undefined index: aa D:\wamp\www\datadic\Application\Runtime\Cache\Home\cb4c36c05a0a6e791f19647e2267e464.php 第 87 行.
NOTIC: [8] Undefined index: aa D:\wamp\www\datadic\Application\Runtime\Cache\Home\cb4c36c05a0a6e791f19647e2267e464.php 第 87 行.
NOTIC: [8] Undefined index: aa D:\wamp\www\datadic\Application\Runtime\Cache\Home\cb4c36c05a0a6e791f19647e2267e464.php 第 87 行.
NOTIC: [8] Undefined index: aa D:\wamp\www\datadic\Application\Runtime\Cache\Home\cb4c36c05a0a6e791f19647e2267e464.php 第 87 行.
NOTIC: [8] Undefined index: aa D:\wamp\www\datadic\Application\Runtime\Cache\Home\cb4c36c05a0a6e791f19647e2267e464.php 第 87 行.
NOTIC: [8] Undefined index: aa D:\wamp\www\datadic\Application\Runtime\Cache\Home\cb4c36c05a0a6e791f19647e2267e464.php 第 87 行.
NOTIC: [8] Undefined index: aa D:\wamp\www\datadic\Application\Runtime\Cache\Home\cb4c36c05a0a6e791f19647e2267e464.php 第 87 行.
NOTIC: [8] Undefined index: aa D:\wamp\www\datadic\Application\Runtime\Cache\Home\cb4c36c05a0a6e791f19647e2267e464.php 第 87 行.
NOTIC: [8] Undefined index: aa D:\wamp\www\datadic\Application\Runtime\Cache\Home\cb4c36c05a0a6e791f19647e2267e464.php 第 87 行.
NOTIC: [8] Undefined index: aa D:\wamp\www\datadic\Application\Runtime\Cache\Home\cb4c36c05a0a6e791f19647e2267e464.php 第 87 行.
NOTIC: [8] Undefined index: aa D:\wamp\www\datadic\Application\Runtime\Cache\Home\cb4c36c05a0a6e791f19647e2267e464.php 第 87 行.
NOTIC: [8] Undefined index: aa D:\wamp\www\datadic\Application\Runtime\Cache\Home\cb4c36c05a0a6e791f19647e2267e464.php 第 87 行.
NOTIC: [8] Undefined index: aa D:\wamp\www\datadic\Application\Runtime\Cache\Home\cb4c36c05a0a6e791f19647e2267e464.php 第 87 行.
NOTIC: [8] Undefined index: aa D:\wamp\www\datadic\Application\Runtime\Cache\Home\cb4c36c05a0a6e791f19647e2267e464.php 第 87 行.
NOTIC: [8] Undefined index: aa D:\wamp\www\datadic\Application\Runtime\Cache\Home\cb4c36c05a0a6e791f19647e2267e464.php 第 87 行.
NOTIC: [8] Undefined index: aa D:\wamp\www\datadic\Application\Runtime\Cache\Home\cb4c36c05a0a6e791f19647e2267e464.php 第 87 行.
NOTIC: [8] Undefined index: aa D:\wamp\www\datadic\Application\Runtime\Cache\Home\cb4c36c05a0a6e791f19647e2267e464.php 第 87 行.
NOTIC: [8] Undefined index: aa D:\wamp\www\datadic\Application\Runtime\Cache\Home\cb4c36c05a0a6e791f19647e2267e464.php 第 87 行.
NOTIC: [8] Undefined index: aa D:\wamp\www\datadic\Application\Runtime\Cache\Home\cb4c36c05a0a6e791f19647e2267e464.php 第 87 行.
NOTIC: [8] Undefined index: aa D:\wamp\www\datadic\Application\Runtime\Cache\Home\cb4c36c05a0a6e791f19647e2267e464.php 第 87 行.
NOTIC: [8] Undefined index: aa D:\wamp\www\datadic\Application\Runtime\Cache\Home\cb4c36c05a0a6e791f19647e2267e464.php 第 87 行.
NOTIC: [8] Undefined index: aa D:\wamp\www\datadic\Application\Runtime\Cache\Home\cb4c36c05a0a6e791f19647e2267e464.php 第 87 行.
NOTIC: [8] Undefined index: aa D:\wamp\www\datadic\Application\Runtime\Cache\Home\cb4c36c05a0a6e791f19647e2267e464.php 第 87 行.
NOTIC: [8] Undefined index: aa D:\wamp\www\datadic\Application\Runtime\Cache\Home\cb4c36c05a0a6e791f19647e2267e464.php 第 87 行.
NOTIC: [8] Undefined index: aa D:\wamp\www\datadic\Application\Runtime\Cache\Home\cb4c36c05a0a6e791f19647e2267e464.php 第 87 行.
NOTIC: [8] Undefined index: aa D:\wamp\www\datadic\Application\Runtime\Cache\Home\cb4c36c05a0a6e791f19647e2267e464.php 第 87 行.
NOTIC: [8] Undefined index: aa D:\wamp\www\datadic\Application\Runtime\Cache\Home\cb4c36c05a0a6e791f19647e2267e464.php 第 87 行.
NOTIC: [8] Undefined index: aa D:\wamp\www\datadic\Application\Runtime\Cache\Home\cb4c36c05a0a6e791f19647e2267e464.php 第 87 行.
NOTIC: [8] Undefined index: aa D:\wamp\www\datadic\Application\Runtime\Cache\Home\cb4c36c05a0a6e791f19647e2267e464.php 第 87 行.
NOTIC: [8] Undefined index: aa D:\wamp\www\datadic\Application\Runtime\Cache\Home\cb4c36c05a0a6e791f19647e2267e464.php 第 87 行.
NOTIC: [8] Undefined index: aa D:\wamp\www\datadic\Application\Runtime\Cache\Home\cb4c36c05a0a6e791f19647e2267e464.php 第 87 行.
NOTIC: [8] Undefined index: aa D:\wamp\www\datadic\Application\Runtime\Cache\Home\cb4c36c05a0a6e791f19647e2267e464.php 第 87 行.
NOTIC: [8] Undefined index: aa D:\wamp\www\datadic\Application\Runtime\Cache\Home\cb4c36c05a0a6e791f19647e2267e464.php 第 87 行.
NOTIC: [8] Undefined index: aa D:\wamp\www\datadic\Application\Runtime\Cache\Home\cb4c36c05a0a6e791f19647e2267e464.php 第 87 行.
INFO: Run Behavior\ParseTemplateBehavior [ RunTime:0.100006s ]
INFO: [ view_parse ] --END-- [ RunTime:0.101006s ]
INFO: [ view_filter ] --START--
INFO: Run Behavior\WriteHtmlCacheBehavior [ RunTime:0.001000s ]
INFO: [ view_filter ] --END-- [ RunTime:0.001000s ]
INFO: [ app_end ] --START--
INFO: Run Behavior\ShowPageTraceBehavior [ RunTime:0.000000s ]
INFO: [ app_end ] --END-- [ RunTime:0.001000s ]

[ 2016-10-18T13:37:13+08:00 ] 192.168.9.221 /datadic/index.php/Home/index/db_info/table_schema/navbar-fixed-top.css
INFO: [ app_init ] --START--
INFO: Run Behavior\BuildLiteBehavior [ RunTime:0.001000s ]
INFO: [ app_init ] --END-- [ RunTime:0.001000s ]
INFO: [ app_begin ] --START--
INFO: Run Behavior\ReadHtmlCacheBehavior [ RunTime:0.001000s ]
INFO: [ app_begin ] --END-- [ RunTime:0.001000s ]
SQL: SHOW COLUMNS FROM `sp_information_schema_tables` [ RunTime:0.0010s ]
SQL: SHOW COLUMNS FROM `sp_information_schema_columns` [ RunTime:0.0010s ]
SQL: SELECT * FROM `sp_information_schema_tables` WHERE `table_schema` = 'navbar-fixed-top.css' AND `display_sataus` = 1  [ RunTime:0.0010s ]
INFO: [ view_parse ] --START--
INFO: [ template_filter ] --START--
INFO: Run Behavior\ContentReplaceBehavior [ RunTime:0.001000s ]
INFO: [ template_filter ] --END-- [ RunTime:0.001000s ]
INFO: Run Behavior\ParseTemplateBehavior [ RunTime:0.015000s ]
INFO: [ view_parse ] --END-- [ RunTime:0.015000s ]
INFO: [ view_filter ] --START--
INFO: Run Behavior\WriteHtmlCacheBehavior [ RunTime:0.001000s ]
INFO: [ view_filter ] --END-- [ RunTime:0.001000s ]
INFO: [ app_end ] --START--
INFO: Run Behavior\ShowPageTraceBehavior [ RunTime:0.001000s ]
INFO: [ app_end ] --END-- [ RunTime:0.001000s ]

[ 2016-10-18T13:37:13+08:00 ] 192.168.9.221 /datadic/index.php/Home/index/assets/js/ie-emulation-modes-warning.js
INFO: [ app_init ] --START--
INFO: Run Behavior\BuildLiteBehavior [ RunTime:0.000000s ]
INFO: [ app_init ] --END-- [ RunTime:0.001000s ]
INFO: [ app_begin ] --START--
INFO: Run Behavior\ReadHtmlCacheBehavior [ RunTime:0.001000s ]
INFO: [ app_begin ] --END-- [ RunTime:0.001000s ]
SQL: SHOW COLUMNS FROM `sp_information_schema_tables` [ RunTime:0.0010s ]
SQL: SHOW COLUMNS FROM `sp_information_schema_columns` [ RunTime:0.0010s ]
ERR: 非法操作:assets

[ 2016-10-18T13:37:13+08:00 ] 192.168.9.221 /datadic/index.php/Home/index/assets/js/ie10-viewport-bug-workaround.js
INFO: [ app_init ] --START--
INFO: Run Behavior\BuildLiteBehavior [ RunTime:0.000000s ]
INFO: [ app_init ] --END-- [ RunTime:0.001000s ]
INFO: [ app_begin ] --START--
INFO: Run Behavior\ReadHtmlCacheBehavior [ RunTime:0.001000s ]
INFO: [ app_begin ] --END-- [ RunTime:0.001000s ]
SQL: SHOW COLUMNS FROM `sp_information_schema_tables` [ RunTime:0.0000s ]
SQL: SHOW COLUMNS FROM `sp_information_schema_columns` [ RunTime:0.0010s ]
ERR: 非法操作:assets

