[ 2016-10-24T09:30:14+08:00 ] 127.0.0.1 /datadic/index.php/Home/slow/index.html
INFO: [ app_init ] --START--
INFO: Run Behavior\BuildLiteBehavior [ RunTime:0.000000s ]
INFO: [ app_init ] --END-- [ RunTime:0.001000s ]
INFO: [ app_begin ] --START--
INFO: Run Behavior\ReadHtmlCacheBehavior [ RunTime:0.001000s ]
INFO: [ app_begin ] --END-- [ RunTime:0.002000s ]
SQL: SHOW COLUMNS FROM `sp_global_query_review` [ RunTime:0.0010s ]
SQL: SHOW COLUMNS FROM `sp_global_query_review_history` [ RunTime:0.0020s ]
SQL: SELECT `checksum`,`db_max`,`sample`,`ts_min`,`ts_max` FROM `sp_global_query_review_history` WHERE ( ts_max > '2016-10-23' and checksum not in ( 5255103209479346193,9308995099268723497 ) ) GROUP BY checksum  [ RunTime:0.8410s ]
INFO: [ view_parse ] --START--
INFO: [ template_filter ] --START--
INFO: Run Behavior\ContentReplaceBehavior [ RunTime:0.000000s ]
INFO: [ template_filter ] --END-- [ RunTime:0.001000s ]
NOTIC: [8] Undefined variable: headname D:\wamp\www\datadic\Application\Runtime\Cache\Home\de775912405cdc3c7c39aa56b6cd1580.php 第 42 行.
INFO: Run Behavior\ParseTemplateBehavior [ RunTime:0.032002s ]
INFO: [ view_parse ] --END-- [ RunTime:0.032002s ]
INFO: [ view_filter ] --START--
INFO: Run Behavior\WriteHtmlCacheBehavior [ RunTime:0.001000s ]
INFO: [ view_filter ] --END-- [ RunTime:0.001000s ]
INFO: [ app_end ] --START--
INFO: Run Behavior\ShowPageTraceBehavior [ RunTime:0.001000s ]
INFO: [ app_end ] --END-- [ RunTime:0.001000s ]

[ 2016-10-24T09:30:14+08:00 ] 127.0.0.1 /datadic/index.php/Home/slow/navbar-fixed-top.css
INFO: [ app_init ] --START--
INFO: Run Behavior\BuildLiteBehavior [ RunTime:0.000000s ]
INFO: [ app_init ] --END-- [ RunTime:0.002000s ]
INFO: [ app_begin ] --START--
INFO: Run Behavior\ReadHtmlCacheBehavior [ RunTime:0.001000s ]
INFO: [ app_begin ] --END-- [ RunTime:0.001000s ]
SQL: SHOW COLUMNS FROM `sp_global_query_review` [ RunTime:0.0010s ]
SQL: SHOW COLUMNS FROM `sp_global_query_review_history` [ RunTime:0.0030s ]
ERR: 非法操作:navbar-fixed-top.css

[ 2016-10-24T14:44:01+08:00 ] 127.0.0.1 /datadic/index.php/Home/slow/index.html
INFO: [ app_init ] --START--
INFO: Run Behavior\BuildLiteBehavior [ RunTime:0.000000s ]
INFO: [ app_init ] --END-- [ RunTime:0.014001s ]
INFO: [ app_begin ] --START--
INFO: Run Behavior\ReadHtmlCacheBehavior [ RunTime:0.001000s ]
INFO: [ app_begin ] --END-- [ RunTime:0.002000s ]
SQL: SHOW COLUMNS FROM `sp_global_query_review` [ RunTime:0.0280s ]
SQL: SHOW COLUMNS FROM `sp_global_query_review_history` [ RunTime:0.0020s ]
SQL: SELECT `checksum`,`db_max`,`sample`,`ts_min`,`ts_max` FROM `sp_global_query_review_history` WHERE ( ts_max > '2016-10-23' and checksum not in ( 5255103209479346193,9308995099268723497 ) ) GROUP BY checksum  [ RunTime:0.0200s ]
INFO: [ view_parse ] --START--
INFO: [ template_filter ] --START--
INFO: Run Behavior\ContentReplaceBehavior [ RunTime:0.001000s ]
INFO: [ template_filter ] --END-- [ RunTime:0.001000s ]
NOTIC: [8] Undefined variable: headname D:\wamp\www\datadic\Application\Runtime\Cache\Home\de775912405cdc3c7c39aa56b6cd1580.php 第 42 行.
INFO: Run Behavior\ParseTemplateBehavior [ RunTime:0.138008s ]
INFO: [ view_parse ] --END-- [ RunTime:0.138008s ]
INFO: [ view_filter ] --START--
INFO: Run Behavior\WriteHtmlCacheBehavior [ RunTime:0.001000s ]
INFO: [ view_filter ] --END-- [ RunTime:0.001000s ]
INFO: [ app_end ] --START--
INFO: Run Behavior\ShowPageTraceBehavior [ RunTime:0.002001s ]
INFO: [ app_end ] --END-- [ RunTime:0.002001s ]

[ 2016-10-24T14:44:03+08:00 ] 127.0.0.1 /datadic/index.php/Home/slow/navbar-fixed-top.css
INFO: [ app_init ] --START--
INFO: Run Behavior\BuildLiteBehavior [ RunTime:0.000000s ]
INFO: [ app_init ] --END-- [ RunTime:0.001000s ]
INFO: [ app_begin ] --START--
INFO: Run Behavior\ReadHtmlCacheBehavior [ RunTime:0.000000s ]
INFO: [ app_begin ] --END-- [ RunTime:0.001000s ]
SQL: SHOW COLUMNS FROM `sp_global_query_review` [ RunTime:0.0010s ]
SQL: SHOW COLUMNS FROM `sp_global_query_review_history` [ RunTime:0.0020s ]
ERR: 非法操作:navbar-fixed-top.css

[ 2016-10-24T17:53:53+08:00 ] 127.0.0.1 /datadic/index.php/Home/slow/index.html
INFO: [ app_init ] --START--
INFO: Run Behavior\BuildLiteBehavior [ RunTime:0.000000s ]
INFO: [ app_init ] --END-- [ RunTime:0.001000s ]
INFO: [ app_begin ] --START--
INFO: Run Behavior\ReadHtmlCacheBehavior [ RunTime:0.000000s ]
INFO: [ app_begin ] --END-- [ RunTime:0.002000s ]
SQL: SHOW COLUMNS FROM `sp_global_query_review` [ RunTime:0.0010s ]
SQL: SHOW COLUMNS FROM `sp_global_query_review_history` [ RunTime:0.0020s ]
SQL: SELECT `checksum`,`db_max`,`sample`,`ts_min`,`ts_max` FROM `sp_global_query_review_history` WHERE ( ts_max > '2016-10-23' and checksum not in ( 5255103209479346193,9308995099268723497 ) ) GROUP BY checksum  [ RunTime:0.0190s ]
INFO: [ view_parse ] --START--
INFO: [ template_filter ] --START--
INFO: Run Behavior\ContentReplaceBehavior [ RunTime:0.000000s ]
INFO: [ template_filter ] --END-- [ RunTime:0.000000s ]
NOTIC: [8] Undefined variable: headname D:\wamp\www\datadic\Application\Runtime\Cache\Home\de775912405cdc3c7c39aa56b6cd1580.php 第 42 行.
INFO: Run Behavior\ParseTemplateBehavior [ RunTime:0.017001s ]
INFO: [ view_parse ] --END-- [ RunTime:0.017001s ]
INFO: [ view_filter ] --START--
INFO: Run Behavior\WriteHtmlCacheBehavior [ RunTime:0.001000s ]
INFO: [ view_filter ] --END-- [ RunTime:0.001000s ]
INFO: [ app_end ] --START--
INFO: Run Behavior\ShowPageTraceBehavior [ RunTime:0.000000s ]
INFO: [ app_end ] --END-- [ RunTime:0.001000s ]

[ 2016-10-24T17:53:53+08:00 ] 127.0.0.1 /datadic/index.php/Home/slow/navbar-fixed-top.css
INFO: [ app_init ] --START--
INFO: Run Behavior\BuildLiteBehavior [ RunTime:0.000000s ]
INFO: [ app_init ] --END-- [ RunTime:0.001000s ]
INFO: [ app_begin ] --START--
INFO: Run Behavior\ReadHtmlCacheBehavior [ RunTime:0.001000s ]
INFO: [ app_begin ] --END-- [ RunTime:0.002000s ]
SQL: SHOW COLUMNS FROM `sp_global_query_review` [ RunTime:0.0010s ]
SQL: SHOW COLUMNS FROM `sp_global_query_review_history` [ RunTime:0.0030s ]
ERR: 非法操作:navbar-fixed-top.css

