[ 2016-11-17T10:19:40+08:00 ] 192.168.9.186 /datadic/index.php/Home/index/db_info/table_schema/iflashbuy.html
INFO: [ app_init ] --START--
INFO: Run Behavior\BuildLiteBehavior [ RunTime:0.000000s ]
INFO: [ app_init ] --END-- [ RunTime:0.005000s ]
INFO: [ app_begin ] --START--
INFO: Run Behavior\ReadHtmlCacheBehavior [ RunTime:0.002000s ]
INFO: [ app_begin ] --END-- [ RunTime:0.002000s ]
SQL: SHOW COLUMNS FROM `sp_information_schema_tables` [ RunTime:0.0180s ]
SQL: SHOW COLUMNS FROM `sp_information_schema_columns` [ RunTime:0.0010s ]
SQL: SELECT * FROM `sp_information_schema_tables` WHERE `table_schema` = 'iflashbuy' AND `display_sataus` = 1  [ RunTime:0.0880s ]
INFO: [ view_parse ] --START--
INFO: [ template_filter ] --START--
INFO: Run Behavior\ContentReplaceBehavior [ RunTime:0.025002s ]
INFO: [ template_filter ] --END-- [ RunTime:0.026002s ]
NOTIC: [8] Undefined index: aa D:\wamp\www\datadic\Application\Runtime\Cache\Home\cb4c36c05a0a6e791f19647e2267e464.php 第 88 行.
NOTIC: [8] Undefined index: aa D:\wamp\www\datadic\Application\Runtime\Cache\Home\cb4c36c05a0a6e791f19647e2267e464.php 第 88 行.
NOTIC: [8] Undefined index: aa D:\wamp\www\datadic\Application\Runtime\Cache\Home\cb4c36c05a0a6e791f19647e2267e464.php 第 88 行.
NOTIC: [8] Undefined index: aa D:\wamp\www\datadic\Application\Runtime\Cache\Home\cb4c36c05a0a6e791f19647e2267e464.php 第 88 行.
NOTIC: [8] Undefined index: aa D:\wamp\www\datadic\Application\Runtime\Cache\Home\cb4c36c05a0a6e791f19647e2267e464.php 第 88 行.
NOTIC: [8] Undefined index: aa D:\wamp\www\datadic\Application\Runtime\Cache\Home\cb4c36c05a0a6e791f19647e2267e464.php 第 88 行.
NOTIC: [8] Undefined index: aa D:\wamp\www\datadic\Application\Runtime\Cache\Home\cb4c36c05a0a6e791f19647e2267e464.php 第 88 行.
NOTIC: [8] Undefined index: aa D:\wamp\www\datadic\Application\Runtime\Cache\Home\cb4c36c05a0a6e791f19647e2267e464.php 第 88 行.
NOTIC: [8] Undefined index: aa D:\wamp\www\datadic\Application\Runtime\Cache\Home\cb4c36c05a0a6e791f19647e2267e464.php 第 88 行.
NOTIC: [8] Undefined index: aa D:\wamp\www\datadic\Application\Runtime\Cache\Home\cb4c36c05a0a6e791f19647e2267e464.php 第 88 行.
NOTIC: [8] Undefined index: aa D:\wamp\www\datadic\Application\Runtime\Cache\Home\cb4c36c05a0a6e791f19647e2267e464.php 第 88 行.
NOTIC: [8] Undefined index: aa D:\wamp\www\datadic\Application\Runtime\Cache\Home\cb4c36c05a0a6e791f19647e2267e464.php 第 88 行.
NOTIC: [8] Undefined index: aa D:\wamp\www\datadic\Application\Runtime\Cache\Home\cb4c36c05a0a6e791f19647e2267e464.php 第 88 行.
NOTIC: [8] Undefined index: aa D:\wamp\www\datadic\Application\Runtime\Cache\Home\cb4c36c05a0a6e791f19647e2267e464.php 第 88 行.
NOTIC: [8] Undefined index: aa D:\wamp\www\datadic\Application\Runtime\Cache\Home\cb4c36c05a0a6e791f19647e2267e464.php 第 88 行.
NOTIC: [8] Undefined index: aa D:\wamp\www\datadic\Application\Runtime\Cache\Home\cb4c36c05a0a6e791f19647e2267e464.php 第 88 行.
NOTIC: [8] Undefined index: aa D:\wamp\www\datadic\Application\Runtime\Cache\Home\cb4c36c05a0a6e791f19647e2267e464.php 第 88 行.
NOTIC: [8] Undefined index: aa D:\wamp\www\datadic\Application\Runtime\Cache\Home\cb4c36c05a0a6e791f19647e2267e464.php 第 88 行.
NOTIC: [8] Undefined index: aa D:\wamp\www\datadic\Application\Runtime\Cache\Home\cb4c36c05a0a6e791f19647e2267e464.php 第 88 行.
NOTIC: [8] Undefined index: aa D:\wamp\www\datadic\Application\Runtime\Cache\Home\cb4c36c05a0a6e791f19647e2267e464.php 第 88 行.
NOTIC: [8] Undefined index: aa D:\wamp\www\datadic\Application\Runtime\Cache\Home\cb4c36c05a0a6e791f19647e2267e464.php 第 88 行.
NOTIC: [8] Undefined index: aa D:\wamp\www\datadic\Application\Runtime\Cache\Home\cb4c36c05a0a6e791f19647e2267e464.php 第 88 行.
NOTIC: [8] Undefined index: aa D:\wamp\www\datadic\Application\Runtime\Cache\Home\cb4c36c05a0a6e791f19647e2267e464.php 第 88 行.
NOTIC: [8] Undefined index: aa D:\wamp\www\datadic\Application\Runtime\Cache\Home\cb4c36c05a0a6e791f19647e2267e464.php 第 88 行.
NOTIC: [8] Undefined index: aa D:\wamp\www\datadic\Application\Runtime\Cache\Home\cb4c36c05a0a6e791f19647e2267e464.php 第 88 行.
NOTIC: [8] Undefined index: aa D:\wamp\www\datadic\Application\Runtime\Cache\Home\cb4c36c05a0a6e791f19647e2267e464.php 第 88 行.
NOTIC: [8] Undefined index: aa D:\wamp\www\datadic\Application\Runtime\Cache\Home\cb4c36c05a0a6e791f19647e2267e464.php 第 88 行.
NOTIC: [8] Undefined index: aa D:\wamp\www\datadic\Application\Runtime\Cache\Home\cb4c36c05a0a6e791f19647e2267e464.php 第 88 行.
NOTIC: [8] Undefined index: aa D:\wamp\www\datadic\Application\Runtime\Cache\Home\cb4c36c05a0a6e791f19647e2267e464.php 第 88 行.
NOTIC: [8] Undefined index: aa D:\wamp\www\datadic\Application\Runtime\Cache\Home\cb4c36c05a0a6e791f19647e2267e464.php 第 88 行.
NOTIC: [8] Undefined index: aa D:\wamp\www\datadic\Application\Runtime\Cache\Home\cb4c36c05a0a6e791f19647e2267e464.php 第 88 行.
NOTIC: [8] Undefined index: aa D:\wamp\www\datadic\Application\Runtime\Cache\Home\cb4c36c05a0a6e791f19647e2267e464.php 第 88 行.
NOTIC: [8] Undefined index: aa D:\wamp\www\datadic\Application\Runtime\Cache\Home\cb4c36c05a0a6e791f19647e2267e464.php 第 88 行.
NOTIC: [8] Undefined index: aa D:\wamp\www\datadic\Application\Runtime\Cache\Home\cb4c36c05a0a6e791f19647e2267e464.php 第 88 行.
NOTIC: [8] Undefined index: aa D:\wamp\www\datadic\Application\Runtime\Cache\Home\cb4c36c05a0a6e791f19647e2267e464.php 第 88 行.
NOTIC: [8] Undefined index: aa D:\wamp\www\datadic\Application\Runtime\Cache\Home\cb4c36c05a0a6e791f19647e2267e464.php 第 88 行.
NOTIC: [8] Undefined index: aa D:\wamp\www\datadic\Application\Runtime\Cache\Home\cb4c36c05a0a6e791f19647e2267e464.php 第 88 行.
NOTIC: [8] Undefined index: aa D:\wamp\www\datadic\Application\Runtime\Cache\Home\cb4c36c05a0a6e791f19647e2267e464.php 第 88 行.
NOTIC: [8] Undefined index: aa D:\wamp\www\datadic\Application\Runtime\Cache\Home\cb4c36c05a0a6e791f19647e2267e464.php 第 88 行.
NOTIC: [8] Undefined index: aa D:\wamp\www\datadic\Application\Runtime\Cache\Home\cb4c36c05a0a6e791f19647e2267e464.php 第 88 行.
NOTIC: [8] Undefined index: aa D:\wamp\www\datadic\Application\Runtime\Cache\Home\cb4c36c05a0a6e791f19647e2267e464.php 第 88 行.
NOTIC: [8] Undefined index: aa D:\wamp\www\datadic\Application\Runtime\Cache\Home\cb4c36c05a0a6e791f19647e2267e464.php 第 88 行.
NOTIC: [8] Undefined index: aa D:\wamp\www\datadic\Application\Runtime\Cache\Home\cb4c36c05a0a6e791f19647e2267e464.php 第 88 行.
NOTIC: [8] Undefined index: aa D:\wamp\www\datadic\Application\Runtime\Cache\Home\cb4c36c05a0a6e791f19647e2267e464.php 第 88 行.
NOTIC: [8] Undefined index: aa D:\wamp\www\datadic\Application\Runtime\Cache\Home\cb4c36c05a0a6e791f19647e2267e464.php 第 88 行.
NOTIC: [8] Undefined index: aa D:\wamp\www\datadic\Application\Runtime\Cache\Home\cb4c36c05a0a6e791f19647e2267e464.php 第 88 行.
NOTIC: [8] Undefined index: aa D:\wamp\www\datadic\Application\Runtime\Cache\Home\cb4c36c05a0a6e791f19647e2267e464.php 第 88 行.
NOTIC: [8] Undefined index: aa D:\wamp\www\datadic\Application\Runtime\Cache\Home\cb4c36c05a0a6e791f19647e2267e464.php 第 88 行.
NOTIC: [8] Undefined index: aa D:\wamp\www\datadic\Application\Runtime\Cache\Home\cb4c36c05a0a6e791f19647e2267e464.php 第 88 行.
NOTIC: [8] Undefined index: aa D:\wamp\www\datadic\Application\Runtime\Cache\Home\cb4c36c05a0a6e791f19647e2267e464.php 第 88 行.
NOTIC: [8] Undefined index: aa D:\wamp\www\datadic\Application\Runtime\Cache\Home\cb4c36c05a0a6e791f19647e2267e464.php 第 88 行.
NOTIC: [8] Undefined index: aa D:\wamp\www\datadic\Application\Runtime\Cache\Home\cb4c36c05a0a6e791f19647e2267e464.php 第 88 行.
NOTIC: [8] Undefined index: aa D:\wamp\www\datadic\Application\Runtime\Cache\Home\cb4c36c05a0a6e791f19647e2267e464.php 第 88 行.
NOTIC: [8] Undefined index: aa D:\wamp\www\datadic\Application\Runtime\Cache\Home\cb4c36c05a0a6e791f19647e2267e464.php 第 88 行.
NOTIC: [8] Undefined index: aa D:\wamp\www\datadic\Application\Runtime\Cache\Home\cb4c36c05a0a6e791f19647e2267e464.php 第 88 行.
NOTIC: [8] Undefined index: aa D:\wamp\www\datadic\Application\Runtime\Cache\Home\cb4c36c05a0a6e791f19647e2267e464.php 第 88 行.
NOTIC: [8] Undefined index: aa D:\wamp\www\datadic\Application\Runtime\Cache\Home\cb4c36c05a0a6e791f19647e2267e464.php 第 88 行.
NOTIC: [8] Undefined index: aa D:\wamp\www\datadic\Application\Runtime\Cache\Home\cb4c36c05a0a6e791f19647e2267e464.php 第 88 行.
NOTIC: [8] Undefined index: aa D:\wamp\www\datadic\Application\Runtime\Cache\Home\cb4c36c05a0a6e791f19647e2267e464.php 第 88 行.
NOTIC: [8] Undefined index: aa D:\wamp\www\datadic\Application\Runtime\Cache\Home\cb4c36c05a0a6e791f19647e2267e464.php 第 88 行.
NOTIC: [8] Undefined index: aa D:\wamp\www\datadic\Application\Runtime\Cache\Home\cb4c36c05a0a6e791f19647e2267e464.php 第 88 行.
NOTIC: [8] Undefined index: aa D:\wamp\www\datadic\Application\Runtime\Cache\Home\cb4c36c05a0a6e791f19647e2267e464.php 第 88 行.
NOTIC: [8] Undefined index: aa D:\wamp\www\datadic\Application\Runtime\Cache\Home\cb4c36c05a0a6e791f19647e2267e464.php 第 88 行.
NOTIC: [8] Undefined index: aa D:\wamp\www\datadic\Application\Runtime\Cache\Home\cb4c36c05a0a6e791f19647e2267e464.php 第 88 行.
NOTIC: [8] Undefined index: aa D:\wamp\www\datadic\Application\Runtime\Cache\Home\cb4c36c05a0a6e791f19647e2267e464.php 第 88 行.
NOTIC: [8] Undefined index: aa D:\wamp\www\datadic\Application\Runtime\Cache\Home\cb4c36c05a0a6e791f19647e2267e464.php 第 88 行.
NOTIC: [8] Undefined index: aa D:\wamp\www\datadic\Application\Runtime\Cache\Home\cb4c36c05a0a6e791f19647e2267e464.php 第 88 行.
NOTIC: [8] Undefined index: aa D:\wamp\www\datadic\Application\Runtime\Cache\Home\cb4c36c05a0a6e791f19647e2267e464.php 第 88 行.
NOTIC: [8] Undefined index: aa D:\wamp\www\datadic\Application\Runtime\Cache\Home\cb4c36c05a0a6e791f19647e2267e464.php 第 88 行.
NOTIC: [8] Undefined index: aa D:\wamp\www\datadic\Application\Runtime\Cache\Home\cb4c36c05a0a6e791f19647e2267e464.php 第 88 行.
NOTIC: [8] Undefined index: aa D:\wamp\www\datadic\Application\Runtime\Cache\Home\cb4c36c05a0a6e791f19647e2267e464.php 第 88 行.
NOTIC: [8] Undefined index: aa D:\wamp\www\datadic\Application\Runtime\Cache\Home\cb4c36c05a0a6e791f19647e2267e464.php 第 88 行.
NOTIC: [8] Undefined index: aa D:\wamp\www\datadic\Application\Runtime\Cache\Home\cb4c36c05a0a6e791f19647e2267e464.php 第 88 行.
NOTIC: [8] Undefined index: aa D:\wamp\www\datadic\Application\Runtime\Cache\Home\cb4c36c05a0a6e791f19647e2267e464.php 第 88 行.
NOTIC: [8] Undefined index: aa D:\wamp\www\datadic\Application\Runtime\Cache\Home\cb4c36c05a0a6e791f19647e2267e464.php 第 88 行.
NOTIC: [8] Undefined index: aa D:\wamp\www\datadic\Application\Runtime\Cache\Home\cb4c36c05a0a6e791f19647e2267e464.php 第 88 行.
NOTIC: [8] Undefined index: aa D:\wamp\www\datadic\Application\Runtime\Cache\Home\cb4c36c05a0a6e791f19647e2267e464.php 第 88 行.
NOTIC: [8] Undefined index: aa D:\wamp\www\datadic\Application\Runtime\Cache\Home\cb4c36c05a0a6e791f19647e2267e464.php 第 88 行.
NOTIC: [8] Undefined index: aa D:\wamp\www\datadic\Application\Runtime\Cache\Home\cb4c36c05a0a6e791f19647e2267e464.php 第 88 行.
NOTIC: [8] Undefined index: aa D:\wamp\www\datadic\Application\Runtime\Cache\Home\cb4c36c05a0a6e791f19647e2267e464.php 第 88 行.
NOTIC: [8] Undefined index: aa D:\wamp\www\datadic\Application\Runtime\Cache\Home\cb4c36c05a0a6e791f19647e2267e464.php 第 88 行.
NOTIC: [8] Undefined index: aa D:\wamp\www\datadic\Application\Runtime\Cache\Home\cb4c36c05a0a6e791f19647e2267e464.php 第 88 行.
NOTIC: [8] Undefined index: aa D:\wamp\www\datadic\Application\Runtime\Cache\Home\cb4c36c05a0a6e791f19647e2267e464.php 第 88 行.
NOTIC: [8] Undefined index: aa D:\wamp\www\datadic\Application\Runtime\Cache\Home\cb4c36c05a0a6e791f19647e2267e464.php 第 88 行.
NOTIC: [8] Undefined index: aa D:\wamp\www\datadic\Application\Runtime\Cache\Home\cb4c36c05a0a6e791f19647e2267e464.php 第 88 行.
NOTIC: [8] Undefined index: aa D:\wamp\www\datadic\Application\Runtime\Cache\Home\cb4c36c05a0a6e791f19647e2267e464.php 第 88 行.
NOTIC: [8] Undefined index: aa D:\wamp\www\datadic\Application\Runtime\Cache\Home\cb4c36c05a0a6e791f19647e2267e464.php 第 88 行.
NOTIC: [8] Undefined index: aa D:\wamp\www\datadic\Application\Runtime\Cache\Home\cb4c36c05a0a6e791f19647e2267e464.php 第 88 行.
NOTIC: [8] Undefined index: aa D:\wamp\www\datadic\Application\Runtime\Cache\Home\cb4c36c05a0a6e791f19647e2267e464.php 第 88 行.
NOTIC: [8] Undefined index: aa D:\wamp\www\datadic\Application\Runtime\Cache\Home\cb4c36c05a0a6e791f19647e2267e464.php 第 88 行.
NOTIC: [8] Undefined index: aa D:\wamp\www\datadic\Application\Runtime\Cache\Home\cb4c36c05a0a6e791f19647e2267e464.php 第 88 行.
NOTIC: [8] Undefined index: aa D:\wamp\www\datadic\Application\Runtime\Cache\Home\cb4c36c05a0a6e791f19647e2267e464.php 第 88 行.
NOTIC: [8] Undefined index: aa D:\wamp\www\datadic\Application\Runtime\Cache\Home\cb4c36c05a0a6e791f19647e2267e464.php 第 88 行.
NOTIC: [8] Undefined index: aa D:\wamp\www\datadic\Application\Runtime\Cache\Home\cb4c36c05a0a6e791f19647e2267e464.php 第 88 行.
NOTIC: [8] Undefined index: aa D:\wamp\www\datadic\Application\Runtime\Cache\Home\cb4c36c05a0a6e791f19647e2267e464.php 第 88 行.
NOTIC: [8] Undefined index: aa D:\wamp\www\datadic\Application\Runtime\Cache\Home\cb4c36c05a0a6e791f19647e2267e464.php 第 88 行.
NOTIC: [8] Undefined index: aa D:\wamp\www\datadic\Application\Runtime\Cache\Home\cb4c36c05a0a6e791f19647e2267e464.php 第 88 行.
NOTIC: [8] Undefined index: aa D:\wamp\www\datadic\Application\Runtime\Cache\Home\cb4c36c05a0a6e791f19647e2267e464.php 第 88 行.
NOTIC: [8] Undefined index: aa D:\wamp\www\datadic\Application\Runtime\Cache\Home\cb4c36c05a0a6e791f19647e2267e464.php 第 88 行.
NOTIC: [8] Undefined index: aa D:\wamp\www\datadic\Application\Runtime\Cache\Home\cb4c36c05a0a6e791f19647e2267e464.php 第 88 行.
NOTIC: [8] Undefined index: aa D:\wamp\www\datadic\Application\Runtime\Cache\Home\cb4c36c05a0a6e791f19647e2267e464.php 第 88 行.
NOTIC: [8] Undefined index: aa D:\wamp\www\datadic\Application\Runtime\Cache\Home\cb4c36c05a0a6e791f19647e2267e464.php 第 88 行.
NOTIC: [8] Undefined index: aa D:\wamp\www\datadic\Application\Runtime\Cache\Home\cb4c36c05a0a6e791f19647e2267e464.php 第 88 行.
NOTIC: [8] Undefined index: aa D:\wamp\www\datadic\Application\Runtime\Cache\Home\cb4c36c05a0a6e791f19647e2267e464.php 第 88 行.
NOTIC: [8] Undefined index: aa D:\wamp\www\datadic\Application\Runtime\Cache\Home\cb4c36c05a0a6e791f19647e2267e464.php 第 88 行.
NOTIC: [8] Undefined index: aa D:\wamp\www\datadic\Application\Runtime\Cache\Home\cb4c36c05a0a6e791f19647e2267e464.php 第 88 行.
NOTIC: [8] Undefined index: aa D:\wamp\www\datadic\Application\Runtime\Cache\Home\cb4c36c05a0a6e791f19647e2267e464.php 第 88 行.
NOTIC: [8] Undefined index: aa D:\wamp\www\datadic\Application\Runtime\Cache\Home\cb4c36c05a0a6e791f19647e2267e464.php 第 88 行.
NOTIC: [8] Undefined index: aa D:\wamp\www\datadic\Application\Runtime\Cache\Home\cb4c36c05a0a6e791f19647e2267e464.php 第 88 行.
NOTIC: [8] Undefined index: aa D:\wamp\www\datadic\Application\Runtime\Cache\Home\cb4c36c05a0a6e791f19647e2267e464.php 第 88 行.
NOTIC: [8] Undefined index: aa D:\wamp\www\datadic\Application\Runtime\Cache\Home\cb4c36c05a0a6e791f19647e2267e464.php 第 88 行.
NOTIC: [8] Undefined index: aa D:\wamp\www\datadic\Application\Runtime\Cache\Home\cb4c36c05a0a6e791f19647e2267e464.php 第 88 行.
NOTIC: [8] Undefined index: aa D:\wamp\www\datadic\Application\Runtime\Cache\Home\cb4c36c05a0a6e791f19647e2267e464.php 第 88 行.
NOTIC: [8] Undefined index: aa D:\wamp\www\datadic\Application\Runtime\Cache\Home\cb4c36c05a0a6e791f19647e2267e464.php 第 88 行.
NOTIC: [8] Undefined index: aa D:\wamp\www\datadic\Application\Runtime\Cache\Home\cb4c36c05a0a6e791f19647e2267e464.php 第 88 行.
NOTIC: [8] Undefined index: aa D:\wamp\www\datadic\Application\Runtime\Cache\Home\cb4c36c05a0a6e791f19647e2267e464.php 第 88 行.
NOTIC: [8] Undefined index: aa D:\wamp\www\datadic\Application\Runtime\Cache\Home\cb4c36c05a0a6e791f19647e2267e464.php 第 88 行.
NOTIC: [8] Undefined index: aa D:\wamp\www\datadic\Application\Runtime\Cache\Home\cb4c36c05a0a6e791f19647e2267e464.php 第 88 行.
NOTIC: [8] Undefined index: aa D:\wamp\www\datadic\Application\Runtime\Cache\Home\cb4c36c05a0a6e791f19647e2267e464.php 第 88 行.
NOTIC: [8] Undefined index: aa D:\wamp\www\datadic\Application\Runtime\Cache\Home\cb4c36c05a0a6e791f19647e2267e464.php 第 88 行.
NOTIC: [8] Undefined index: aa D:\wamp\www\datadic\Application\Runtime\Cache\Home\cb4c36c05a0a6e791f19647e2267e464.php 第 88 行.
NOTIC: [8] Undefined index: aa D:\wamp\www\datadic\Application\Runtime\Cache\Home\cb4c36c05a0a6e791f19647e2267e464.php 第 88 行.
NOTIC: [8] Undefined index: aa D:\wamp\www\datadic\Application\Runtime\Cache\Home\cb4c36c05a0a6e791f19647e2267e464.php 第 88 行.
NOTIC: [8] Undefined index: aa D:\wamp\www\datadic\Application\Runtime\Cache\Home\cb4c36c05a0a6e791f19647e2267e464.php 第 88 行.
NOTIC: [8] Undefined index: aa D:\wamp\www\datadic\Application\Runtime\Cache\Home\cb4c36c05a0a6e791f19647e2267e464.php 第 88 行.
NOTIC: [8] Undefined index: aa D:\wamp\www\datadic\Application\Runtime\Cache\Home\cb4c36c05a0a6e791f19647e2267e464.php 第 88 行.
NOTIC: [8] Undefined index: aa D:\wamp\www\datadic\Application\Runtime\Cache\Home\cb4c36c05a0a6e791f19647e2267e464.php 第 88 行.
NOTIC: [8] Undefined index: aa D:\wamp\www\datadic\Application\Runtime\Cache\Home\cb4c36c05a0a6e791f19647e2267e464.php 第 88 行.
NOTIC: [8] Undefined index: aa D:\wamp\www\datadic\Application\Runtime\Cache\Home\cb4c36c05a0a6e791f19647e2267e464.php 第 88 行.
NOTIC: [8] Undefined index: aa D:\wamp\www\datadic\Application\Runtime\Cache\Home\cb4c36c05a0a6e791f19647e2267e464.php 第 88 行.
NOTIC: [8] Undefined index: aa D:\wamp\www\datadic\Application\Runtime\Cache\Home\cb4c36c05a0a6e791f19647e2267e464.php 第 88 行.
NOTIC: [8] Undefined index: aa D:\wamp\www\datadic\Application\Runtime\Cache\Home\cb4c36c05a0a6e791f19647e2267e464.php 第 88 行.
NOTIC: [8] Undefined index: aa D:\wamp\www\datadic\Application\Runtime\Cache\Home\cb4c36c05a0a6e791f19647e2267e464.php 第 88 行.
NOTIC: [8] Undefined index: aa D:\wamp\www\datadic\Application\Runtime\Cache\Home\cb4c36c05a0a6e791f19647e2267e464.php 第 88 行.
NOTIC: [8] Undefined index: aa D:\wamp\www\datadic\Application\Runtime\Cache\Home\cb4c36c05a0a6e791f19647e2267e464.php 第 88 行.
NOTIC: [8] Undefined index: aa D:\wamp\www\datadic\Application\Runtime\Cache\Home\cb4c36c05a0a6e791f19647e2267e464.php 第 88 行.
NOTIC: [8] Undefined index: aa D:\wamp\www\datadic\Application\Runtime\Cache\Home\cb4c36c05a0a6e791f19647e2267e464.php 第 88 行.
NOTIC: [8] Undefined index: aa D:\wamp\www\datadic\Application\Runtime\Cache\Home\cb4c36c05a0a6e791f19647e2267e464.php 第 88 行.
NOTIC: [8] Undefined index: aa D:\wamp\www\datadic\Application\Runtime\Cache\Home\cb4c36c05a0a6e791f19647e2267e464.php 第 88 行.
NOTIC: [8] Undefined index: aa D:\wamp\www\datadic\Application\Runtime\Cache\Home\cb4c36c05a0a6e791f19647e2267e464.php 第 88 行.
NOTIC: [8] Undefined index: aa D:\wamp\www\datadic\Application\Runtime\Cache\Home\cb4c36c05a0a6e791f19647e2267e464.php 第 88 行.
NOTIC: [8] Undefined index: aa D:\wamp\www\datadic\Application\Runtime\Cache\Home\cb4c36c05a0a6e791f19647e2267e464.php 第 88 行.
NOTIC: [8] Undefined index: aa D:\wamp\www\datadic\Application\Runtime\Cache\Home\cb4c36c05a0a6e791f19647e2267e464.php 第 88 行.
NOTIC: [8] Undefined index: aa D:\wamp\www\datadic\Application\Runtime\Cache\Home\cb4c36c05a0a6e791f19647e2267e464.php 第 88 行.
NOTIC: [8] Undefined index: aa D:\wamp\www\datadic\Application\Runtime\Cache\Home\cb4c36c05a0a6e791f19647e2267e464.php 第 88 行.
NOTIC: [8] Undefined index: aa D:\wamp\www\datadic\Application\Runtime\Cache\Home\cb4c36c05a0a6e791f19647e2267e464.php 第 88 行.
NOTIC: [8] Undefined index: aa D:\wamp\www\datadic\Application\Runtime\Cache\Home\cb4c36c05a0a6e791f19647e2267e464.php 第 88 行.
NOTIC: [8] Undefined index: aa D:\wamp\www\datadic\Application\Runtime\Cache\Home\cb4c36c05a0a6e791f19647e2267e464.php 第 88 行.
NOTIC: [8] Undefined index: aa D:\wamp\www\datadic\Application\Runtime\Cache\Home\cb4c36c05a0a6e791f19647e2267e464.php 第 88 行.
NOTIC: [8] Undefined index: aa D:\wamp\www\datadic\Application\Runtime\Cache\Home\cb4c36c05a0a6e791f19647e2267e464.php 第 88 行.
NOTIC: [8] Undefined index: aa D:\wamp\www\datadic\Application\Runtime\Cache\Home\cb4c36c05a0a6e791f19647e2267e464.php 第 88 行.
NOTIC: [8] Undefined index: aa D:\wamp\www\datadic\Application\Runtime\Cache\Home\cb4c36c05a0a6e791f19647e2267e464.php 第 88 行.
NOTIC: [8] Undefined index: aa D:\wamp\www\datadic\Application\Runtime\Cache\Home\cb4c36c05a0a6e791f19647e2267e464.php 第 88 行.
NOTIC: [8] Undefined index: aa D:\wamp\www\datadic\Application\Runtime\Cache\Home\cb4c36c05a0a6e791f19647e2267e464.php 第 88 行.
NOTIC: [8] Undefined index: aa D:\wamp\www\datadic\Application\Runtime\Cache\Home\cb4c36c05a0a6e791f19647e2267e464.php 第 88 行.
NOTIC: [8] Undefined index: aa D:\wamp\www\datadic\Application\Runtime\Cache\Home\cb4c36c05a0a6e791f19647e2267e464.php 第 88 行.
NOTIC: [8] Undefined index: aa D:\wamp\www\datadic\Application\Runtime\Cache\Home\cb4c36c05a0a6e791f19647e2267e464.php 第 88 行.
NOTIC: [8] Undefined index: aa D:\wamp\www\datadic\Application\Runtime\Cache\Home\cb4c36c05a0a6e791f19647e2267e464.php 第 88 行.
NOTIC: [8] Undefined index: aa D:\wamp\www\datadic\Application\Runtime\Cache\Home\cb4c36c05a0a6e791f19647e2267e464.php 第 88 行.
NOTIC: [8] Undefined index: aa D:\wamp\www\datadic\Application\Runtime\Cache\Home\cb4c36c05a0a6e791f19647e2267e464.php 第 88 行.
NOTIC: [8] Undefined index: aa D:\wamp\www\datadic\Application\Runtime\Cache\Home\cb4c36c05a0a6e791f19647e2267e464.php 第 88 行.
NOTIC: [8] Undefined index: aa D:\wamp\www\datadic\Application\Runtime\Cache\Home\cb4c36c05a0a6e791f19647e2267e464.php 第 88 行.
NOTIC: [8] Undefined index: aa D:\wamp\www\datadic\Application\Runtime\Cache\Home\cb4c36c05a0a6e791f19647e2267e464.php 第 88 行.
NOTIC: [8] Undefined index: aa D:\wamp\www\datadic\Application\Runtime\Cache\Home\cb4c36c05a0a6e791f19647e2267e464.php 第 88 行.
NOTIC: [8] Undefined index: aa D:\wamp\www\datadic\Application\Runtime\Cache\Home\cb4c36c05a0a6e791f19647e2267e464.php 第 88 行.
NOTIC: [8] Undefined index: aa D:\wamp\www\datadic\Application\Runtime\Cache\Home\cb4c36c05a0a6e791f19647e2267e464.php 第 88 行.
NOTIC: [8] Undefined index: aa D:\wamp\www\datadic\Application\Runtime\Cache\Home\cb4c36c05a0a6e791f19647e2267e464.php 第 88 行.
NOTIC: [8] Undefined index: aa D:\wamp\www\datadic\Application\Runtime\Cache\Home\cb4c36c05a0a6e791f19647e2267e464.php 第 88 行.
NOTIC: [8] Undefined index: aa D:\wamp\www\datadic\Application\Runtime\Cache\Home\cb4c36c05a0a6e791f19647e2267e464.php 第 88 行.
NOTIC: [8] Undefined index: aa D:\wamp\www\datadic\Application\Runtime\Cache\Home\cb4c36c05a0a6e791f19647e2267e464.php 第 88 行.
NOTIC: [8] Undefined index: aa D:\wamp\www\datadic\Application\Runtime\Cache\Home\cb4c36c05a0a6e791f19647e2267e464.php 第 88 行.
NOTIC: [8] Undefined index: aa D:\wamp\www\datadic\Application\Runtime\Cache\Home\cb4c36c05a0a6e791f19647e2267e464.php 第 88 行.
NOTIC: [8] Undefined index: aa D:\wamp\www\datadic\Application\Runtime\Cache\Home\cb4c36c05a0a6e791f19647e2267e464.php 第 88 行.
NOTIC: [8] Undefined index: aa D:\wamp\www\datadic\Application\Runtime\Cache\Home\cb4c36c05a0a6e791f19647e2267e464.php 第 88 行.
NOTIC: [8] Undefined index: aa D:\wamp\www\datadic\Application\Runtime\Cache\Home\cb4c36c05a0a6e791f19647e2267e464.php 第 88 行.
NOTIC: [8] Undefined index: aa D:\wamp\www\datadic\Application\Runtime\Cache\Home\cb4c36c05a0a6e791f19647e2267e464.php 第 88 行.
NOTIC: [8] Undefined index: aa D:\wamp\www\datadic\Application\Runtime\Cache\Home\cb4c36c05a0a6e791f19647e2267e464.php 第 88 行.
NOTIC: [8] Undefined index: aa D:\wamp\www\datadic\Application\Runtime\Cache\Home\cb4c36c05a0a6e791f19647e2267e464.php 第 88 行.
NOTIC: [8] Undefined index: aa D:\wamp\www\datadic\Application\Runtime\Cache\Home\cb4c36c05a0a6e791f19647e2267e464.php 第 88 行.
NOTIC: [8] Undefined index: aa D:\wamp\www\datadic\Application\Runtime\Cache\Home\cb4c36c05a0a6e791f19647e2267e464.php 第 88 行.
NOTIC: [8] Undefined index: aa D:\wamp\www\datadic\Application\Runtime\Cache\Home\cb4c36c05a0a6e791f19647e2267e464.php 第 88 行.
NOTIC: [8] Undefined index: aa D:\wamp\www\datadic\Application\Runtime\Cache\Home\cb4c36c05a0a6e791f19647e2267e464.php 第 88 行.
NOTIC: [8] Undefined index: aa D:\wamp\www\datadic\Application\Runtime\Cache\Home\cb4c36c05a0a6e791f19647e2267e464.php 第 88 行.
NOTIC: [8] Undefined index: aa D:\wamp\www\datadic\Application\Runtime\Cache\Home\cb4c36c05a0a6e791f19647e2267e464.php 第 88 行.
NOTIC: [8] Undefined index: aa D:\wamp\www\datadic\Application\Runtime\Cache\Home\cb4c36c05a0a6e791f19647e2267e464.php 第 88 行.
NOTIC: [8] Undefined index: aa D:\wamp\www\datadic\Application\Runtime\Cache\Home\cb4c36c05a0a6e791f19647e2267e464.php 第 88 行.
NOTIC: [8] Undefined index: aa D:\wamp\www\datadic\Application\Runtime\Cache\Home\cb4c36c05a0a6e791f19647e2267e464.php 第 88 行.
NOTIC: [8] Undefined index: aa D:\wamp\www\datadic\Application\Runtime\Cache\Home\cb4c36c05a0a6e791f19647e2267e464.php 第 88 行.
NOTIC: [8] Undefined index: aa D:\wamp\www\datadic\Application\Runtime\Cache\Home\cb4c36c05a0a6e791f19647e2267e464.php 第 88 行.
NOTIC: [8] Undefined index: aa D:\wamp\www\datadic\Application\Runtime\Cache\Home\cb4c36c05a0a6e791f19647e2267e464.php 第 88 行.
NOTIC: [8] Undefined index: aa D:\wamp\www\datadic\Application\Runtime\Cache\Home\cb4c36c05a0a6e791f19647e2267e464.php 第 88 行.
NOTIC: [8] Undefined index: aa D:\wamp\www\datadic\Application\Runtime\Cache\Home\cb4c36c05a0a6e791f19647e2267e464.php 第 88 行.
NOTIC: [8] Undefined index: aa D:\wamp\www\datadic\Application\Runtime\Cache\Home\cb4c36c05a0a6e791f19647e2267e464.php 第 88 行.
NOTIC: [8] Undefined index: aa D:\wamp\www\datadic\Application\Runtime\Cache\Home\cb4c36c05a0a6e791f19647e2267e464.php 第 88 行.
NOTIC: [8] Undefined index: aa D:\wamp\www\datadic\Application\Runtime\Cache\Home\cb4c36c05a0a6e791f19647e2267e464.php 第 88 行.
NOTIC: [8] Undefined index: aa D:\wamp\www\datadic\Application\Runtime\Cache\Home\cb4c36c05a0a6e791f19647e2267e464.php 第 88 行.
NOTIC: [8] Undefined index: aa D:\wamp\www\datadic\Application\Runtime\Cache\Home\cb4c36c05a0a6e791f19647e2267e464.php 第 88 行.
NOTIC: [8] Undefined index: aa D:\wamp\www\datadic\Application\Runtime\Cache\Home\cb4c36c05a0a6e791f19647e2267e464.php 第 88 行.
NOTIC: [8] Undefined index: aa D:\wamp\www\datadic\Application\Runtime\Cache\Home\cb4c36c05a0a6e791f19647e2267e464.php 第 88 行.
NOTIC: [8] Undefined index: aa D:\wamp\www\datadic\Application\Runtime\Cache\Home\cb4c36c05a0a6e791f19647e2267e464.php 第 88 行.
NOTIC: [8] Undefined index: aa D:\wamp\www\datadic\Application\Runtime\Cache\Home\cb4c36c05a0a6e791f19647e2267e464.php 第 88 行.
NOTIC: [8] Undefined index: aa D:\wamp\www\datadic\Application\Runtime\Cache\Home\cb4c36c05a0a6e791f19647e2267e464.php 第 88 行.
NOTIC: [8] Undefined index: aa D:\wamp\www\datadic\Application\Runtime\Cache\Home\cb4c36c05a0a6e791f19647e2267e464.php 第 88 行.
NOTIC: [8] Undefined index: aa D:\wamp\www\datadic\Application\Runtime\Cache\Home\cb4c36c05a0a6e791f19647e2267e464.php 第 88 行.
NOTIC: [8] Undefined index: aa D:\wamp\www\datadic\Application\Runtime\Cache\Home\cb4c36c05a0a6e791f19647e2267e464.php 第 88 行.
NOTIC: [8] Undefined index: aa D:\wamp\www\datadic\Application\Runtime\Cache\Home\cb4c36c05a0a6e791f19647e2267e464.php 第 88 行.
NOTIC: [8] Undefined index: aa D:\wamp\www\datadic\Application\Runtime\Cache\Home\cb4c36c05a0a6e791f19647e2267e464.php 第 88 行.
NOTIC: [8] Undefined index: aa D:\wamp\www\datadic\Application\Runtime\Cache\Home\cb4c36c05a0a6e791f19647e2267e464.php 第 88 行.
NOTIC: [8] Undefined index: aa D:\wamp\www\datadic\Application\Runtime\Cache\Home\cb4c36c05a0a6e791f19647e2267e464.php 第 88 行.
NOTIC: [8] Undefined index: aa D:\wamp\www\datadic\Application\Runtime\Cache\Home\cb4c36c05a0a6e791f19647e2267e464.php 第 88 行.
NOTIC: [8] Undefined index: aa D:\wamp\www\datadic\Application\Runtime\Cache\Home\cb4c36c05a0a6e791f19647e2267e464.php 第 88 行.
NOTIC: [8] Undefined index: aa D:\wamp\www\datadic\Application\Runtime\Cache\Home\cb4c36c05a0a6e791f19647e2267e464.php 第 88 行.
NOTIC: [8] Undefined index: aa D:\wamp\www\datadic\Application\Runtime\Cache\Home\cb4c36c05a0a6e791f19647e2267e464.php 第 88 行.
NOTIC: [8] Undefined index: aa D:\wamp\www\datadic\Application\Runtime\Cache\Home\cb4c36c05a0a6e791f19647e2267e464.php 第 88 行.
NOTIC: [8] Undefined index: aa D:\wamp\www\datadic\Application\Runtime\Cache\Home\cb4c36c05a0a6e791f19647e2267e464.php 第 88 行.
NOTIC: [8] Undefined index: aa D:\wamp\www\datadic\Application\Runtime\Cache\Home\cb4c36c05a0a6e791f19647e2267e464.php 第 88 行.
NOTIC: [8] Undefined index: aa D:\wamp\www\datadic\Application\Runtime\Cache\Home\cb4c36c05a0a6e791f19647e2267e464.php 第 88 行.
NOTIC: [8] Undefined index: aa D:\wamp\www\datadic\Application\Runtime\Cache\Home\cb4c36c05a0a6e791f19647e2267e464.php 第 88 行.
NOTIC: [8] Undefined index: aa D:\wamp\www\datadic\Application\Runtime\Cache\Home\cb4c36c05a0a6e791f19647e2267e464.php 第 88 行.
INFO: Run Behavior\ParseTemplateBehavior [ RunTime:0.201012s ]
INFO: [ view_parse ] --END-- [ RunTime:0.201012s ]
INFO: [ view_filter ] --START--
INFO: Run Behavior\WriteHtmlCacheBehavior [ RunTime:0.011000s ]
INFO: [ view_filter ] --END-- [ RunTime:0.011000s ]
INFO: [ app_end ] --START--
INFO: Run Behavior\ShowPageTraceBehavior [ RunTime:0.002000s ]
INFO: [ app_end ] --END-- [ RunTime:0.003001s ]

[ 2016-11-17T10:19:40+08:00 ] 192.168.9.186 /datadic/index.php/Home/index/db_info/table_schema/navbar-fixed-top.css
INFO: [ app_init ] --START--
INFO: Run Behavior\BuildLiteBehavior [ RunTime:0.000000s ]
INFO: [ app_init ] --END-- [ RunTime:0.001000s ]
INFO: [ app_begin ] --START--
INFO: Run Behavior\ReadHtmlCacheBehavior [ RunTime:0.001000s ]
INFO: [ app_begin ] --END-- [ RunTime:0.001000s ]
SQL: SHOW COLUMNS FROM `sp_information_schema_tables` [ RunTime:0.0010s ]
SQL: SHOW COLUMNS FROM `sp_information_schema_columns` [ RunTime:0.0020s ]
SQL: SELECT * FROM `sp_information_schema_tables` WHERE `table_schema` = 'navbar-fixed-top.css' AND `display_sataus` = 1  [ RunTime:0.0020s ]
INFO: [ view_parse ] --START--
INFO: [ template_filter ] --START--
INFO: Run Behavior\ContentReplaceBehavior [ RunTime:0.000000s ]
INFO: [ template_filter ] --END-- [ RunTime:0.000000s ]
INFO: Run Behavior\ParseTemplateBehavior [ RunTime:0.016001s ]
INFO: [ view_parse ] --END-- [ RunTime:0.016001s ]
INFO: [ view_filter ] --START--
INFO: Run Behavior\WriteHtmlCacheBehavior [ RunTime:0.001000s ]
INFO: [ view_filter ] --END-- [ RunTime:0.001000s ]
INFO: [ app_end ] --START--
INFO: Run Behavior\ShowPageTraceBehavior [ RunTime:0.001000s ]
INFO: [ app_end ] --END-- [ RunTime:0.001000s ]

[ 2016-11-17T10:19:40+08:00 ] 192.168.9.186 /datadic/index.php/Home/index/assets/js/ie-emulation-modes-warning.js
INFO: [ app_init ] --START--
INFO: Run Behavior\BuildLiteBehavior [ RunTime:0.000000s ]
INFO: [ app_init ] --END-- [ RunTime:0.001000s ]
INFO: [ app_begin ] --START--
INFO: Run Behavior\ReadHtmlCacheBehavior [ RunTime:0.002000s ]
INFO: [ app_begin ] --END-- [ RunTime:0.002000s ]
SQL: SHOW COLUMNS FROM `sp_information_schema_tables` [ RunTime:0.0010s ]
SQL: SHOW COLUMNS FROM `sp_information_schema_columns` [ RunTime:0.0010s ]
ERR: 非法操作:assets

[ 2016-11-17T10:19:40+08:00 ] 192.168.9.186 /datadic/index.php/Home/index/assets/js/ie10-viewport-bug-workaround.js
INFO: [ app_init ] --START--
INFO: Run Behavior\BuildLiteBehavior [ RunTime:0.000000s ]
INFO: [ app_init ] --END-- [ RunTime:0.001001s ]
INFO: [ app_begin ] --START--
INFO: Run Behavior\ReadHtmlCacheBehavior [ RunTime:0.001000s ]
INFO: [ app_begin ] --END-- [ RunTime:0.001000s ]
SQL: SHOW COLUMNS FROM `sp_information_schema_tables` [ RunTime:0.0000s ]
SQL: SHOW COLUMNS FROM `sp_information_schema_columns` [ RunTime:0.0010s ]
ERR: 非法操作:assets

[ 2016-11-17T10:19:40+08:00 ] 192.168.9.186 /datadic/index.php/Home/index/favicon.ico
INFO: [ app_init ] --START--
INFO: Run Behavior\BuildLiteBehavior [ RunTime:0.001000s ]
INFO: [ app_init ] --END-- [ RunTime:0.001000s ]

